     1 00000000                                 [FORMAT "WCOFF"]
     2 00000000                                 [INSTRSET "i486p"]
     3 00000000                                 [OPTIMIZE 1]
     4 00000000                                 [OPTION 1]
     5 00000000                                 [BITS 32]
     6 00000000                                 	EXTERN	_memtest
     7 00000000                                 	EXTERN	_memman_init
     8 00000000                                 	EXTERN	_memman_free
     9 00000000                                 	EXTERN	_init_palette
    10 00000000                                 	EXTERN	_shtctl_init
    11 00000000                                 	EXTERN	_sheet_alloc
    12 00000000                                 	EXTERN	_memman_alloc_4k
    13 00000000                                 	EXTERN	_sheet_setbuf
    14 00000000                                 	EXTERN	_init_screen8
    15 00000000                                 	EXTERN	_init_mouse_cursor8
    16 00000000                                 	EXTERN	_sheet_slide
    17 00000000                                 	EXTERN	_sheet_updown
    18 00000000                                 	EXTERN	_io_loop
    19 00000000                                 	EXTERN	_change_wtitle8
    20 00000000                                 	EXTERN	_io_cli
    21 00000000                                 	EXTERN	_fifo32_put
    22 00000000                                 	EXTERN	_io_sti
    23 00000000                                 	EXTERN	_task_alloc
    24 00000000                                 	EXTERN	_console_task
    25 00000000                                 	EXTERN	_task_run
    26 00000000                                 	EXTERN	_fifo32_init
    27 00000000                                 	EXTERN	_make_window8
    28 00000000                                 	EXTERN	_make_textbox8
    29 00000000                                 	EXTERN	_dbg_putstr0
    30 00000000                                 	EXTERN	_task_sleep
    31 00000000                                 	EXTERN	_memman_free_4k
    32 00000000                                 	EXTERN	_sheet_free
    33 00000000                                 	EXTERN	_sprintf
    34 00000000                                 	EXTERN	_putfonts8_asc
    35 00000000                                 	EXTERN	_taskmgr_task
    36 00000000                                 	EXTERN	_task_free
    37 00000000                                 	EXTERN	_make_menu8
    38 00000000                                 	EXTERN	_push_menu
    39 00000000                                 	EXTERN	_sheet_refresh
    40 00000000                                 	EXTERN	_pull_menu
    41 00000000                                 	EXTERN	_change_mtitle8
    42 00000000                                 	EXTERN	_strcmp
    43 00000000                                 	EXTERN	_strcpy
    44 00000000                                 [FILE "bootpack.c"]
    45                                          [SECTION .text]
    46 00000000                                 	GLOBAL	_HariMain
    47 00000000                                 _HariMain:
    48 00000000 55                              	PUSH	EBP
    49 00000001 89 E5                           	MOV	EBP,ESP
    50 00000003 57                              	PUSH	EDI
    51 00000004 56                              	PUSH	ESI
    52 00000005 53                              	PUSH	EBX
    53 00000006 81 EC 00000204                  	SUB	ESP,516
    54 0000000C 68 BFFFFFFF                     	PUSH	-1073741825
    55 00000011 68 00400000                     	PUSH	4194304
    56 00000016 E8 [00000000]                   	CALL	_memtest
    57 0000001B 68 003C0000                     	PUSH	3932160
    58 00000020 89 C3                           	MOV	EBX,EAX
    59 00000022 E8 [00000000]                   	CALL	_memman_init
    60 00000027 68 0009E000                     	PUSH	647168
    61 0000002C 68 00010000                     	PUSH	65536
    62 00000031 68 003C0000                     	PUSH	3932160
    63 00000036 E8 [00000000]                   	CALL	_memman_free
    64 0000003B 8D 83 FFC00000                  	LEA	EAX,DWORD [-4194304+EBX]
    65 00000041 50                              	PUSH	EAX
    66 00000042 68 00400000                     	PUSH	4194304
    67 00000047 68 003C0000                     	PUSH	3932160
    68 0000004C E8 [00000000]                   	CALL	_memman_free
    69 00000051 83 C4 24                        	ADD	ESP,36
    70 00000054 E8 [00000000]                   	CALL	_init_palette
    71 00000059 0F BF 05 000005F6               	MOVSX	EAX,WORD [1526]
    72 00000060 50                              	PUSH	EAX
    73 00000061 0F BF 05 000005F4               	MOVSX	EAX,WORD [1524]
    74 00000068 50                              	PUSH	EAX
    75 00000069 FF 35 000005F8                  	PUSH	DWORD [1528]
    76 0000006F 68 003C0000                     	PUSH	3932160
    77 00000074 E8 [00000000]                   	CALL	_shtctl_init
    78 00000079 89 C6                           	MOV	ESI,EAX
    79 0000007B 50                              	PUSH	EAX
    80 0000007C E8 [00000000]                   	CALL	_sheet_alloc
    81 00000081 0F BF 15 000005F6               	MOVSX	EDX,WORD [1526]
    82 00000088 89 85 FFFFFDF0                  	MOV	DWORD [-528+EBP],EAX
    83 0000008E 0F BF 05 000005F4               	MOVSX	EAX,WORD [1524]
    84 00000095 0F AF C2                        	IMUL	EAX,EDX
    85 00000098 01 C0                           	ADD	EAX,EAX
    86 0000009A 50                              	PUSH	EAX
    87 0000009B 68 003C0000                     	PUSH	3932160
    88 000000A0 E8 [00000000]                   	CALL	_memman_alloc_4k
    89 000000A5 6A FF                           	PUSH	-1
    90 000000A7 89 C3                           	MOV	EBX,EAX
    91 000000A9 0F BF 05 000005F6               	MOVSX	EAX,WORD [1526]
    92 000000B0 50                              	PUSH	EAX
    93 000000B1 0F BF 05 000005F4               	MOVSX	EAX,WORD [1524]
    94 000000B8 50                              	PUSH	EAX
    95 000000B9 53                              	PUSH	EBX
    96 000000BA FF B5 FFFFFDF0                  	PUSH	DWORD [-528+EBP]
    97 000000C0 E8 [00000000]                   	CALL	_sheet_setbuf
    98 000000C5 83 C4 30                        	ADD	ESP,48
    99 000000C8 0F BF 05 000005F6               	MOVSX	EAX,WORD [1526]
   100 000000CF 50                              	PUSH	EAX
   101 000000D0 0F BF 05 000005F4               	MOVSX	EAX,WORD [1524]
   102 000000D7 50                              	PUSH	EAX
   103 000000D8 53                              	PUSH	EBX
   104 000000D9 8D 9D FFFFFDF4                  	LEA	EBX,DWORD [-524+EBP]
   105 000000DF E8 [00000000]                   	CALL	_init_screen8
   106 000000E4 56                              	PUSH	ESI
   107 000000E5 E8 [00000000]                   	CALL	_sheet_alloc
   108 000000EA 6A 63                           	PUSH	99
   109 000000EC 6A 10                           	PUSH	16
   110 000000EE 89 C6                           	MOV	ESI,EAX
   111 000000F0 6A 10                           	PUSH	16
   112 000000F2 53                              	PUSH	EBX
   113 000000F3 50                              	PUSH	EAX
   114 000000F4 E8 [00000000]                   	CALL	_sheet_setbuf
   115 000000F9 83 C4 24                        	ADD	ESP,36
   116 000000FC 6A 63                           	PUSH	99
   117 000000FE 53                              	PUSH	EBX
   118 000000FF E8 [00000000]                   	CALL	_init_mouse_cursor8
   119 00000104 B9 00000002                     	MOV	ECX,2
   120 00000109 0F BF 05 000005F4               	MOVSX	EAX,WORD [1524]
   121 00000110 8D 50 F0                        	LEA	EDX,DWORD [-16+EAX]
   122 00000113 89 D0                           	MOV	EAX,EDX
   123 00000115 99                              	CDQ
   124 00000116 F7 F9                           	IDIV	ECX
   125 00000118 0F BF 15 000005F6               	MOVSX	EDX,WORD [1526]
   126 0000011F 83 EA 2C                        	SUB	EDX,44
   127 00000122 89 C7                           	MOV	EDI,EAX
   128 00000124 89 D0                           	MOV	EAX,EDX
   129 00000126 6A 00                           	PUSH	0
   130 00000128 99                              	CDQ
   131 00000129 F7 F9                           	IDIV	ECX
   132 0000012B 6A 00                           	PUSH	0
   133 0000012D 89 C3                           	MOV	EBX,EAX
   134 0000012F FF B5 FFFFFDF0                  	PUSH	DWORD [-528+EBP]
   135 00000135 E8 [00000000]                   	CALL	_sheet_slide
   136 0000013A 53                              	PUSH	EBX
   137 0000013B 57                              	PUSH	EDI
   138 0000013C 56                              	PUSH	ESI
   139 0000013D E8 [00000000]                   	CALL	_sheet_slide
   140 00000142 83 C4 20                        	ADD	ESP,32
   141 00000145 6A 00                           	PUSH	0
   142 00000147 FF B5 FFFFFDF0                  	PUSH	DWORD [-528+EBP]
   143 0000014D E8 [00000000]                   	CALL	_sheet_updown
   144 00000152 6A 03                           	PUSH	3
   145 00000154 56                              	PUSH	ESI
   146 00000155 E8 [00000000]                   	CALL	_sheet_updown
   147 0000015A 83 C4 10                        	ADD	ESP,16
   148 0000015D                                 L2:
   149 0000015D E8 [00000000]                   	CALL	_io_loop
   150 00000162 EB F9                           	JMP	L2
   151 00000164                                 	GLOBAL	_keywin_off
   152 00000164                                 _keywin_off:
   153 00000164 55                              	PUSH	EBP
   154 00000165 89 E5                           	MOV	EBP,ESP
   155 00000167 53                              	PUSH	EBX
   156 00000168 8B 5D 08                        	MOV	EBX,DWORD [8+EBP]
   157 0000016B 6A 00                           	PUSH	0
   158 0000016D 53                              	PUSH	EBX
   159 0000016E E8 [00000000]                   	CALL	_change_wtitle8
   160 00000173 F6 43 1C 20                     	TEST	BYTE [28+EBX],32
   161 00000177 59                              	POP	ECX
   162 00000178 58                              	POP	EAX
   163 00000179 75 05                           	JNE	L7
   164 0000017B 8B 5D FC                        	MOV	EBX,DWORD [-4+EBP]
   165 0000017E C9                              	LEAVE
   166 0000017F C3                              	RET
   167 00000180                                 L7:
   168 00000180 E8 [00000000]                   	CALL	_io_cli
   169 00000185 6A 03                           	PUSH	3
   170 00000187 8B 43 24                        	MOV	EAX,DWORD [36+EBX]
   171 0000018A 83 C0 10                        	ADD	EAX,16
   172 0000018D 50                              	PUSH	EAX
   173 0000018E E8 [00000000]                   	CALL	_fifo32_put
   174 00000193 8B 5D FC                        	MOV	EBX,DWORD [-4+EBP]
   175 00000196 58                              	POP	EAX
   176 00000197 5A                              	POP	EDX
   177 00000198 C9                              	LEAVE
   178 00000199 E9 [00000000]                   	JMP	_io_sti
   179 0000019E                                 	GLOBAL	_keywin_on
   180 0000019E                                 _keywin_on:
   181 0000019E 55                              	PUSH	EBP
   182 0000019F 89 E5                           	MOV	EBP,ESP
   183 000001A1 53                              	PUSH	EBX
   184 000001A2 8B 5D 08                        	MOV	EBX,DWORD [8+EBP]
   185 000001A5 6A 01                           	PUSH	1
   186 000001A7 53                              	PUSH	EBX
   187 000001A8 E8 [00000000]                   	CALL	_change_wtitle8
   188 000001AD F6 43 1C 20                     	TEST	BYTE [28+EBX],32
   189 000001B1 59                              	POP	ECX
   190 000001B2 58                              	POP	EAX
   191 000001B3 75 05                           	JNE	L10
   192 000001B5 8B 5D FC                        	MOV	EBX,DWORD [-4+EBP]
   193 000001B8 C9                              	LEAVE
   194 000001B9 C3                              	RET
   195 000001BA                                 L10:
   196 000001BA E8 [00000000]                   	CALL	_io_cli
   197 000001BF 6A 02                           	PUSH	2
   198 000001C1 8B 43 24                        	MOV	EAX,DWORD [36+EBX]
   199 000001C4 83 C0 10                        	ADD	EAX,16
   200 000001C7 50                              	PUSH	EAX
   201 000001C8 E8 [00000000]                   	CALL	_fifo32_put
   202 000001CD 8B 5D FC                        	MOV	EBX,DWORD [-4+EBP]
   203 000001D0 58                              	POP	EAX
   204 000001D1 5A                              	POP	EDX
   205 000001D2 C9                              	LEAVE
   206 000001D3 E9 [00000000]                   	JMP	_io_sti
   207 000001D8                                 	GLOBAL	_open_constask
   208 000001D8                                 _open_constask:
   209 000001D8 55                              	PUSH	EBP
   210 000001D9 89 E5                           	MOV	EBP,ESP
   211 000001DB 56                              	PUSH	ESI
   212 000001DC 53                              	PUSH	EBX
   213 000001DD E8 [00000000]                   	CALL	_task_alloc
   214 000001E2 68 00000200                     	PUSH	512
   215 000001E7 68 003C0000                     	PUSH	3932160
   216 000001EC 89 C3                           	MOV	EBX,EAX
   217 000001EE E8 [00000000]                   	CALL	_memman_alloc_4k
   218 000001F3 68 00010000                     	PUSH	65536
   219 000001F8 68 003C0000                     	PUSH	3932160
   220 000001FD 89 C6                           	MOV	ESI,EAX
   221 000001FF E8 [00000000]                   	CALL	_memman_alloc_4k
   222 00000204 C7 83 000000BE 736E6F63         	MOV	DWORD [190+EBX],1936617315
   223 0000020E C7 83 000000C2 00656C6F         	MOV	DWORD [194+EBX],6646895
   224 00000218 89 83 000000AC                  	MOV	DWORD [172+EBX],EAX
   225 0000021E 8B 55 08                        	MOV	EDX,DWORD [8+EBP]
   226 00000221 05 0000FFF4                     	ADD	EAX,65524
   227 00000226 89 43 64                        	MOV	DWORD [100+EBX],EAX
   228 00000229 C7 43 4C [00000000]             	MOV	DWORD [76+EBX],_console_task
   229 00000230 C7 43 74 00000008               	MOV	DWORD [116+EBX],8
   230 00000237 C7 43 78 00000010               	MOV	DWORD [120+EBX],16
   231 0000023E C7 43 7C 00000008               	MOV	DWORD [124+EBX],8
   232 00000245 C7 83 00000080 00000008         	MOV	DWORD [128+EBX],8
   233 0000024F C7 83 00000084 00000008         	MOV	DWORD [132+EBX],8
   234 00000259 C7 83 00000088 00000008         	MOV	DWORD [136+EBX],8
   235 00000263 89 50 04                        	MOV	DWORD [4+EAX],EDX
   236 00000266 8B 53 64                        	MOV	EDX,DWORD [100+EBX]
   237 00000269 8B 45 0C                        	MOV	EAX,DWORD [12+EBP]
   238 0000026C 89 42 08                        	MOV	DWORD [8+EDX],EAX
   239 0000026F 6A 02                           	PUSH	2
   240 00000271 6A 03                           	PUSH	3
   241 00000273 53                              	PUSH	EBX
   242 00000274 E8 [00000000]                   	CALL	_task_run
   243 00000279 8D 43 10                        	LEA	EAX,DWORD [16+EBX]
   244 0000027C 53                              	PUSH	EBX
   245 0000027D 56                              	PUSH	ESI
   246 0000027E 68 00000080                     	PUSH	128
   247 00000283 50                              	PUSH	EAX
   248 00000284 E8 [00000000]                   	CALL	_fifo32_init
   249 00000289 8D 65 F8                        	LEA	ESP,DWORD [-8+EBP]
   250 0000028C 89 D8                           	MOV	EAX,EBX
   251 0000028E 5B                              	POP	EBX
   252 0000028F 5E                              	POP	ESI
   253 00000290 5D                              	POP	EBP
   254 00000291 C3                              	RET
   255                                          [SECTION .data]
   256 00000000                                 LC0:
   257 00000000 63 6F 6E 73 6F 6C 65 00         	DB	"console",0x00
   258 00000008                                 LC1:
   259 00000008 6F 70 65 6E 20 63 6F 6E 73 6F   	DB	"open console",0x0A,0x00
       00000012 6C 65 0A 00 
   260                                          [SECTION .text]
   261 00000292                                 	GLOBAL	_open_console
   262 00000292                                 _open_console:
   263 00000292 55                              	PUSH	EBP
   264 00000293 89 E5                           	MOV	EBP,ESP
   265 00000295 56                              	PUSH	ESI
   266 00000296 53                              	PUSH	EBX
   267 00000297 FF 75 08                        	PUSH	DWORD [8+EBP]
   268 0000029A E8 [00000000]                   	CALL	_sheet_alloc
   269 0000029F 68 00075300                     	PUSH	480000
   270 000002A4 68 003C0000                     	PUSH	3932160
   271 000002A9 89 C3                           	MOV	EBX,EAX
   272 000002AB E8 [00000000]                   	CALL	_memman_alloc_4k
   273 000002B0 6A FF                           	PUSH	-1
   274 000002B2 68 00000190                     	PUSH	400
   275 000002B7 89 C6                           	MOV	ESI,EAX
   276 000002B9 68 00000258                     	PUSH	600
   277 000002BE 50                              	PUSH	EAX
   278 000002BF 53                              	PUSH	EBX
   279 000002C0 E8 [00000000]                   	CALL	_sheet_setbuf
   280 000002C5 83 C4 20                        	ADD	ESP,32
   281 000002C8 6A 00                           	PUSH	0
   282 000002CA 68 [00000000]                   	PUSH	LC0
   283 000002CF 68 00000190                     	PUSH	400
   284 000002D4 68 00000258                     	PUSH	600
   285 000002D9 56                              	PUSH	ESI
   286 000002DA E8 [00000000]                   	CALL	_make_window8
   287 000002DF 6A 00                           	PUSH	0
   288 000002E1 68 0000016B                     	PUSH	363
   289 000002E6 68 00000248                     	PUSH	584
   290 000002EB 6A 1C                           	PUSH	28
   291 000002ED 6A 08                           	PUSH	8
   292 000002EF 53                              	PUSH	EBX
   293 000002F0 E8 [00000000]                   	CALL	_make_textbox8
   294 000002F5 83 C4 2C                        	ADD	ESP,44
   295 000002F8 FF 75 0C                        	PUSH	DWORD [12+EBP]
   296 000002FB 53                              	PUSH	EBX
   297 000002FC E8 FFFFFED7                     	CALL	_open_constask
   298 00000301 83 4B 1C 20                     	OR	DWORD [28+EBX],32
   299 00000305 89 43 24                        	MOV	DWORD [36+EBX],EAX
   300 00000308 6A 01                           	PUSH	1
   301 0000030A 68 [00000008]                   	PUSH	LC1
   302 0000030F E8 [00000000]                   	CALL	_dbg_putstr0
   303 00000314 8D 65 F8                        	LEA	ESP,DWORD [-8+EBP]
   304 00000317 89 D8                           	MOV	EAX,EBX
   305 00000319 5B                              	POP	EBX
   306 0000031A 5E                              	POP	ESI
   307 0000031B 5D                              	POP	EBP
   308 0000031C C3                              	RET
   309                                          [SECTION .data]
   310 00000016                                 LC2:
   311 00000016 63 6C 6F 73 65 20 63 6F 6E 73   	DB	"close console",0x0A,0x00
       00000020 6F 6C 65 0A 00 
   312                                          [SECTION .text]
   313 0000031D                                 	GLOBAL	_close_constask
   314 0000031D                                 _close_constask:
   315 0000031D 55                              	PUSH	EBP
   316 0000031E 89 E5                           	MOV	EBP,ESP
   317 00000320 53                              	PUSH	EBX
   318 00000321 8B 5D 08                        	MOV	EBX,DWORD [8+EBP]
   319 00000324 53                              	PUSH	EBX
   320 00000325 E8 [00000000]                   	CALL	_task_sleep
   321 0000032A 68 00010000                     	PUSH	65536
   322 0000032F FF B3 000000AC                  	PUSH	DWORD [172+EBX]
   323 00000335 68 003C0000                     	PUSH	3932160
   324 0000033A E8 [00000000]                   	CALL	_memman_free_4k
   325 0000033F 68 00000200                     	PUSH	512
   326 00000344 FF 73 10                        	PUSH	DWORD [16+EBX]
   327 00000347 68 003C0000                     	PUSH	3932160
   328 0000034C E8 [00000000]                   	CALL	_memman_free_4k
   329 00000351 C7 43 04 00000000               	MOV	DWORD [4+EBX],0
   330 00000358 6A 01                           	PUSH	1
   331 0000035A 68 [00000016]                   	PUSH	LC2
   332 0000035F E8 [00000000]                   	CALL	_dbg_putstr0
   333 00000364 8B 5D FC                        	MOV	EBX,DWORD [-4+EBP]
   334 00000367 C9                              	LEAVE
   335 00000368 C3                              	RET
   336 00000369                                 	GLOBAL	_close_console
   337 00000369                                 _close_console:
   338 00000369 55                              	PUSH	EBP
   339 0000036A 89 E5                           	MOV	EBP,ESP
   340 0000036C 56                              	PUSH	ESI
   341 0000036D 53                              	PUSH	EBX
   342 0000036E 8B 5D 08                        	MOV	EBX,DWORD [8+EBP]
   343 00000371 8B 73 24                        	MOV	ESI,DWORD [36+EBX]
   344 00000374 68 00075300                     	PUSH	480000
   345 00000379 FF 33                           	PUSH	DWORD [EBX]
   346 0000037B 68 003C0000                     	PUSH	3932160
   347 00000380 E8 [00000000]                   	CALL	_memman_free_4k
   348 00000385 53                              	PUSH	EBX
   349 00000386 E8 [00000000]                   	CALL	_sheet_free
   350 0000038B 89 75 08                        	MOV	DWORD [8+EBP],ESI
   351 0000038E 83 C4 10                        	ADD	ESP,16
   352 00000391 8D 65 F8                        	LEA	ESP,DWORD [-8+EBP]
   353 00000394 5B                              	POP	EBX
   354 00000395 5E                              	POP	ESI
   355 00000396 5D                              	POP	EBP
   356 00000397 EB 84                           	JMP	_close_constask
   357                                          [SECTION .data]
   358 00000025                                 LC3:
   359 00000025 5B 25 73 5D 00                  	DB	"[%s]",0x00
   360                                          [SECTION .text]
   361 00000399                                 	GLOBAL	_debug_msg
   362 00000399                                 _debug_msg:
   363 00000399 55                              	PUSH	EBP
   364 0000039A 89 E5                           	MOV	EBP,ESP
   365 0000039C 57                              	PUSH	EDI
   366 0000039D 56                              	PUSH	ESI
   367 0000039E 53                              	PUSH	EBX
   368 0000039F 8D 5D 84                        	LEA	EBX,DWORD [-124+EBP]
   369 000003A2 83 EC 70                        	SUB	ESP,112
   370 000003A5 8B 35 00000FE4                  	MOV	ESI,DWORD [4068]
   371 000003AB FF 75 0C                        	PUSH	DWORD [12+EBP]
   372 000003AE 68 [00000025]                   	PUSH	LC3
   373 000003B3 8D BE 00000414                  	LEA	EDI,DWORD [1044+ESI]
   374 000003B9 53                              	PUSH	EBX
   375 000003BA E8 [00000000]                   	CALL	_sprintf
   376 000003BF 53                              	PUSH	EBX
   377 000003C0 6B 45 08 14                     	IMUL	EAX,DWORD [8+EBP],20
   378 000003C4 6A 01                           	PUSH	1
   379 000003C6 83 C0 06                        	ADD	EAX,6
   380 000003C9 6A 00                           	PUSH	0
   381 000003CB 50                              	PUSH	EAX
   382 000003CC 6A 38                           	PUSH	56
   383 000003CE FF 77 04                        	PUSH	DWORD [4+EDI]
   384 000003D1 FF B6 00000414                  	PUSH	DWORD [1044+ESI]
   385 000003D7 E8 [00000000]                   	CALL	_putfonts8_asc
   386 000003DC 8D 65 F4                        	LEA	ESP,DWORD [-12+EBP]
   387 000003DF 5B                              	POP	EBX
   388 000003E0 5E                              	POP	ESI
   389 000003E1 5F                              	POP	EDI
   390 000003E2 5D                              	POP	EBP
   391 000003E3 C3                              	RET
   392                                          [SECTION .data]
   393 0000002A                                 LC4:
   394 0000002A 6F 70 65 6E 20 74 61 73 6B 6D   	DB	"open taskmgr",0x0A,0x00
       00000034 67 72 0A 00 
   395                                          [SECTION .text]
   396 000003E4                                 	GLOBAL	_open_taskmgr
   397 000003E4                                 _open_taskmgr:
   398 000003E4 55                              	PUSH	EBP
   399 000003E5 89 E5                           	MOV	EBP,ESP
   400 000003E7 56                              	PUSH	ESI
   401 000003E8 53                              	PUSH	EBX
   402 000003E9 A1 00000FE4                     	MOV	EAX,DWORD [4068]
   403 000003EE 83 3D [000005B8] 00             	CMP	DWORD [_taskmgr],0
   404 000003F5 74 2E                           	JE	L17
   405 000003F7 31 F6                           	XOR	ESI,ESI
   406 000003F9 8D 98 00000414                  	LEA	EBX,DWORD [1044+EAX]
   407 000003FF                                 L23:
   408 000003FF A1 [000005B8]                   	MOV	EAX,DWORD [_taskmgr]
   409 00000404 39 43 24                        	CMP	DWORD [36+EBX],EAX
   410 00000407 74 13                           	JE	L25
   411 00000409                                 L20:
   412 00000409 46                              	INC	ESI
   413 0000040A 83 C3 2C                        	ADD	EBX,44
   414 0000040D 81 FE 000000FF                  	CMP	ESI,255
   415 00000413 7E EA                           	JLE	L23
   416 00000415                                 L16:
   417 00000415 8D 65 F8                        	LEA	ESP,DWORD [-8+EBP]
   418 00000418 5B                              	POP	EBX
   419 00000419 5E                              	POP	ESI
   420 0000041A 5D                              	POP	EBP
   421 0000041B C3                              	RET
   422 0000041C                                 L25:
   423 0000041C 53                              	PUSH	EBX
   424 0000041D E8 FFFFFD7C                     	CALL	_keywin_on
   425 00000422 58                              	POP	EAX
   426 00000423 EB E4                           	JMP	L20
   427 00000425                                 L17:
   428 00000425 E8 [00000000]                   	CALL	_task_alloc
   429 0000042A 68 00000200                     	PUSH	512
   430 0000042F 68 003C0000                     	PUSH	3932160
   431 00000434 A3 [000005B8]                   	MOV	DWORD [_taskmgr],EAX
   432 00000439 E8 [00000000]                   	CALL	_memman_alloc_4k
   433 0000043E 68 00010000                     	PUSH	65536
   434 00000443 68 003C0000                     	PUSH	3932160
   435 00000448 89 C6                           	MOV	ESI,EAX
   436 0000044A 8B 1D [000005B8]                	MOV	EBX,DWORD [_taskmgr]
   437 00000450 E8 [00000000]                   	CALL	_memman_alloc_4k
   438 00000455 05 0000FFF8                     	ADD	EAX,65528
   439 0000045A 89 43 64                        	MOV	DWORD [100+EBX],EAX
   440 0000045D A1 [000005B8]                   	MOV	EAX,DWORD [_taskmgr]
   441 00000462 C7 80 000000BE 6B736174         	MOV	DWORD [190+EAX],1802723700
   442 0000046C C7 80 000000C2 0072676D         	MOV	DWORD [194+EAX],7497581
   443 00000476 8B 15 [000005B8]                	MOV	EDX,DWORD [_taskmgr]
   444 0000047C C7 40 4C [00000000]             	MOV	DWORD [76+EAX],_taskmgr_task
   445 00000483 8B 4A 64                        	MOV	ECX,DWORD [100+EDX]
   446 00000486 C7 40 74 00000008               	MOV	DWORD [116+EAX],8
   447 0000048D C7 40 78 00000010               	MOV	DWORD [120+EAX],16
   448 00000494 C7 40 7C 00000008               	MOV	DWORD [124+EAX],8
   449 0000049B C7 80 00000080 00000008         	MOV	DWORD [128+EAX],8
   450 000004A5 C7 80 00000084 00000008         	MOV	DWORD [132+EAX],8
   451 000004AF C7 80 00000088 00000008         	MOV	DWORD [136+EAX],8
   452 000004B9 8B 45 08                        	MOV	EAX,DWORD [8+EBP]
   453 000004BC C7 82 000000D0 00000000         	MOV	DWORD [208+EDX],0
   454 000004C6 89 41 04                        	MOV	DWORD [4+ECX],EAX
   455 000004C9 6A 02                           	PUSH	2
   456 000004CB 6A 02                           	PUSH	2
   457 000004CD 52                              	PUSH	EDX
   458 000004CE E8 [00000000]                   	CALL	_task_run
   459 000004D3 A1 [000005B8]                   	MOV	EAX,DWORD [_taskmgr]
   460 000004D8 FF 35 [000005B8]                	PUSH	DWORD [_taskmgr]
   461 000004DE 56                              	PUSH	ESI
   462 000004DF 83 C0 10                        	ADD	EAX,16
   463 000004E2 68 00000080                     	PUSH	128
   464 000004E7 50                              	PUSH	EAX
   465 000004E8 E8 [00000000]                   	CALL	_fifo32_init
   466 000004ED 83 C4 2C                        	ADD	ESP,44
   467 000004F0 6A 01                           	PUSH	1
   468 000004F2 68 [0000002A]                   	PUSH	LC4
   469 000004F7 E8 [00000000]                   	CALL	_dbg_putstr0
   470 000004FC E9 FFFFFF14                     	JMP	L16
   471                                          [SECTION .data]
   472 00000038                                 LC5:
   473 00000038 63 6C 6F 73 65 20 74 61 73 6B   	DB	"close taskmgr",0x0A,0x00
       00000042 6D 67 72 0A 00 
   474                                          [SECTION .text]
   475 00000501                                 	GLOBAL	_close_taskmgr
   476 00000501                                 _close_taskmgr:
   477 00000501 55                              	PUSH	EBP
   478 00000502 89 E5                           	MOV	EBP,ESP
   479 00000504 FF 35 [000005B8]                	PUSH	DWORD [_taskmgr]
   480 0000050A E8 [00000000]                   	CALL	_task_sleep
   481 0000050F A1 [000005B8]                   	MOV	EAX,DWORD [_taskmgr]
   482 00000514 68 00000200                     	PUSH	512
   483 00000519 FF 70 10                        	PUSH	DWORD [16+EAX]
   484 0000051C 68 003C0000                     	PUSH	3932160
   485 00000521 E8 [00000000]                   	CALL	_memman_free_4k
   486 00000526 FF 35 [000005B8]                	PUSH	DWORD [_taskmgr]
   487 0000052C E8 [00000000]                   	CALL	_task_free
   488 00000531 6A 01                           	PUSH	1
   489 00000533 68 [00000038]                   	PUSH	LC5
   490 00000538 C7 05 [000005B8] 00000000       	MOV	DWORD [_taskmgr],0
   491 00000542 E8 [00000000]                   	CALL	_dbg_putstr0
   492 00000547 C9                              	LEAVE
   493 00000548 C3                              	RET
   494                                          [SECTION .data]
   495 00000047                                 LC6:
   496 00000047 4F 53 20 4D 65 6E 75 00         	DB	"OS Menu",0x00
   497                                          [SECTION .text]
   498 00000549                                 	GLOBAL	_open_menu
   499 00000549                                 _open_menu:
   500 00000549 55                              	PUSH	EBP
   501 0000054A 89 E5                           	MOV	EBP,ESP
   502 0000054C 57                              	PUSH	EDI
   503 0000054D 56                              	PUSH	ESI
   504 0000054E 53                              	PUSH	EBX
   505 0000054F 83 EC 0C                        	SUB	ESP,12
   506 00000552 A1 00000FE4                     	MOV	EAX,DWORD [4068]
   507 00000557 8B 5D 08                        	MOV	EBX,DWORD [8+EBP]
   508 0000055A 89 45 F0                        	MOV	DWORD [-16+EBP],EAX
   509 0000055D 8B 7D 0C                        	MOV	EDI,DWORD [12+EBP]
   510 00000560 8B 45 10                        	MOV	EAX,DWORD [16+EBP]
   511 00000563 C7 45 EC 00000000               	MOV	DWORD [-20+EBP],0
   512 0000056A 83 C0 34                        	ADD	EAX,52
   513 0000056D                                 L33:
   514 0000056D 83 38 00                        	CMP	DWORD [EAX],0
   515 00000570 74 0F                           	JE	L29
   516 00000572 FF 45 EC                        	INC	DWORD [-20+EBP]
   517 00000575 83 C0 3C                        	ADD	EAX,60
   518 00000578 81 7D EC 000000FF               	CMP	DWORD [-20+EBP],255
   519 0000057F 7E EC                           	JLE	L33
   520 00000581                                 L29:
   521 00000581 8B 55 10                        	MOV	EDX,DWORD [16+EBP]
   522 00000584 FF 45 EC                        	INC	DWORD [-20+EBP]
   523 00000587 83 3A 00                        	CMP	DWORD [EDX],0
   524 0000058A 0F 84 000000E6                  	JE	L40
   525 00000590                                 L34:
   526 00000590 6B 45 EC 1A                     	IMUL	EAX,DWORD [-20+EBP],26
   527 00000594 8B 55 10                        	MOV	EDX,DWORD [16+EBP]
   528 00000597 8D 70 02                        	LEA	ESI,DWORD [2+EAX]
   529 0000059A 83 3A 00                        	CMP	DWORD [EDX],0
   530 0000059D 75 03                           	JNE	L35
   531 0000059F 8D 70 14                        	LEA	ESI,DWORD [20+EAX]
   532 000005A2                                 L35:
   533 000005A2 FF 75 F0                        	PUSH	DWORD [-16+EBP]
   534 000005A5 E8 [00000000]                   	CALL	_sheet_alloc
   535 000005AA 81 48 1C 00000100               	OR	DWORD [28+EAX],256
   536 000005B1 89 47 04                        	MOV	DWORD [4+EDI],EAX
   537 000005B4 89 F0                           	MOV	EAX,ESI
   538 000005B6 69 C0 00000090                  	IMUL	EAX,EAX,144
   539 000005BC 01 C0                           	ADD	EAX,EAX
   540 000005BE 50                              	PUSH	EAX
   541 000005BF 68 003C0000                     	PUSH	3932160
   542 000005C4 E8 [00000000]                   	CALL	_memman_alloc_4k
   543 000005C9 89 47 08                        	MOV	DWORD [8+EDI],EAX
   544 000005CC 6A FF                           	PUSH	-1
   545 000005CE 56                              	PUSH	ESI
   546 000005CF 68 00000090                     	PUSH	144
   547 000005D4 50                              	PUSH	EAX
   548 000005D5 FF 77 04                        	PUSH	DWORD [4+EDI]
   549 000005D8 E8 [00000000]                   	CALL	_sheet_setbuf
   550 000005DD 83 C4 20                        	ADD	ESP,32
   551 000005E0 FF 75 EC                        	PUSH	DWORD [-20+EBP]
   552 000005E3 FF 75 10                        	PUSH	DWORD [16+EBP]
   553 000005E6 68 [00000047]                   	PUSH	LC6
   554 000005EB 56                              	PUSH	ESI
   555 000005EC 68 00000090                     	PUSH	144
   556 000005F1 FF 77 08                        	PUSH	DWORD [8+EDI]
   557 000005F4 E8 [00000000]                   	CALL	_make_menu8
   558 000005F9 8B 55 10                        	MOV	EDX,DWORD [16+EBP]
   559 000005FC 83 C4 18                        	ADD	ESP,24
   560 000005FF 8B 02                           	MOV	EAX,DWORD [EDX]
   561 00000601 85 C0                           	TEST	EAX,EAX
   562 00000603 75 48                           	JNE	L36
   563 00000605 8B 55 F0                        	MOV	EDX,DWORD [-16+EBP]
   564 00000608 C7 45 E8 00000000               	MOV	DWORD [-24+EBP],0
   565 0000060F 8B 42 0C                        	MOV	EAX,DWORD [12+EDX]
   566 00000612 29 F0                           	SUB	EAX,ESI
   567 00000614 83 E8 1C                        	SUB	EAX,28
   568 00000617                                 L37:
   569 00000617 50                              	PUSH	EAX
   570 00000618 FF 75 E8                        	PUSH	DWORD [-24+EBP]
   571 0000061B FF 77 04                        	PUSH	DWORD [4+EDI]
   572 0000061E E8 [00000000]                   	CALL	_sheet_slide
   573 00000623 8B 45 F0                        	MOV	EAX,DWORD [-16+EBP]
   574 00000626 FF 70 10                        	PUSH	DWORD [16+EAX]
   575 00000629 FF 77 04                        	PUSH	DWORD [4+EDI]
   576 0000062C E8 [00000000]                   	CALL	_sheet_updown
   577 00000631 8B 45 EC                        	MOV	EAX,DWORD [-20+EBP]
   578 00000634 8B 55 10                        	MOV	EDX,DWORD [16+EBP]
   579 00000637 89 47 10                        	MOV	DWORD [16+EDI],EAX
   580 0000063A C7 47 0C 00000000               	MOV	DWORD [12+EDI],0
   581 00000641 89 17                           	MOV	DWORD [EDI],EDX
   582 00000643 8B 02                           	MOV	EAX,DWORD [EDX]
   583 00000645 8D 65 F4                        	LEA	ESP,DWORD [-12+EBP]
   584 00000648 5B                              	POP	EBX
   585 00000649 5E                              	POP	ESI
   586 0000064A 5F                              	POP	EDI
   587 0000064B 5D                              	POP	EBP
   588 0000064C C3                              	RET
   589 0000064D                                 L36:
   590 0000064D 89 C2                           	MOV	EDX,EAX
   591 0000064F 8D 5F EC                        	LEA	EBX,DWORD [-20+EDI]
   592 00000652 69 D2 0000008C                  	IMUL	EDX,EDX,140
   593 00000658 89 55 E8                        	MOV	DWORD [-24+EBP],EDX
   594 0000065B 6B 53 0C 1A                     	IMUL	EDX,DWORD [12+EBX],26
   595 0000065F 48                              	DEC	EAX
   596 00000660 8D 4A 02                        	LEA	ECX,DWORD [2+EDX]
   597 00000663 74 0C                           	JE	L41
   598 00000665                                 L38:
   599 00000665 8B 43 04                        	MOV	EAX,DWORD [4+EBX]
   600 00000668 8B 40 10                        	MOV	EAX,DWORD [16+EAX]
   601 0000066B 01 C8                           	ADD	EAX,ECX
   602 0000066D 29 F0                           	SUB	EAX,ESI
   603 0000066F EB A6                           	JMP	L37
   604 00000671                                 L41:
   605 00000671 8D 4A 14                        	LEA	ECX,DWORD [20+EDX]
   606 00000674 EB EF                           	JMP	L38
   607 00000676                                 L40:
   608 00000676 FF 73 08                        	PUSH	DWORD [8+EBX]
   609 00000679 FF 73 04                        	PUSH	DWORD [4+EBX]
   610 0000067C FF 33                           	PUSH	DWORD [EBX]
   611 0000067E E8 [00000000]                   	CALL	_push_menu
   612 00000683 8B 43 08                        	MOV	EAX,DWORD [8+EBX]
   613 00000686 8D 50 FE                        	LEA	EDX,DWORD [-2+EAX]
   614 00000689 83 E8 18                        	SUB	EAX,24
   615 0000068C 52                              	PUSH	EDX
   616 0000068D 6A 3D                           	PUSH	61
   617 0000068F 50                              	PUSH	EAX
   618 00000690 6A 02                           	PUSH	2
   619 00000692 53                              	PUSH	EBX
   620 00000693 E8 [00000000]                   	CALL	_sheet_refresh
   621 00000698 83 C4 20                        	ADD	ESP,32
   622 0000069B E9 FFFFFEF0                     	JMP	L34
   623 000006A0                                 	GLOBAL	_close_menu
   624 000006A0                                 _close_menu:
   625 000006A0 55                              	PUSH	EBP
   626 000006A1 89 E5                           	MOV	EBP,ESP
   627 000006A3 56                              	PUSH	ESI
   628 000006A4 53                              	PUSH	EBX
   629 000006A5 8B 5D 0C                        	MOV	EBX,DWORD [12+EBP]
   630 000006A8 6A FF                           	PUSH	-1
   631 000006AA 8B 75 08                        	MOV	ESI,DWORD [8+EBP]
   632 000006AD FF 73 04                        	PUSH	DWORD [4+EBX]
   633 000006B0 E8 [00000000]                   	CALL	_sheet_updown
   634 000006B5 8B 43 04                        	MOV	EAX,DWORD [4+EBX]
   635 000006B8 8B 50 08                        	MOV	EDX,DWORD [8+EAX]
   636 000006BB 0F AF 50 04                     	IMUL	EDX,DWORD [4+EAX]
   637 000006BF 01 D2                           	ADD	EDX,EDX
   638 000006C1 52                              	PUSH	EDX
   639 000006C2 FF 73 08                        	PUSH	DWORD [8+EBX]
   640 000006C5 68 003C0000                     	PUSH	3932160
   641 000006CA E8 [00000000]                   	CALL	_memman_free_4k
   642 000006CF FF 73 04                        	PUSH	DWORD [4+EBX]
   643 000006D2 E8 [00000000]                   	CALL	_sheet_free
   644 000006D7 83 C4 18                        	ADD	ESP,24
   645 000006DA 8B 03                           	MOV	EAX,DWORD [EBX]
   646 000006DC 83 38 00                        	CMP	DWORD [EAX],0
   647 000006DF 74 0C                           	JE	L44
   648 000006E1                                 L43:
   649 000006E1 8B 03                           	MOV	EAX,DWORD [EBX]
   650 000006E3 8B 00                           	MOV	EAX,DWORD [EAX]
   651 000006E5 8D 65 F8                        	LEA	ESP,DWORD [-8+EBP]
   652 000006E8 5B                              	POP	EBX
   653 000006E9 48                              	DEC	EAX
   654 000006EA 5E                              	POP	ESI
   655 000006EB 5D                              	POP	EBP
   656 000006EC C3                              	RET
   657 000006ED                                 L44:
   658 000006ED FF 76 08                        	PUSH	DWORD [8+ESI]
   659 000006F0 FF 76 04                        	PUSH	DWORD [4+ESI]
   660 000006F3 FF 36                           	PUSH	DWORD [ESI]
   661 000006F5 E8 [00000000]                   	CALL	_pull_menu
   662 000006FA 8B 46 08                        	MOV	EAX,DWORD [8+ESI]
   663 000006FD 8D 50 FE                        	LEA	EDX,DWORD [-2+EAX]
   664 00000700 83 E8 18                        	SUB	EAX,24
   665 00000703 52                              	PUSH	EDX
   666 00000704 6A 3D                           	PUSH	61
   667 00000706 50                              	PUSH	EAX
   668 00000707 6A 02                           	PUSH	2
   669 00000709 56                              	PUSH	ESI
   670 0000070A E8 [00000000]                   	CALL	_sheet_refresh
   671 0000070F 83 C4 20                        	ADD	ESP,32
   672 00000712 EB CD                           	JMP	L43
   673 00000714                                 	GLOBAL	_select_menu
   674 00000714                                 _select_menu:
   675 00000714 55                              	PUSH	EBP
   676 00000715 89 E5                           	MOV	EBP,ESP
   677 00000717 57                              	PUSH	EDI
   678 00000718 56                              	PUSH	ESI
   679 00000719 BF 00000001                     	MOV	EDI,1
   680 0000071E 53                              	PUSH	EBX
   681 0000071F 50                              	PUSH	EAX
   682 00000720 8B 75 08                        	MOV	ESI,DWORD [8+EBP]
   683 00000723 8B 5D 10                        	MOV	EBX,DWORD [16+EBP]
   684 00000726 8B 46 0C                        	MOV	EAX,DWORD [12+ESI]
   685 00000729 85 C0                           	TEST	EAX,EAX
   686 0000072B 75 67                           	JNE	L50
   687 0000072D                                 L46:
   688 0000072D 8B 06                           	MOV	EAX,DWORD [ESI]
   689 0000072F 89 45 F0                        	MOV	DWORD [-16+EBP],EAX
   690 00000732 83 38 00                        	CMP	DWORD [EAX],0
   691 00000735 75 05                           	JNE	L47
   692 00000737 BF 00000013                     	MOV	EDI,19
   693 0000073C                                 L47:
   694 0000073C 83 7D 0C 01                     	CMP	DWORD [12+EBP],1
   695 00000740 7E 1C                           	JLE	L48
   696 00000742 8B 4E 04                        	MOV	ECX,DWORD [4+ESI]
   697 00000745 8B 41 04                        	MOV	EAX,DWORD [4+ECX]
   698 00000748 83 E8 02                        	SUB	EAX,2
   699 0000074B 39 45 0C                        	CMP	DWORD [12+EBP],EAX
   700 0000074E 7D 0E                           	JGE	L48
   701 00000750 39 DF                           	CMP	EDI,EBX
   702 00000752 7D 0A                           	JGE	L48
   703 00000754 8B 41 08                        	MOV	EAX,DWORD [8+ECX]
   704 00000757 83 E8 02                        	SUB	EAX,2
   705 0000075A 39 C3                           	CMP	EBX,EAX
   706 0000075C 7C 0F                           	JL	L51
   707 0000075E                                 L48:
   708 0000075E C7 46 0C 00000000               	MOV	DWORD [12+ESI],0
   709 00000765                                 L45:
   710 00000765 8D 65 F4                        	LEA	ESP,DWORD [-12+EBP]
   711 00000768 5B                              	POP	EBX
   712 00000769 5E                              	POP	ESI
   713 0000076A 5F                              	POP	EDI
   714 0000076B 5D                              	POP	EBP
   715 0000076C C3                              	RET
   716 0000076D                                 L51:
   717 0000076D 29 FB                           	SUB	EBX,EDI
   718 0000076F BA 0000001A                     	MOV	EDX,26
   719 00000774 89 D8                           	MOV	EAX,EBX
   720 00000776 89 D7                           	MOV	EDI,EDX
   721 00000778 99                              	CDQ
   722 00000779 F7 FF                           	IDIV	EDI
   723 0000077B 8D 40 01                        	LEA	EAX,DWORD [1+EAX]
   724 0000077E 89 46 0C                        	MOV	DWORD [12+ESI],EAX
   725 00000781 6A 01                           	PUSH	1
   726 00000783 50                              	PUSH	EAX
   727 00000784 8B 45 F0                        	MOV	EAX,DWORD [-16+EBP]
   728 00000787 FF 30                           	PUSH	DWORD [EAX]
   729 00000789 51                              	PUSH	ECX
   730 0000078A E8 [00000000]                   	CALL	_change_mtitle8
   731 0000078F 83 C4 10                        	ADD	ESP,16
   732 00000792 EB D1                           	JMP	L45
   733 00000794                                 L50:
   734 00000794 6A 00                           	PUSH	0
   735 00000796 50                              	PUSH	EAX
   736 00000797 8B 06                           	MOV	EAX,DWORD [ESI]
   737 00000799 FF 30                           	PUSH	DWORD [EAX]
   738 0000079B FF 76 04                        	PUSH	DWORD [4+ESI]
   739 0000079E E8 [00000000]                   	CALL	_change_mtitle8
   740 000007A3 83 C4 10                        	ADD	ESP,16
   741 000007A6 EB 85                           	JMP	L46
   742                                          [SECTION .data]
   743 0000004F                                 LC7:
   744 0000004F 3C 73 75 62 6D 65 6E 75 3E 00   	DB	"<submenu>",0x00
   745 00000059                                 LC8:
   746 00000059 3C 63 6F 6E 73 6F 6C 65 3E 00   	DB	"<console>",0x00
   747 00000063                                 LC9:
   748 00000063 3C 74 61 73 6B 6D 67 72 3E 00   	DB	"<taskmgr>",0x00
   749 0000006D                                 LC10:
   750 0000006D 6F 70 65 6E 20 74 61 73 6B 6D   	DB	"open taskmgr",0x00
       00000077 67 72 00 
   751                                          [SECTION .text]
   752 000007A8                                 	GLOBAL	_exec_menu
   753 000007A8                                 _exec_menu:
   754 000007A8 55                              	PUSH	EBP
   755 000007A9 89 E5                           	MOV	EBP,ESP
   756 000007AB 57                              	PUSH	EDI
   757 000007AC 56                              	PUSH	ESI
   758 000007AD 53                              	PUSH	EBX
   759 000007AE 51                              	PUSH	ECX
   760 000007AF 51                              	PUSH	ECX
   761 000007B0 8B 4D 08                        	MOV	ECX,DWORD [8+EBP]
   762 000007B3 A1 00000FE4                     	MOV	EAX,DWORD [4068]
   763 000007B8 89 45 F0                        	MOV	DWORD [-16+EBP],EAX
   764 000007BB 8B 51 10                        	MOV	EDX,DWORD [16+ECX]
   765 000007BE 8B 41 0C                        	MOV	EAX,DWORD [12+ECX]
   766 000007C1 29 C2                           	SUB	EDX,EAX
   767 000007C3 83 C9 FF                        	OR	ECX,-1
   768 000007C6 85 C0                           	TEST	EAX,EAX
   769 000007C8 0F 84 00000081                  	JE	L52
   770 000007CE 8B 75 08                        	MOV	ESI,DWORD [8+EBP]
   771 000007D1 85 D2                           	TEST	EDX,EDX
   772 000007D3 8B 36                           	MOV	ESI,DWORD [ESI]
   773 000007D5 89 75 EC                        	MOV	DWORD [-20+EBP],ESI
   774 000007D8 7E 0E                           	JLE	L71
   775 000007DA 89 D3                           	MOV	EBX,EDX
   776 000007DC                                 L58:
   777 000007DC 8B 45 EC                        	MOV	EAX,DWORD [-20+EBP]
   778 000007DF 4B                              	DEC	EBX
   779 000007E0 8B 40 34                        	MOV	EAX,DWORD [52+EAX]
   780 000007E3 89 45 EC                        	MOV	DWORD [-20+EBP],EAX
   781 000007E6 75 F4                           	JNE	L58
   782 000007E8                                 L71:
   783 000007E8 8B 45 EC                        	MOV	EAX,DWORD [-20+EBP]
   784 000007EB BF [0000004F]                   	MOV	EDI,LC7
   785 000007F0 83 C0 14                        	ADD	EAX,20
   786 000007F3 B9 0000000A                     	MOV	ECX,10
   787 000007F8 FC                              	CLD
   788 000007F9 89 C6                           	MOV	ESI,EAX
   789 000007FB F3                              	REPE
   790 000007FC A6                              	CMPSB
   791 000007FD 0F 84 000000E7                  	JE	L74
   792 00000803 8B 45 EC                        	MOV	EAX,DWORD [-20+EBP]
   793 00000806 BF [00000059]                   	MOV	EDI,LC8
   794 0000080B 83 C0 14                        	ADD	EAX,20
   795 0000080E B9 0000000A                     	MOV	ECX,10
   796 00000813 FC                              	CLD
   797 00000814 89 C6                           	MOV	ESI,EAX
   798 00000816 F3                              	REPE
   799 00000817 A6                              	CMPSB
   800 00000818 0F 84 0000009B                  	JE	L75
   801 0000081E 8B 45 EC                        	MOV	EAX,DWORD [-20+EBP]
   802 00000821 BF [00000063]                   	MOV	EDI,LC9
   803 00000826 83 C0 14                        	ADD	EAX,20
   804 00000829 B9 0000000A                     	MOV	ECX,10
   805 0000082E FC                              	CLD
   806 0000082F 89 C6                           	MOV	ESI,EAX
   807 00000831 F3                              	REPE
   808 00000832 A6                              	CMPSB
   809 00000833 75 24                           	JNE	L63
   810 00000835 68 [0000006D]                   	PUSH	LC10
   811 0000083A 6A 01                           	PUSH	1
   812 0000083C E8 FFFFFB58                     	CALL	_debug_msg
   813 00000841 FF 75 0C                        	PUSH	DWORD [12+EBP]
   814 00000844 E8 FFFFFB9B                     	CALL	_open_taskmgr
   815 00000849 83 C4 0C                        	ADD	ESP,12
   816 0000084C                                 L60:
   817 0000084C 83 C9 FF                        	OR	ECX,-1
   818 0000084F                                 L52:
   819 0000084F 8D 65 F4                        	LEA	ESP,DWORD [-12+EBP]
   820 00000852 89 C8                           	MOV	EAX,ECX
   821 00000854 5B                              	POP	EBX
   822 00000855 5E                              	POP	ESI
   823 00000856 5F                              	POP	EDI
   824 00000857 5D                              	POP	EBP
   825 00000858 C3                              	RET
   826 00000859                                 L63:
   827 00000859 FF 75 0C                        	PUSH	DWORD [12+EBP]
   828 0000085C 6A 00                           	PUSH	0
   829 0000085E 31 DB                           	XOR	EBX,EBX
   830 00000860 E8 FFFFF973                     	CALL	_open_constask
   831 00000865 8D 78 10                        	LEA	EDI,DWORD [16+EAX]
   832 00000868 58                              	POP	EAX
   833 00000869 8B 45 EC                        	MOV	EAX,DWORD [-20+EBP]
   834 0000086C 5A                              	POP	EDX
   835 0000086D 80 78 14 00                     	CMP	BYTE [20+EAX],0
   836 00000871 75 19                           	JNE	L69
   837 00000873                                 L73:
   838 00000873 E8 [00000000]                   	CALL	_io_cli
   839 00000878 68 0000010A                     	PUSH	266
   840 0000087D 57                              	PUSH	EDI
   841 0000087E E8 [00000000]                   	CALL	_fifo32_put
   842 00000883 E8 [00000000]                   	CALL	_io_sti
   843 00000888 58                              	POP	EAX
   844 00000889 5A                              	POP	EDX
   845 0000088A EB C0                           	JMP	L60
   846 0000088C                                 L69:
   847 0000088C E8 [00000000]                   	CALL	_io_cli
   848 00000891 8B 55 EC                        	MOV	EDX,DWORD [-20+EBP]
   849 00000894 0F BE 44 13 14                  	MOVSX	EAX,BYTE [20+EBX+EDX*1]
   850 00000899 05 00000100                     	ADD	EAX,256
   851 0000089E 43                              	INC	EBX
   852 0000089F 50                              	PUSH	EAX
   853 000008A0 57                              	PUSH	EDI
   854 000008A1 E8 [00000000]                   	CALL	_fifo32_put
   855 000008A6 E8 [00000000]                   	CALL	_io_sti
   856 000008AB 59                              	POP	ECX
   857 000008AC 8B 4D EC                        	MOV	ECX,DWORD [-20+EBP]
   858 000008AF 5E                              	POP	ESI
   859 000008B0 80 7C 0B 14 00                  	CMP	BYTE [20+EBX+ECX*1],0
   860 000008B5 75 D5                           	JNE	L69
   861 000008B7 EB BA                           	JMP	L73
   862 000008B9                                 L75:
   863 000008B9 FF 75 0C                        	PUSH	DWORD [12+EBP]
   864 000008BC FF 75 F0                        	PUSH	DWORD [-16+EBP]
   865 000008BF E8 FFFFF9CE                     	CALL	_open_console
   866 000008C4 6A 08                           	PUSH	8
   867 000008C6 6A 08                           	PUSH	8
   868 000008C8 89 C3                           	MOV	EBX,EAX
   869 000008CA 50                              	PUSH	EAX
   870 000008CB E8 [00000000]                   	CALL	_sheet_slide
   871 000008D0 8B 45 F0                        	MOV	EAX,DWORD [-16+EBP]
   872 000008D3 FF 70 10                        	PUSH	DWORD [16+EAX]
   873 000008D6 53                              	PUSH	EBX
   874 000008D7 E8 [00000000]                   	CALL	_sheet_updown
   875 000008DC 53                              	PUSH	EBX
   876 000008DD E8 FFFFF8BC                     	CALL	_keywin_on
   877 000008E2 83 C4 20                        	ADD	ESP,32
   878 000008E5 E9 FFFFFF62                     	JMP	L60
   879 000008EA                                 L74:
   880 000008EA 8B 45 EC                        	MOV	EAX,DWORD [-20+EBP]
   881 000008ED FF 70 38                        	PUSH	DWORD [56+EAX]
   882 000008F0 8B 45 08                        	MOV	EAX,DWORD [8+EBP]
   883 000008F3 83 C0 14                        	ADD	EAX,20
   884 000008F6 50                              	PUSH	EAX
   885 000008F7 6A 00                           	PUSH	0
   886 000008F9 E8 FFFFFC4B                     	CALL	_open_menu
   887 000008FE 89 C1                           	MOV	ECX,EAX
   888 00000900 E9 FFFFFF4A                     	JMP	L52
   889 00000905                                 	GLOBAL	_set_menu
   890 00000905                                 _set_menu:
   891 00000905 55                              	PUSH	EBP
   892 00000906 89 E5                           	MOV	EBP,ESP
   893 00000908 57                              	PUSH	EDI
   894 00000909 56                              	PUSH	ESI
   895 0000090A 31 F6                           	XOR	ESI,ESI
   896 0000090C 53                              	PUSH	EBX
   897 0000090D 83 EC 10                        	SUB	ESP,16
   898 00000910 8B 7D 18                        	MOV	EDI,DWORD [24+EBP]
   899 00000913 8B 5D 08                        	MOV	EBX,DWORD [8+EBP]
   900 00000916 C7 45 EC FFFFFFFF               	MOV	DWORD [-20+EBP],-1
   901 0000091D C7 45 E8 00000000               	MOV	DWORD [-24+EBP],0
   902 00000924 C7 45 E4 00000000               	MOV	DWORD [-28+EBP],0
   903 0000092B C7 45 F0 00000000               	MOV	DWORD [-16+EBP],0
   904 00000932                                 L93:
   905 00000932 85 FF                           	TEST	EDI,EDI
   906 00000934 0F 84 00000096                  	JE	L81
   907 0000093A 57                              	PUSH	EDI
   908 0000093B 8D 43 04                        	LEA	EAX,DWORD [4+EBX]
   909 0000093E 50                              	PUSH	EAX
   910 0000093F E8 [00000000]                   	CALL	_strcmp
   911 00000944 5A                              	POP	EDX
   912 00000945 59                              	POP	ECX
   913 00000946 85 C0                           	TEST	EAX,EAX
   914 00000948 75 03                           	JNE	L83
   915 0000094A 89 5D E8                        	MOV	DWORD [-24+EBP],EBX
   916 0000094D                                 L83:
   917 0000094D 80 7B 04 00                     	CMP	BYTE [4+EBX],0
   918 00000951 74 1D                           	JE	L95
   919 00000953 FF 45 F0                        	INC	DWORD [-16+EBP]
   920 00000956 83 C3 3C                        	ADD	EBX,60
   921 00000959 83 C6 3C                        	ADD	ESI,60
   922 0000095C 81 7D F0 000000FF               	CMP	DWORD [-16+EBP],255
   923 00000963 7E CD                           	JLE	L93
   924 00000965                                 L78:
   925 00000965 8B 45 EC                        	MOV	EAX,DWORD [-20+EBP]
   926 00000968 8D 65 F4                        	LEA	ESP,DWORD [-12+EBP]
   927 0000096B 5B                              	POP	EBX
   928 0000096C 5E                              	POP	ESI
   929 0000096D 5F                              	POP	EDI
   930 0000096E 5D                              	POP	EBP
   931 0000096F C3                              	RET
   932 00000970                                 L95:
   933 00000970 85 FF                           	TEST	EDI,EDI
   934 00000972 74 06                           	JE	L89
   935 00000974 83 7D E8 00                     	CMP	DWORD [-24+EBP],0
   936 00000978 74 EB                           	JE	L78
   937 0000097A                                 L89:
   938 0000097A 83 7D 1C 00                     	CMP	DWORD [28+EBP],0
   939 0000097E 74 06                           	JE	L87
   940 00000980 83 7D E4 00                     	CMP	DWORD [-28+EBP],0
   941 00000984 74 DF                           	JE	L78
   942 00000986                                 L87:
   943 00000986 85 FF                           	TEST	EDI,EDI
   944 00000988 74 33                           	JE	L90
   945 0000098A 8B 45 08                        	MOV	EAX,DWORD [8+EBP]
   946 0000098D 8B 55 E8                        	MOV	EDX,DWORD [-24+EBP]
   947 00000990 01 F0                           	ADD	EAX,ESI
   948 00000992 89 42 38                        	MOV	DWORD [56+EDX],EAX
   949 00000995                                 L91:
   950 00000995 8B 45 0C                        	MOV	EAX,DWORD [12+EBP]
   951 00000998 89 03                           	MOV	DWORD [EBX],EAX
   952 0000099A 8D 43 04                        	LEA	EAX,DWORD [4+EBX]
   953 0000099D FF 75 10                        	PUSH	DWORD [16+EBP]
   954 000009A0 50                              	PUSH	EAX
   955 000009A1 E8 [00000000]                   	CALL	_strcpy
   956 000009A6 8D 43 14                        	LEA	EAX,DWORD [20+EBX]
   957 000009A9 FF 75 14                        	PUSH	DWORD [20+EBP]
   958 000009AC 50                              	PUSH	EAX
   959 000009AD E8 [00000000]                   	CALL	_strcpy
   960 000009B2 83 C4 10                        	ADD	ESP,16
   961 000009B5 8B 45 F0                        	MOV	EAX,DWORD [-16+EBP]
   962 000009B8 89 45 EC                        	MOV	DWORD [-20+EBP],EAX
   963 000009BB EB A8                           	JMP	L78
   964 000009BD                                 L90:
   965 000009BD 83 7D 1C 00                     	CMP	DWORD [28+EBP],0
   966 000009C1 74 D2                           	JE	L91
   967 000009C3 8B 45 08                        	MOV	EAX,DWORD [8+EBP]
   968 000009C6 8B 55 E4                        	MOV	EDX,DWORD [-28+EBP]
   969 000009C9 01 F0                           	ADD	EAX,ESI
   970 000009CB 89 42 34                        	MOV	DWORD [52+EDX],EAX
   971 000009CE EB C5                           	JMP	L91
   972 000009D0                                 L81:
   973 000009D0 83 7D 1C 00                     	CMP	DWORD [28+EBP],0
   974 000009D4 0F 84 FFFFFF73                  	JE	L83
   975 000009DA FF 75 1C                        	PUSH	DWORD [28+EBP]
   976 000009DD 8D 43 04                        	LEA	EAX,DWORD [4+EBX]
   977 000009E0 50                              	PUSH	EAX
   978 000009E1 E8 [00000000]                   	CALL	_strcmp
   979 000009E6 5A                              	POP	EDX
   980 000009E7 59                              	POP	ECX
   981 000009E8 85 C0                           	TEST	EAX,EAX
   982 000009EA 0F 85 FFFFFF5D                  	JNE	L83
   983 000009F0 89 5D E4                        	MOV	DWORD [-28+EBP],EBX
   984 000009F3 E9 FFFFFF55                     	JMP	L83
   985                                          [SECTION .data]
   986 0000007A                                 LC11:
   987 0000007A 74 61 73 6B 6D 67 72 00         	DB	"taskmgr",0x00
   988 00000082                                 LC12:
   989 00000082 65 78 70 6C 6F 72 65 72 2E 68   	DB	"explorer.hrb",0x00
       0000008C 72 62 00 
   990 0000008F                                 LC13:
   991 0000008F 65 78 70 6C 6F 72 65 72 00      	DB	"explorer",0x00
   992 00000098                                 LC14:
   993 00000098 70 72 6F 67 72 61 6D 73 2B 00   	DB	"programs+",0x00
   994 000000A2                                 LC15:
   995 000000A2 77 61 6C 6B 00                  	DB	"walk",0x00
   996                                          [SECTION .text]
   997 000009F8                                 	GLOBAL	_init_menu
   998 000009F8                                 _init_menu:
   999 000009F8 55                              	PUSH	EBP
  1000 000009F9 89 E5                           	MOV	EBP,ESP
  1001 000009FB 56                              	PUSH	ESI
  1002 000009FC 53                              	PUSH	EBX
  1003 000009FD 68 00004000                     	PUSH	16384
  1004 00000A02 8B 75 08                        	MOV	ESI,DWORD [8+EBP]
  1005 00000A05 68 003C0000                     	PUSH	3932160
  1006 00000A0A 8B 5D 0C                        	MOV	EBX,DWORD [12+EBP]
  1007 00000A0D E8 [00000000]                   	CALL	_memman_alloc_4k
  1008 00000A12 B9 000000FF                     	MOV	ECX,255
  1009 00000A17 89 03                           	MOV	DWORD [EBX],EAX
  1010 00000A19 58                              	POP	EAX
  1011 00000A1A 5A                              	POP	EDX
  1012 00000A1B 31 D2                           	XOR	EDX,EDX
  1013 00000A1D                                 L101:
  1014 00000A1D 8B 03                           	MOV	EAX,DWORD [EBX]
  1015 00000A1F C6 44 10 04 00                  	MOV	BYTE [4+EAX+EDX*1],0
  1016 00000A24 C7 04 10 00000000               	MOV	DWORD [EAX+EDX*1],0
  1017 00000A2B 8B 03                           	MOV	EAX,DWORD [EBX]
  1018 00000A2D C6 44 10 14 00                  	MOV	BYTE [20+EAX+EDX*1],0
  1019 00000A32 8B 03                           	MOV	EAX,DWORD [EBX]
  1020 00000A34 C7 44 10 34 00000000            	MOV	DWORD [52+EAX+EDX*1],0
  1021 00000A3C 8B 03                           	MOV	EAX,DWORD [EBX]
  1022 00000A3E C7 44 10 38 00000000            	MOV	DWORD [56+EAX+EDX*1],0
  1023 00000A46 83 C2 3C                        	ADD	EDX,60
  1024 00000A49 49                              	DEC	ECX
  1025 00000A4A 79 D1                           	JNS	L101
  1026 00000A4C 31 C0                           	XOR	EAX,EAX
  1027 00000A4E B9 00000007                     	MOV	ECX,7
  1028 00000A53                                 L106:
  1029 00000A53 C7 04 06 00000000               	MOV	DWORD [ESI+EAX*1],0
  1030 00000A5A C7 44 06 04 00000000            	MOV	DWORD [4+ESI+EAX*1],0
  1031 00000A62 C7 44 06 08 00000000            	MOV	DWORD [8+ESI+EAX*1],0
  1032 00000A6A C7 44 06 0C 00000000            	MOV	DWORD [12+ESI+EAX*1],0
  1033 00000A72 C7 44 06 10 00000000            	MOV	DWORD [16+ESI+EAX*1],0
  1034 00000A7A 83 C0 14                        	ADD	EAX,20
  1035 00000A7D 49                              	DEC	ECX
  1036 00000A7E 79 D3                           	JNS	L106
  1037 00000A80 6A 00                           	PUSH	0
  1038 00000A82 6A 00                           	PUSH	0
  1039 00000A84 68 [00000063]                   	PUSH	LC9
  1040 00000A89 68 [0000007A]                   	PUSH	LC11
  1041 00000A8E 6A 00                           	PUSH	0
  1042 00000A90 FF 33                           	PUSH	DWORD [EBX]
  1043 00000A92 E8 FFFFFE6E                     	CALL	_set_menu
  1044 00000A97 68 [0000007A]                   	PUSH	LC11
  1045 00000A9C 6A 00                           	PUSH	0
  1046 00000A9E 68 [00000059]                   	PUSH	LC8
  1047 00000AA3 68 [00000000]                   	PUSH	LC0
  1048 00000AA8 6A 00                           	PUSH	0
  1049 00000AAA FF 33                           	PUSH	DWORD [EBX]
  1050 00000AAC E8 FFFFFE54                     	CALL	_set_menu
  1051 00000AB1 83 C4 30                        	ADD	ESP,48
  1052 00000AB4 68 [00000000]                   	PUSH	LC0
  1053 00000AB9 6A 00                           	PUSH	0
  1054 00000ABB 68 [00000082]                   	PUSH	LC12
  1055 00000AC0 68 [0000008F]                   	PUSH	LC13
  1056 00000AC5 6A 00                           	PUSH	0
  1057 00000AC7 FF 33                           	PUSH	DWORD [EBX]
  1058 00000AC9 E8 FFFFFE37                     	CALL	_set_menu
  1059 00000ACE 68 [0000008F]                   	PUSH	LC13
  1060 00000AD3 6A 00                           	PUSH	0
  1061 00000AD5 68 [0000004F]                   	PUSH	LC7
  1062 00000ADA 68 [00000098]                   	PUSH	LC14
  1063 00000ADF 6A 00                           	PUSH	0
  1064 00000AE1 FF 33                           	PUSH	DWORD [EBX]
  1065 00000AE3 E8 FFFFFE1D                     	CALL	_set_menu
  1066 00000AE8 83 C4 30                        	ADD	ESP,48
  1067 00000AEB 6A 00                           	PUSH	0
  1068 00000AED 68 [00000098]                   	PUSH	LC14
  1069 00000AF2 68 [000000A2]                   	PUSH	LC15
  1070 00000AF7 68 [000000A2]                   	PUSH	LC15
  1071 00000AFC 6A 01                           	PUSH	1
  1072 00000AFE FF 33                           	PUSH	DWORD [EBX]
  1073 00000B00 E8 FFFFFE00                     	CALL	_set_menu
  1074 00000B05 8D 65 F8                        	LEA	ESP,DWORD [-8+EBP]
  1075 00000B08 5B                              	POP	EBX
  1076 00000B09 5E                              	POP	ESI
  1077 00000B0A 5D                              	POP	EBP
  1078 00000B0B C3                              	RET
  1079 00000B0C                                 	GLOBAL	_reset_back
  1080 00000B0C                                 _reset_back:
  1081 00000B0C 55                              	PUSH	EBP
  1082 00000B0D 89 E5                           	MOV	EBP,ESP
  1083 00000B0F 5D                              	POP	EBP
  1084 00000B10 C3                              	RET
  1085 00000B11                                 	GLOBAL	_reset_key_win
  1086 00000B11                                 _reset_key_win:
  1087 00000B11 55                              	PUSH	EBP
  1088 00000B12 89 E5                           	MOV	EBP,ESP
  1089 00000B14 5D                              	POP	EBP
  1090 00000B15 C3                              	RET
  1091 00000B16                                 	GLOBAL	_u_fat
  1092                                          [SECTION .data]
  1093 000000A7 00                              	ALIGNB	4
  1094 000000A8                                 _u_fat:
  1095 000000A8 00 00 00 00                     	RESB	4
  1096 000000AC                                 	GLOBAL	_fat_flag
  1097                                          [SECTION .data]
  1098 000000AC                                 _fat_flag:
  1099 000000AC 00                              	RESB	1
  1100 000000AD                                 	GLOBAL	_current_path
  1101                                          [SECTION .data]
  1102 000000AD 00 00 00                        	ALIGNB	16
  1103 000000B0                                 _current_path:
  1104 000000B0 00 00 00 00 00 00 00 00 00 00   	RESB	256
       000000BA 00 00 00 00 00 00 00 00 00 00 
       000000C4 00 00 00 00 00 00 00 00 00 00 
       000000CE 00 00 00 00 00 00 00 00 00 00 
       000000D8 00 00 00 00 00 00 00 00 00 00 
       000000E2 00 00 00 00 00 00 00 00 00 00 
       000000EC 00 00 00 00 00 00 00 00 00 00 
       000000F6 00 00 00 00 00 00 00 00 00 00 
       00000100 00 00 00 00 00 00 00 00 00 00 
       0000010A 00 00 00 00 00 00 00 00 00 00 
       00000114 00 00 00 00 00 00 00 00 00 00 
       0000011E 00 00 00 00 00 00 00 00 00 00 
       00000128 00 00 00 00 00 00 00 00 00 00 
       00000132 00 00 00 00 00 00 00 00 00 00 
       0000013C 00 00 00 00 00 00 00 00 00 00 
       00000146 00 00 00 00 00 00 00 00 00 00 
       00000150 00 00 00 00 00 00 00 00 00 00 
       0000015A 00 00 00 00 00 00 00 00 00 00 
       00000164 00 00 00 00 00 00 00 00 00 00 
       0000016E 00 00 00 00 00 00 00 00 00 00 
       00000178 00 00 00 00 00 00 00 00 00 00 
       00000182 00 00 00 00 00 00 00 00 00 00 
       0000018C 00 00 00 00 00 00 00 00 00 00 
       00000196 00 00 00 00 00 00 00 00 00 00 
       000001A0 00 00 00 00 00 00 00 00 00 00 
       000001AA 00 00 00 00 00 00 
  1105 000001B0                                 	GLOBAL	_epath
  1106                                          [SECTION .data]
  1107 000001B0                                 	ALIGNB	16
  1108 000001B0                                 _epath:
  1109 000001B0 00 00 00 00 00 00 00 00 00 00   	RESB	1024
       000001BA 00 00 00 00 00 00 00 00 00 00 
       000001C4 00 00 00 00 00 00 00 00 00 00 
       000001CE 00 00 00 00 00 00 00 00 00 00 
       000001D8 00 00 00 00 00 00 00 00 00 00 
       000001E2 00 00 00 00 00 00 00 00 00 00 
       000001EC 00 00 00 00 00 00 00 00 00 00 
       000001F6 00 00 00 00 00 00 00 00 00 00 
       00000200 00 00 00 00 00 00 00 00 00 00 
       0000020A 00 00 00 00 00 00 00 00 00 00 
       00000214 00 00 00 00 00 00 00 00 00 00 
       0000021E 00 00 00 00 00 00 00 00 00 00 
       00000228 00 00 00 00 00 00 00 00 00 00 
       00000232 00 00 00 00 00 00 00 00 00 00 
       0000023C 00 00 00 00 00 00 00 00 00 00 
       00000246 00 00 00 00 00 00 00 00 00 00 
       00000250 00 00 00 00 00 00 00 00 00 00 
       0000025A 00 00 00 00 00 00 00 00 00 00 
       00000264 00 00 00 00 00 00 00 00 00 00 
       0000026E 00 00 00 00 00 00 00 00 00 00 
       00000278 00 00 00 00 00 00 00 00 00 00 
       00000282 00 00 00 00 00 00 00 00 00 00 
       0000028C 00 00 00 00 00 00 00 00 00 00 
       00000296 00 00 00 00 00 00 00 00 00 00 
       000002A0 00 00 00 00 00 00 00 00 00 00 
       000002AA 00 00 00 00 00 00 00 00 00 00 
       000002B4 00 00 00 00 00 00 00 00 00 00 
       000002BE 00 00 00 00 00 00 00 00 00 00 
       000002C8 00 00 00 00 00 00 00 00 00 00 
       000002D2 00 00 00 00 00 00 00 00 00 00 
       000002DC 00 00 00 00 00 00 00 00 00 00 
       000002E6 00 00 00 00 00 00 00 00 00 00 
       000002F0 00 00 00 00 00 00 00 00 00 00 
       000002FA 00 00 00 00 00 00 00 00 00 00 
       00000304 00 00 00 00 00 00 00 00 00 00 
       0000030E 00 00 00 00 00 00 00 00 00 00 
       00000318 00 00 00 00 00 00 00 00 00 00 
       00000322 00 00 00 00 00 00 00 00 00 00 
       0000032C 00 00 00 00 00 00 00 00 00 00 
       00000336 00 00 00 00 00 00 00 00 00 00 
       00000340 00 00 00 00 00 00 00 00 00 00 
       0000034A 00 00 00 00 00 00 00 00 00 00 
       00000354 00 00 00 00 00 00 00 00 00 00 
       0000035E 00 00 00 00 00 00 00 00 00 00 
       00000368 00 00 00 00 00 00 00 00 00 00 
       00000372 00 00 00 00 00 00 00 00 00 00 
       0000037C 00 00 00 00 00 00 00 00 00 00 
       00000386 00 00 00 00 00 00 00 00 00 00 
       00000390 00 00 00 00 00 00 00 00 00 00 
       0000039A 00 00 00 00 00 00 00 00 00 00 
       000003A4 00 00 00 00 00 00 00 00 00 00 
       000003AE 00 00 00 00 00 00 00 00 00 00 
       000003B8 00 00 00 00 00 00 00 00 00 00 
       000003C2 00 00 00 00 00 00 00 00 00 00 
       000003CC 00 00 00 00 00 00 00 00 00 00 
       000003D6 00 00 00 00 00 00 00 00 00 00 
       000003E0 00 00 00 00 00 00 00 00 00 00 
       000003EA 00 00 00 00 00 00 00 00 00 00 
       000003F4 00 00 00 00 00 00 00 00 00 00 
       000003FE 00 00 00 00 00 00 00 00 00 00 
       00000408 00 00 00 00 00 00 00 00 00 00 
       00000412 00 00 00 00 00 00 00 00 00 00 
       0000041C 00 00 00 00 00 00 00 00 00 00 
       00000426 00 00 00 00 00 00 00 00 00 00 
       00000430 00 00 00 00 00 00 00 00 00 00 
       0000043A 00 00 00 00 00 00 00 00 00 00 
       00000444 00 00 00 00 00 00 00 00 00 00 
       0000044E 00 00 00 00 00 00 00 00 00 00 
       00000458 00 00 00 00 00 00 00 00 00 00 
       00000462 00 00 00 00 00 00 00 00 00 00 
       0000046C 00 00 00 00 00 00 00 00 00 00 
       00000476 00 00 00 00 00 00 00 00 00 00 
       00000480 00 00 00 00 00 00 00 00 00 00 
       0000048A 00 00 00 00 00 00 00 00 00 00 
       00000494 00 00 00 00 00 00 00 00 00 00 
       0000049E 00 00 00 00 00 00 00 00 00 00 
       000004A8 00 00 00 00 00 00 00 00 00 00 
       000004B2 00 00 00 00 00 00 00 00 00 00 
       000004BC 00 00 00 00 00 00 00 00 00 00 
       000004C6 00 00 00 00 00 00 00 00 00 00 
       000004D0 00 00 00 00 00 00 00 00 00 00 
       000004DA 00 00 00 00 00 00 00 00 00 00 
       000004E4 00 00 00 00 00 00 00 00 00 00 
       000004EE 00 00 00 00 00 00 00 00 00 00 
       000004F8 00 00 00 00 00 00 00 00 00 00 
       00000502 00 00 00 00 00 00 00 00 00 00 
       0000050C 00 00 00 00 00 00 00 00 00 00 
       00000516 00 00 00 00 00 00 00 00 00 00 
       00000520 00 00 00 00 00 00 00 00 00 00 
       0000052A 00 00 00 00 00 00 00 00 00 00 
       00000534 00 00 00 00 00 00 00 00 00 00 
       0000053E 00 00 00 00 00 00 00 00 00 00 
       00000548 00 00 00 00 00 00 00 00 00 00 
       00000552 00 00 00 00 00 00 00 00 00 00 
       0000055C 00 00 00 00 00 00 00 00 00 00 
       00000566 00 00 00 00 00 00 00 00 00 00 
       00000570 00 00 00 00 00 00 00 00 00 00 
       0000057A 00 00 00 00 00 00 00 00 00 00 
       00000584 00 00 00 00 00 00 00 00 00 00 
       0000058E 00 00 00 00 00 00 00 00 00 00 
       00000598 00 00 00 00 00 00 00 00 00 00 
       000005A2 00 00 00 00 00 00 00 00 00 00 
       000005AC 00 00 00 00 
  1110 000005B0                                 	GLOBAL	_fdc
  1111                                          [SECTION .data]
  1112 000005B0                                 	ALIGNB	4
  1113 000005B0                                 _fdc:
  1114 000005B0 00 00 00 00                     	RESB	4
  1115 000005B4                                 	GLOBAL	_inout
  1116                                          [SECTION .data]
  1117 000005B4                                 	ALIGNB	4
  1118 000005B4                                 _inout:
  1119 000005B4 00 00 00 00                     	RESB	4
  1120 000005B8                                 	GLOBAL	_taskmgr
  1121                                          [SECTION .data]
  1122 000005B8                                 	ALIGNB	4
  1123 000005B8                                 _taskmgr:
  1124 000005B8 00 00 00 00                     	RESB	4
