     1 00000000                                 [FORMAT "WCOFF"]
     2 00000000                                 [INSTRSET "i486p"]
     3 00000000                                 [OPTIMIZE 1]
     4 00000000                                 [OPTION 1]
     5 00000000                                 [BITS 32]
     6 00000000                                 	EXTERN	_task_now
     7 00000000                                 	EXTERN	_sprintf
     8 00000000                                 	EXTERN	_putfonts8_asc
     9 00000000                                 	EXTERN	_make_textbox8
    10 00000000                                 	EXTERN	_make_h_scroll
    11 00000000                                 	EXTERN	_make_v_scroll
    12 00000000                                 	EXTERN	_make_progress
    13 00000000                                 	EXTERN	_DDAline
    14 00000000                                 	EXTERN	_io_cli
    15 00000000                                 	EXTERN	_fifo32_status
    16 00000000                                 	EXTERN	_fifo32_get
    17 00000000                                 	EXTERN	_io_sti
    18 00000000                                 	EXTERN	_sheet_refresh
    19 00000000                                 	EXTERN	_task_sleep
    20 00000000                                 [FILE "browser.c"]
    21                                          [SECTION .data]
    22 00000000                                 LC0:
    23 00000000 46 69 6C 65 28 46 29 20 45 64   	DB	"File(F) Edit(E) Format(O) View(V) Help(H)",0x00
       0000000A 69 74 28 45 29 20 46 6F 72 6D 
       00000014 61 74 28 4F 29 20 56 69 65 77 
       0000001E 28 56 29 20 48 65 6C 70 28 48 
       00000028 29 00 
    24 0000002A                                 LC1:
    25 0000002A 44 65 73 6B 74 6F 70 00         	DB	"Desktop",0x00
    26 00000032                                 LC2:
    27 00000032 44 6F 63 75 6D 65 6E 74 00      	DB	"Document",0x00
    28 0000003B                                 LC3:
    29 0000003B 43 6F 6D 70 75 74 65 72 00      	DB	"Computer",0x00
    30 00000044                                 LC4:
    31 00000044 4E 65 74 57 6F 72 6B 00         	DB	"NetWork",0x00
    32 0000004C                                 LC5:
    33 0000004C 52 65 63 79 63 6C 65 72 00      	DB	"Recycler",0x00
    34 00000055                                 LC6:
    35 00000055 25 64 00                        	DB	"%d",0x00
    36                                          [SECTION .text]
    37 00000000                                 	GLOBAL	_browser_task
    38 00000000                                 _browser_task:
    39 00000000 55                              	PUSH	EBP
    40 00000001 89 E5                           	MOV	EBP,ESP
    41 00000003 57                              	PUSH	EDI
    42 00000004 56                              	PUSH	ESI
    43 00000005 53                              	PUSH	EBX
    44 00000006 BB 00000014                     	MOV	EBX,20
    45 0000000B 83 EC 74                        	SUB	ESP,116
    46 0000000E E8 [00000000]                   	CALL	_task_now
    47 00000013 89 D9                           	MOV	ECX,EBX
    48 00000015 FC                              	CLD
    49 00000016 89 45 98                        	MOV	DWORD [-104+EBP],EAX
    50 00000019 8D 45 A4                        	LEA	EAX,DWORD [-92+EBP]
    51 0000001C 89 45 94                        	MOV	DWORD [-108+EBP],EAX
    52 0000001F 31 C0                           	XOR	EAX,EAX
    53 00000021 8B 7D 94                        	MOV	EDI,DWORD [-108+EBP]
    54 00000024 F3                              	REP
    55 00000025 AB                              	STOSD
    56 00000026 68 [00000000]                   	PUSH	LC0
    57 0000002B 8D 45 A4                        	LEA	EAX,DWORD [-92+EBP]
    58 0000002E 50                              	PUSH	EAX
    59 0000002F 8D 7D A4                        	LEA	EDI,DWORD [-92+EBP]
    60 00000032 E8 [00000000]                   	CALL	_sprintf
    61 00000037 8B 45 08                        	MOV	EAX,DWORD [8+EBP]
    62 0000003A 57                              	PUSH	EDI
    63 0000003B 6A 01                           	PUSH	1
    64 0000003D 6A 00                           	PUSH	0
    65 0000003F 6A 1A                           	PUSH	26
    66 00000041 6A 08                           	PUSH	8
    67 00000043 FF 70 04                        	PUSH	DWORD [4+EAX]
    68 00000046 FF 30                           	PUSH	DWORD [EAX]
    69 00000048 E8 [00000000]                   	CALL	_putfonts8_asc
    70 0000004D 83 C4 24                        	ADD	ESP,36
    71 00000050 6A 07                           	PUSH	7
    72 00000052 68 00000140                     	PUSH	320
    73 00000057 68 000000A0                     	PUSH	160
    74 0000005C 6A 2C                           	PUSH	44
    75 0000005E 6A 06                           	PUSH	6
    76 00000060 FF 75 08                        	PUSH	DWORD [8+EBP]
    77 00000063 E8 [00000000]                   	CALL	_make_textbox8
    78 00000068 68 000000A0                     	PUSH	160
    79 0000006D 68 0000015E                     	PUSH	350
    80 00000072 6A 06                           	PUSH	6
    81 00000074 FF 75 08                        	PUSH	DWORD [8+EBP]
    82 00000077 E8 [00000000]                   	CALL	_make_h_scroll
    83 0000007C 83 C4 28                        	ADD	ESP,40
    84 0000007F 68 00000132                     	PUSH	306
    85 00000084 6A 2C                           	PUSH	44
    86 00000086 68 00000098                     	PUSH	152
    87 0000008B FF 75 08                        	PUSH	DWORD [8+EBP]
    88 0000008E E8 [00000000]                   	CALL	_make_v_scroll
    89 00000093 6A 00                           	PUSH	0
    90 00000095 6A 16                           	PUSH	22
    91 00000097 6A 5A                           	PUSH	90
    92 00000099 6A 2C                           	PUSH	44
    93 0000009B 68 000000C8                     	PUSH	200
    94 000000A0 FF 75 08                        	PUSH	DWORD [8+EBP]
    95 000000A3 E8 [00000000]                   	CALL	_make_progress
    96 000000A8 8B 7D 08                        	MOV	EDI,DWORD [8+EBP]
    97 000000AB 83 C4 28                        	ADD	ESP,40
    98 000000AE C7 45 9C 00000000               	MOV	DWORD [-100+EBP],0
    99 000000B5 68 000000C8                     	PUSH	200
   100 000000BA 68 000000C8                     	PUSH	200
   101 000000BF 6A 64                           	PUSH	100
   102 000000C1 6A 64                           	PUSH	100
   103 000000C3 6A 00                           	PUSH	0
   104 000000C5 FF 77 04                        	PUSH	DWORD [4+EDI]
   105 000000C8 FF 37                           	PUSH	DWORD [EDI]
   106 000000CA 8D 7D A4                        	LEA	EDI,DWORD [-92+EBP]
   107 000000CD E8 [00000000]                   	CALL	_DDAline
   108 000000D2 FC                              	CLD
   109 000000D3 8B 45 9C                        	MOV	EAX,DWORD [-100+EBP]
   110 000000D6 89 D9                           	MOV	ECX,EBX
   111 000000D8 F3                              	REP
   112 000000D9 AB                              	STOSD
   113 000000DA 68 [0000002A]                   	PUSH	LC1
   114 000000DF 8D 7D A4                        	LEA	EDI,DWORD [-92+EBP]
   115 000000E2 57                              	PUSH	EDI
   116 000000E3 E8 [00000000]                   	CALL	_sprintf
   117 000000E8 83 C4 24                        	ADD	ESP,36
   118 000000EB 57                              	PUSH	EDI
   119 000000EC 8B 7D 08                        	MOV	EDI,DWORD [8+EBP]
   120 000000EF 6A 01                           	PUSH	1
   121 000000F1 6A 00                           	PUSH	0
   122 000000F3 6A 2C                           	PUSH	44
   123 000000F5 6A 08                           	PUSH	8
   124 000000F7 FF 77 04                        	PUSH	DWORD [4+EDI]
   125 000000FA FF 37                           	PUSH	DWORD [EDI]
   126 000000FC 8D 7D A4                        	LEA	EDI,DWORD [-92+EBP]
   127 000000FF E8 [00000000]                   	CALL	_putfonts8_asc
   128 00000104 FC                              	CLD
   129 00000105 8B 45 9C                        	MOV	EAX,DWORD [-100+EBP]
   130 00000108 89 D9                           	MOV	ECX,EBX
   131 0000010A F3                              	REP
   132 0000010B AB                              	STOSD
   133 0000010C 68 [00000032]                   	PUSH	LC2
   134 00000111 8D 45 A4                        	LEA	EAX,DWORD [-92+EBP]
   135 00000114 50                              	PUSH	EAX
   136 00000115 8D 7D A4                        	LEA	EDI,DWORD [-92+EBP]
   137 00000118 E8 [00000000]                   	CALL	_sprintf
   138 0000011D 8B 45 08                        	MOV	EAX,DWORD [8+EBP]
   139 00000120 83 C4 24                        	ADD	ESP,36
   140 00000123 57                              	PUSH	EDI
   141 00000124 6A 01                           	PUSH	1
   142 00000126 6A 00                           	PUSH	0
   143 00000128 6A 3E                           	PUSH	62
   144 0000012A 6A 18                           	PUSH	24
   145 0000012C FF 70 04                        	PUSH	DWORD [4+EAX]
   146 0000012F FF 30                           	PUSH	DWORD [EAX]
   147 00000131 E8 [00000000]                   	CALL	_putfonts8_asc
   148 00000136 8B 45 9C                        	MOV	EAX,DWORD [-100+EBP]
   149 00000139 FC                              	CLD
   150 0000013A 89 D9                           	MOV	ECX,EBX
   151 0000013C F3                              	REP
   152 0000013D AB                              	STOSD
   153 0000013E 68 [0000003B]                   	PUSH	LC3
   154 00000143 8D 45 A4                        	LEA	EAX,DWORD [-92+EBP]
   155 00000146 50                              	PUSH	EAX
   156 00000147 8D 7D A4                        	LEA	EDI,DWORD [-92+EBP]
   157 0000014A E8 [00000000]                   	CALL	_sprintf
   158 0000014F 8B 45 08                        	MOV	EAX,DWORD [8+EBP]
   159 00000152 83 C4 24                        	ADD	ESP,36
   160 00000155 57                              	PUSH	EDI
   161 00000156 6A 01                           	PUSH	1
   162 00000158 6A 00                           	PUSH	0
   163 0000015A 6A 50                           	PUSH	80
   164 0000015C 6A 18                           	PUSH	24
   165 0000015E FF 70 04                        	PUSH	DWORD [4+EAX]
   166 00000161 FF 30                           	PUSH	DWORD [EAX]
   167 00000163 E8 [00000000]                   	CALL	_putfonts8_asc
   168 00000168 8B 45 9C                        	MOV	EAX,DWORD [-100+EBP]
   169 0000016B FC                              	CLD
   170 0000016C 89 D9                           	MOV	ECX,EBX
   171 0000016E F3                              	REP
   172 0000016F AB                              	STOSD
   173 00000170 68 [00000044]                   	PUSH	LC4
   174 00000175 8D 45 A4                        	LEA	EAX,DWORD [-92+EBP]
   175 00000178 50                              	PUSH	EAX
   176 00000179 8D 7D A4                        	LEA	EDI,DWORD [-92+EBP]
   177 0000017C E8 [00000000]                   	CALL	_sprintf
   178 00000181 8B 45 08                        	MOV	EAX,DWORD [8+EBP]
   179 00000184 83 C4 24                        	ADD	ESP,36
   180 00000187 57                              	PUSH	EDI
   181 00000188 6A 01                           	PUSH	1
   182 0000018A 6A 00                           	PUSH	0
   183 0000018C 6A 62                           	PUSH	98
   184 0000018E 6A 18                           	PUSH	24
   185 00000190 FF 70 04                        	PUSH	DWORD [4+EAX]
   186 00000193 FF 30                           	PUSH	DWORD [EAX]
   187 00000195 E8 [00000000]                   	CALL	_putfonts8_asc
   188 0000019A 8B 45 9C                        	MOV	EAX,DWORD [-100+EBP]
   189 0000019D FC                              	CLD
   190 0000019E 89 D9                           	MOV	ECX,EBX
   191 000001A0 F3                              	REP
   192 000001A1 AB                              	STOSD
   193 000001A2 68 [0000004C]                   	PUSH	LC5
   194 000001A7 8D 45 A4                        	LEA	EAX,DWORD [-92+EBP]
   195 000001AA 50                              	PUSH	EAX
   196 000001AB 8D 7D A4                        	LEA	EDI,DWORD [-92+EBP]
   197 000001AE E8 [00000000]                   	CALL	_sprintf
   198 000001B3 8B 45 08                        	MOV	EAX,DWORD [8+EBP]
   199 000001B6 83 C4 24                        	ADD	ESP,36
   200 000001B9 57                              	PUSH	EDI
   201 000001BA 6A 01                           	PUSH	1
   202 000001BC 6A 00                           	PUSH	0
   203 000001BE 6A 74                           	PUSH	116
   204 000001C0 6A 18                           	PUSH	24
   205 000001C2 FF 70 04                        	PUSH	DWORD [4+EAX]
   206 000001C5 FF 30                           	PUSH	DWORD [EAX]
   207 000001C7 E8 [00000000]                   	CALL	_putfonts8_asc
   208 000001CC 83 C4 1C                        	ADD	ESP,28
   209 000001CF C7 45 A0 00000086               	MOV	DWORD [-96+EBP],134
   210 000001D6                                 L2:
   211 000001D6 E8 [00000000]                   	CALL	_io_cli
   212 000001DB 8B 5D 98                        	MOV	EBX,DWORD [-104+EBP]
   213 000001DE 83 C3 10                        	ADD	EBX,16
   214 000001E1 53                              	PUSH	EBX
   215 000001E2 E8 [00000000]                   	CALL	_fifo32_status
   216 000001E7 5E                              	POP	ESI
   217 000001E8 85 C0                           	TEST	EAX,EAX
   218 000001EA 0F 84 000000E2                  	JE	L12
   219 000001F0 53                              	PUSH	EBX
   220 000001F1 E8 [00000000]                   	CALL	_fifo32_get
   221 000001F6 89 C6                           	MOV	ESI,EAX
   222 000001F8 E8 [00000000]                   	CALL	_io_sti
   223 000001FD 5A                              	POP	EDX
   224 000001FE 8D 86 FFFFFF00                  	LEA	EAX,DWORD [-256+ESI]
   225 00000204 3D 000000FF                     	CMP	EAX,255
   226 00000209 77 2A                           	JA	L7
   227 0000020B 89 F0                           	MOV	EAX,ESI
   228 0000020D 8B 7D 08                        	MOV	EDI,DWORD [8+EBP]
   229 00000210 88 45 A4                        	MOV	BYTE [-92+EBP],AL
   230 00000213 8D 45 A4                        	LEA	EAX,DWORD [-92+EBP]
   231 00000216 50                              	PUSH	EAX
   232 00000217 6A 01                           	PUSH	1
   233 00000219 6A 04                           	PUSH	4
   234 0000021B FF 75 A0                        	PUSH	DWORD [-96+EBP]
   235 0000021E 6A 08                           	PUSH	8
   236 00000220 C6 45 A5 00                     	MOV	BYTE [-91+EBP],0
   237 00000224 FF 77 04                        	PUSH	DWORD [4+EDI]
   238 00000227 FF 37                           	PUSH	DWORD [EDI]
   239 00000229 E8 [00000000]                   	CALL	_putfonts8_asc
   240 0000022E 83 C4 1C                        	ADD	ESP,28
   241 00000231 83 45 A0 12                     	ADD	DWORD [-96+EBP],18
   242 00000235                                 L7:
   243 00000235 8D 86 FFFFFE00                  	LEA	EAX,DWORD [-512+ESI]
   244 0000023B 3D 000000FF                     	CMP	EAX,255
   245 00000240 77 69                           	JA	L8
   246 00000242 8D 45 A4                        	LEA	EAX,DWORD [-92+EBP]
   247 00000245 B9 00000014                     	MOV	ECX,20
   248 0000024A 89 45 80                        	MOV	DWORD [-128+EBP],EAX
   249 0000024D 8D 5D A4                        	LEA	EBX,DWORD [-92+EBP]
   250 00000250 FC                              	CLD
   251 00000251 31 C0                           	XOR	EAX,EAX
   252 00000253 8B 7D 80                        	MOV	EDI,DWORD [-128+EBP]
   253 00000256 F3                              	REP
   254 00000257 AB                              	STOSD
   255 00000258 56                              	PUSH	ESI
   256 00000259 68 [00000055]                   	PUSH	LC6
   257 0000025E 53                              	PUSH	EBX
   258 0000025F E8 [00000000]                   	CALL	_sprintf
   259 00000264 8B 45 08                        	MOV	EAX,DWORD [8+EBP]
   260 00000267 53                              	PUSH	EBX
   261 00000268 6A 01                           	PUSH	1
   262 0000026A 6A 04                           	PUSH	4
   263 0000026C FF 75 A0                        	PUSH	DWORD [-96+EBP]
   264 0000026F 6A 08                           	PUSH	8
   265 00000271 FF 70 04                        	PUSH	DWORD [4+EAX]
   266 00000274 FF 30                           	PUSH	DWORD [EAX]
   267 00000276 E8 [00000000]                   	CALL	_putfonts8_asc
   268 0000027B 83 C4 28                        	ADD	ESP,40
   269 0000027E 83 45 9C 0A                     	ADD	DWORD [-100+EBP],10
   270 00000282 83 45 A0 12                     	ADD	DWORD [-96+EBP],18
   271 00000286 83 7D 9C 5A                     	CMP	DWORD [-100+EBP],90
   272 0000028A 7E 3D                           	JLE	L9
   273 0000028C 6A 00                           	PUSH	0
   274 0000028E 6A 16                           	PUSH	22
   275 00000290 6A 5A                           	PUSH	90
   276 00000292 C7 45 9C 00000000               	MOV	DWORD [-100+EBP],0
   277 00000299                                 L11:
   278 00000299 6A 2C                           	PUSH	44
   279 0000029B 68 000000C8                     	PUSH	200
   280 000002A0 FF 75 08                        	PUSH	DWORD [8+EBP]
   281 000002A3 E8 [00000000]                   	CALL	_make_progress
   282 000002A8 83 C4 18                        	ADD	ESP,24
   283 000002AB                                 L8:
   284 000002AB 68 00000168                     	PUSH	360
   285 000002B0 68 00000208                     	PUSH	520
   286 000002B5 6A 0A                           	PUSH	10
   287 000002B7 6A 0A                           	PUSH	10
   288 000002B9 FF 75 08                        	PUSH	DWORD [8+EBP]
   289 000002BC E8 [00000000]                   	CALL	_sheet_refresh
   290 000002C1 83 C4 14                        	ADD	ESP,20
   291 000002C4 E9 FFFFFF0D                     	JMP	L2
   292 000002C9                                 L9:
   293 000002C9 6A 01                           	PUSH	1
   294 000002CB 6A 16                           	PUSH	22
   295 000002CD FF 75 9C                        	PUSH	DWORD [-100+EBP]
   296 000002D0 EB C7                           	JMP	L11
   297 000002D2                                 L12:
   298 000002D2 FF 75 98                        	PUSH	DWORD [-104+EBP]
   299 000002D5 E8 [00000000]                   	CALL	_task_sleep
   300 000002DA E8 [00000000]                   	CALL	_io_sti
   301 000002DF 59                              	POP	ECX
   302 000002E0 E9 FFFFFEF1                     	JMP	L2
   303                                          [SECTION .data]
   304 00000058                                 LC7:
   305 00000058 74 65 73 74 00                  	DB	"test",0x00
   306                                          [SECTION .text]
   307 000002E5                                 	GLOBAL	_brow_callback
   308 000002E5                                 _brow_callback:
   309 000002E5 55                              	PUSH	EBP
   310 000002E6 89 E5                           	MOV	EBP,ESP
   311 000002E8 68 [00000058]                   	PUSH	LC7
   312 000002ED 6A 01                           	PUSH	1
   313 000002EF 6A 04                           	PUSH	4
   314 000002F1 8B 45 08                        	MOV	EAX,DWORD [8+EBP]
   315 000002F4 6A 64                           	PUSH	100
   316 000002F6 6A 64                           	PUSH	100
   317 000002F8 FF 70 04                        	PUSH	DWORD [4+EAX]
   318 000002FB FF 30                           	PUSH	DWORD [EAX]
   319 000002FD E8 [00000000]                   	CALL	_putfonts8_asc
   320 00000302 C9                              	LEAVE
   321 00000303 C3                              	RET
