     1 00000000                                 [FORMAT "WCOFF"]
     2 00000000                                 [INSTRSET "i486p"]
     3 00000000                                 [OPTIMIZE 1]
     4 00000000                                 [OPTION 1]
     5 00000000                                 [BITS 32]
     6 00000000                                 	EXTERN	_boxfill8
     7 00000000                                 	EXTERN	_putfonts8_asc
     8 00000000                                 	EXTERN	_table_8_565
     9 00000000                                 	EXTERN	_sheet_refresh
    10 00000000                                 [FILE "menu.c"]
    11                                          [SECTION .text]
    12 00000000                                 	GLOBAL	_make_menu8
    13 00000000                                 _make_menu8:
    14 00000000 55                              	PUSH	EBP
    15 00000001 89 E5                           	MOV	EBP,ESP
    16 00000003 57                              	PUSH	EDI
    17 00000004 56                              	PUSH	ESI
    18 00000005 53                              	PUSH	EBX
    19 00000006 83 EC 20                        	SUB	ESP,32
    20 00000009 8B 45 08                        	MOV	EAX,DWORD [8+EBP]
    21 0000000C 8B 7D 0C                        	MOV	EDI,DWORD [12+EBP]
    22 0000000F 89 45 F0                        	MOV	DWORD [-16+EBP],EAX
    23 00000012 8B 45 10                        	MOV	EAX,DWORD [16+EBP]
    24 00000015 89 45 EC                        	MOV	DWORD [-20+EBP],EAX
    25 00000018 8D 77 FE                        	LEA	ESI,DWORD [-2+EDI]
    26 0000001B 8B 45 14                        	MOV	EAX,DWORD [20+EBP]
    27 0000001E 89 45 E8                        	MOV	DWORD [-24+EBP],EAX
    28 00000021 8B 45 18                        	MOV	EAX,DWORD [24+EBP]
    29 00000024 89 45 E4                        	MOV	DWORD [-28+EBP],EAX
    30 00000027 8B 45 1C                        	MOV	EAX,DWORD [28+EBP]
    31 0000002A 89 45 E0                        	MOV	DWORD [-32+EBP],EAX
    32 0000002D 8D 47 FF                        	LEA	EAX,DWORD [-1+EDI]
    33 00000030 6A 00                           	PUSH	0
    34 00000032 89 45 D8                        	MOV	DWORD [-40+EBP],EAX
    35 00000035 50                              	PUSH	EAX
    36 00000036 6A 00                           	PUSH	0
    37 00000038 6A 00                           	PUSH	0
    38 0000003A 6A 08                           	PUSH	8
    39 0000003C 57                              	PUSH	EDI
    40 0000003D FF 75 F0                        	PUSH	DWORD [-16+EBP]
    41 00000040 E8 [00000000]                   	CALL	_boxfill8
    42 00000045 6A 01                           	PUSH	1
    43 00000047 56                              	PUSH	ESI
    44 00000048 6A 01                           	PUSH	1
    45 0000004A 6A 01                           	PUSH	1
    46 0000004C 6A 07                           	PUSH	7
    47 0000004E 57                              	PUSH	EDI
    48 0000004F FF 75 F0                        	PUSH	DWORD [-16+EBP]
    49 00000052 E8 [00000000]                   	CALL	_boxfill8
    50 00000057 8B 45 EC                        	MOV	EAX,DWORD [-20+EBP]
    51 0000005A 83 C4 38                        	ADD	ESP,56
    52 0000005D 48                              	DEC	EAX
    53 0000005E 89 45 D4                        	MOV	DWORD [-44+EBP],EAX
    54 00000061 50                              	PUSH	EAX
    55 00000062 6A 00                           	PUSH	0
    56 00000064 6A 00                           	PUSH	0
    57 00000066 6A 00                           	PUSH	0
    58 00000068 6A 08                           	PUSH	8
    59 0000006A 57                              	PUSH	EDI
    60 0000006B FF 75 F0                        	PUSH	DWORD [-16+EBP]
    61 0000006E E8 [00000000]                   	CALL	_boxfill8
    62 00000073 8B 5D EC                        	MOV	EBX,DWORD [-20+EBP]
    63 00000076 83 EB 02                        	SUB	EBX,2
    64 00000079 53                              	PUSH	EBX
    65 0000007A 6A 01                           	PUSH	1
    66 0000007C 6A 01                           	PUSH	1
    67 0000007E 6A 01                           	PUSH	1
    68 00000080 6A 07                           	PUSH	7
    69 00000082 57                              	PUSH	EDI
    70 00000083 FF 75 F0                        	PUSH	DWORD [-16+EBP]
    71 00000086 E8 [00000000]                   	CALL	_boxfill8
    72 0000008B 83 C4 38                        	ADD	ESP,56
    73 0000008E 53                              	PUSH	EBX
    74 0000008F 56                              	PUSH	ESI
    75 00000090 6A 01                           	PUSH	1
    76 00000092 56                              	PUSH	ESI
    77 00000093 6A 0F                           	PUSH	15
    78 00000095 57                              	PUSH	EDI
    79 00000096 FF 75 F0                        	PUSH	DWORD [-16+EBP]
    80 00000099 E8 [00000000]                   	CALL	_boxfill8
    81 0000009E FF 75 D4                        	PUSH	DWORD [-44+EBP]
    82 000000A1 FF 75 D8                        	PUSH	DWORD [-40+EBP]
    83 000000A4 6A 00                           	PUSH	0
    84 000000A6 FF 75 D8                        	PUSH	DWORD [-40+EBP]
    85 000000A9 6A 00                           	PUSH	0
    86 000000AB 57                              	PUSH	EDI
    87 000000AC FF 75 F0                        	PUSH	DWORD [-16+EBP]
    88 000000AF E8 [00000000]                   	CALL	_boxfill8
    89 000000B4 8B 45 EC                        	MOV	EAX,DWORD [-20+EBP]
    90 000000B7 83 C4 38                        	ADD	ESP,56
    91 000000BA 83 E8 03                        	SUB	EAX,3
    92 000000BD 50                              	PUSH	EAX
    93 000000BE 8D 47 FD                        	LEA	EAX,DWORD [-3+EDI]
    94 000000C1 50                              	PUSH	EAX
    95 000000C2 6A 02                           	PUSH	2
    96 000000C4 6A 02                           	PUSH	2
    97 000000C6 6A 08                           	PUSH	8
    98 000000C8 57                              	PUSH	EDI
    99 000000C9 FF 75 F0                        	PUSH	DWORD [-16+EBP]
   100 000000CC E8 [00000000]                   	CALL	_boxfill8
   101 000000D1 53                              	PUSH	EBX
   102 000000D2 56                              	PUSH	ESI
   103 000000D3 53                              	PUSH	EBX
   104 000000D4 6A 01                           	PUSH	1
   105 000000D6 6A 0F                           	PUSH	15
   106 000000D8 57                              	PUSH	EDI
   107 000000D9 FF 75 F0                        	PUSH	DWORD [-16+EBP]
   108 000000DC E8 [00000000]                   	CALL	_boxfill8
   109 000000E1 83 C4 38                        	ADD	ESP,56
   110 000000E4 FF 75 D4                        	PUSH	DWORD [-44+EBP]
   111 000000E7 FF 75 D8                        	PUSH	DWORD [-40+EBP]
   112 000000EA FF 75 D4                        	PUSH	DWORD [-44+EBP]
   113 000000ED 6A 00                           	PUSH	0
   114 000000EF 6A 00                           	PUSH	0
   115 000000F1 57                              	PUSH	EDI
   116 000000F2 FF 75 F0                        	PUSH	DWORD [-16+EBP]
   117 000000F5 E8 [00000000]                   	CALL	_boxfill8
   118 000000FA 83 C4 1C                        	ADD	ESP,28
   119 000000FD 8B 45 E4                        	MOV	EAX,DWORD [-28+EBP]
   120 00000100 89 45 DC                        	MOV	DWORD [-36+EBP],EAX
   121 00000103 83 7D E0 00                     	CMP	DWORD [-32+EBP],0
   122 00000107 7E 32                           	JLE	L14
   123 00000109 8B 5D EC                        	MOV	EBX,DWORD [-20+EBP]
   124 0000010C 8B 75 E0                        	MOV	ESI,DWORD [-32+EBP]
   125 0000010F 83 EB 16                        	SUB	EBX,22
   126 00000112                                 L6:
   127 00000112 8B 45 DC                        	MOV	EAX,DWORD [-36+EBP]
   128 00000115 83 C0 04                        	ADD	EAX,4
   129 00000118 50                              	PUSH	EAX
   130 00000119 6A 01                           	PUSH	1
   131 0000011B 6A 00                           	PUSH	0
   132 0000011D 53                              	PUSH	EBX
   133 0000011E 83 EB 1A                        	SUB	EBX,26
   134 00000121 6A 08                           	PUSH	8
   135 00000123 57                              	PUSH	EDI
   136 00000124 FF 75 F0                        	PUSH	DWORD [-16+EBP]
   137 00000127 E8 [00000000]                   	CALL	_putfonts8_asc
   138 0000012C 83 C4 1C                        	ADD	ESP,28
   139 0000012F 8B 45 DC                        	MOV	EAX,DWORD [-36+EBP]
   140 00000132 4E                              	DEC	ESI
   141 00000133 8B 40 34                        	MOV	EAX,DWORD [52+EAX]
   142 00000136 89 45 DC                        	MOV	DWORD [-36+EBP],EAX
   143 00000139 75 D7                           	JNE	L6
   144 0000013B                                 L14:
   145 0000013B 8B 45 E0                        	MOV	EAX,DWORD [-32+EBP]
   146 0000013E 31 F6                           	XOR	ESI,ESI
   147 00000140 48                              	DEC	EAX
   148 00000141 39 C6                           	CMP	ESI,EAX
   149 00000143 7D 3E                           	JGE	L16
   150 00000145 8B 5D EC                        	MOV	EBX,DWORD [-20+EBP]
   151 00000148                                 L11:
   152 00000148 8D 53 E4                        	LEA	EDX,DWORD [-28+EBX]
   153 0000014B 8D 47 FA                        	LEA	EAX,DWORD [-6+EDI]
   154 0000014E 52                              	PUSH	EDX
   155 0000014F 46                              	INC	ESI
   156 00000150 50                              	PUSH	EAX
   157 00000151 52                              	PUSH	EDX
   158 00000152 6A 04                           	PUSH	4
   159 00000154 6A 66                           	PUSH	102
   160 00000156 57                              	PUSH	EDI
   161 00000157 FF 75 F0                        	PUSH	DWORD [-16+EBP]
   162 0000015A E8 [00000000]                   	CALL	_boxfill8
   163 0000015F 8D 47 FB                        	LEA	EAX,DWORD [-5+EDI]
   164 00000162 8D 53 E5                        	LEA	EDX,DWORD [-27+EBX]
   165 00000165 83 EB 1A                        	SUB	EBX,26
   166 00000168 52                              	PUSH	EDX
   167 00000169 50                              	PUSH	EAX
   168 0000016A 52                              	PUSH	EDX
   169 0000016B 6A 05                           	PUSH	5
   170 0000016D 6A 07                           	PUSH	7
   171 0000016F 57                              	PUSH	EDI
   172 00000170 FF 75 F0                        	PUSH	DWORD [-16+EBP]
   173 00000173 E8 [00000000]                   	CALL	_boxfill8
   174 00000178 8B 45 E0                        	MOV	EAX,DWORD [-32+EBP]
   175 0000017B 48                              	DEC	EAX
   176 0000017C 83 C4 38                        	ADD	ESP,56
   177 0000017F 39 C6                           	CMP	ESI,EAX
   178 00000181 7C C5                           	JL	L11
   179 00000183                                 L16:
   180 00000183 8B 45 E4                        	MOV	EAX,DWORD [-28+EBP]
   181 00000186 83 38 00                        	CMP	DWORD [EAX],0
   182 00000189 74 08                           	JE	L17
   183 0000018B 8D 65 F4                        	LEA	ESP,DWORD [-12+EBP]
   184 0000018E 5B                              	POP	EBX
   185 0000018F 5E                              	POP	ESI
   186 00000190 5F                              	POP	EDI
   187 00000191 5D                              	POP	EBP
   188 00000192 C3                              	RET
   189 00000193                                 L17:
   190 00000193 8B 45 E8                        	MOV	EAX,DWORD [-24+EBP]
   191 00000196 89 7D 0C                        	MOV	DWORD [12+EBP],EDI
   192 00000199 89 45 10                        	MOV	DWORD [16+EBP],EAX
   193 0000019C 8B 45 F0                        	MOV	EAX,DWORD [-16+EBP]
   194 0000019F C7 45 14 00000001               	MOV	DWORD [20+EBP],1
   195 000001A6 89 45 08                        	MOV	DWORD [8+EBP],EAX
   196 000001A9 8D 65 F4                        	LEA	ESP,DWORD [-12+EBP]
   197 000001AC 5B                              	POP	EBX
   198 000001AD 5E                              	POP	ESI
   199 000001AE 5F                              	POP	EDI
   200 000001AF 5D                              	POP	EBP
   201 000001B0 EB 00                           	JMP	_make_mtitle8
   202 000001B2                                 	GLOBAL	_make_mtitle8
   203 000001B2                                 _make_mtitle8:
   204 000001B2 55                              	PUSH	EBP
   205 000001B3 89 E5                           	MOV	EBP,ESP
   206 000001B5 56                              	PUSH	ESI
   207 000001B6 53                              	PUSH	EBX
   208 000001B7 8B 75 08                        	MOV	ESI,DWORD [8+EBP]
   209 000001BA 8B 5D 0C                        	MOV	EBX,DWORD [12+EBP]
   210 000001BD 80 7D 14 00                     	CMP	BYTE [20+EBP],0
   211 000001C1 74 30                           	JE	L19
   212 000001C3 B2 D1                           	MOV	DL,-47
   213 000001C5                                 L20:
   214 000001C5 6A 13                           	PUSH	19
   215 000001C7 8D 43 FA                        	LEA	EAX,DWORD [-6+EBX]
   216 000001CA 50                              	PUSH	EAX
   217 000001CB 6A 04                           	PUSH	4
   218 000001CD 6A 05                           	PUSH	5
   219 000001CF 0F B6 C2                        	MOVZX	EAX,DL
   220 000001D2 50                              	PUSH	EAX
   221 000001D3 53                              	PUSH	EBX
   222 000001D4 56                              	PUSH	ESI
   223 000001D5 E8 [00000000]                   	CALL	_boxfill8
   224 000001DA FF 75 10                        	PUSH	DWORD [16+EBP]
   225 000001DD 6A 01                           	PUSH	1
   226 000001DF 6A 07                           	PUSH	7
   227 000001E1 6A 04                           	PUSH	4
   228 000001E3 6A 18                           	PUSH	24
   229 000001E5 53                              	PUSH	EBX
   230 000001E6 56                              	PUSH	ESI
   231 000001E7 E8 [00000000]                   	CALL	_putfonts8_asc
   232 000001EC 8D 65 F8                        	LEA	ESP,DWORD [-8+EBP]
   233 000001EF 5B                              	POP	EBX
   234 000001F0 5E                              	POP	ESI
   235 000001F1 5D                              	POP	EBP
   236 000001F2 C3                              	RET
   237 000001F3                                 L19:
   238 000001F3 B2 0F                           	MOV	DL,15
   239 000001F5 EB CE                           	JMP	L20
   240 000001F7                                 	GLOBAL	_change_mtitle8
   241 000001F7                                 _change_mtitle8:
   242 000001F7 55                              	PUSH	EBP
   243 000001F8 89 E5                           	MOV	EBP,ESP
   244 000001FA 57                              	PUSH	EDI
   245 000001FB 56                              	PUSH	ESI
   246 000001FC 53                              	PUSH	EBX
   247 000001FD 83 EC 14                        	SUB	ESP,20
   248 00000200 8B 45 08                        	MOV	EAX,DWORD [8+EBP]
   249 00000203 80 7D 14 00                     	CMP	BYTE [20+EBP],0
   250 00000207 8B 10                           	MOV	EDX,DWORD [EAX]
   251 00000209 8B 70 04                        	MOV	ESI,DWORD [4+EAX]
   252 0000020C 89 55 EC                        	MOV	DWORD [-20+EBP],EDX
   253 0000020F 0F 84 000000C5                  	JE	L22
   254 00000215 C6 45 F3 07                     	MOV	BYTE [-13+EBP],7
   255 00000219 C6 45 F2 04                     	MOV	BYTE [-14+EBP],4
   256 0000021D C6 45 F1 00                     	MOV	BYTE [-15+EBP],0
   257 00000221 C6 45 F0 08                     	MOV	BYTE [-16+EBP],8
   258 00000225                                 L23:
   259 00000225 6B 45 10 1A                     	IMUL	EAX,DWORD [16+EBP],26
   260 00000229 83 7D 0C 00                     	CMP	DWORD [12+EBP],0
   261 0000022D 8D 48 E9                        	LEA	ECX,DWORD [-23+EAX]
   262 00000230 89 4D E0                        	MOV	DWORD [-32+EBP],ECX
   263 00000233 75 06                           	JNE	L24
   264 00000235 83 E8 05                        	SUB	EAX,5
   265 00000238 89 45 E0                        	MOV	DWORD [-32+EBP],EAX
   266 0000023B                                 L24:
   267 0000023B 31 FF                           	XOR	EDI,EDI
   268 0000023D                                 L37:
   269 0000023D BB 00000005                     	MOV	EBX,5
   270 00000242 8D 46 FA                        	LEA	EAX,DWORD [-6+ESI]
   271 00000245 39 C3                           	CMP	EBX,EAX
   272 00000247 7F 53                           	JG	L41
   273 00000249                                 L36:
   274 00000249 8B 45 E0                        	MOV	EAX,DWORD [-32+EBP]
   275 0000024C 01 F8                           	ADD	EAX,EDI
   276 0000024E 0F AF C6                        	IMUL	EAX,ESI
   277 00000251 8D 14 03                        	LEA	EDX,DWORD [EBX+EAX*1]
   278 00000254 8B 45 EC                        	MOV	EAX,DWORD [-20+EBP]
   279 00000257 66 8B 14 50                     	MOV	DX,WORD [EAX+EDX*2]
   280 0000025B 0F B6 45 F1                     	MOVZX	EAX,BYTE [-15+EBP]
   281 0000025F 66 89 55 E6                     	MOV	WORD [-26+EBP],DX
   282 00000263 66 3B 94 00 [00000000]          	CMP	DX,WORD [_table_8_565+EAX+EAX*1]
   283 0000026B 74 67                           	JE	L43
   284 0000026D 0F B6 45 F0                     	MOVZX	EAX,BYTE [-16+EBP]
   285 00000271 66 8B 55 E6                     	MOV	DX,WORD [-26+EBP]
   286 00000275 66 3B 94 00 [00000000]          	CMP	DX,WORD [_table_8_565+EAX+EAX*1]
   287 0000027D 74 43                           	JE	L44
   288 0000027F                                 L34:
   289 0000027F 66 8B 55 E6                     	MOV	DX,WORD [-26+EBP]
   290 00000283 8B 45 E0                        	MOV	EAX,DWORD [-32+EBP]
   291 00000286 01 F8                           	ADD	EAX,EDI
   292 00000288 8B 4D EC                        	MOV	ECX,DWORD [-20+EBP]
   293 0000028B 0F AF C6                        	IMUL	EAX,ESI
   294 0000028E 01 D8                           	ADD	EAX,EBX
   295 00000290 43                              	INC	EBX
   296 00000291 66 89 14 41                     	MOV	WORD [ECX+EAX*2],DX
   297 00000295 8D 46 FA                        	LEA	EAX,DWORD [-6+ESI]
   298 00000298 39 C3                           	CMP	EBX,EAX
   299 0000029A 7E AD                           	JLE	L36
   300 0000029C                                 L41:
   301 0000029C 47                              	INC	EDI
   302 0000029D 83 FF 15                        	CMP	EDI,21
   303 000002A0 7E 9B                           	JLE	L37
   304 000002A2 8B 45 E0                        	MOV	EAX,DWORD [-32+EBP]
   305 000002A5 83 C0 16                        	ADD	EAX,22
   306 000002A8 50                              	PUSH	EAX
   307 000002A9 8D 46 FB                        	LEA	EAX,DWORD [-5+ESI]
   308 000002AC 50                              	PUSH	EAX
   309 000002AD FF 75 E0                        	PUSH	DWORD [-32+EBP]
   310 000002B0 6A 05                           	PUSH	5
   311 000002B2 FF 75 08                        	PUSH	DWORD [8+EBP]
   312 000002B5 E8 [00000000]                   	CALL	_sheet_refresh
   313 000002BA 8D 65 F4                        	LEA	ESP,DWORD [-12+EBP]
   314 000002BD 5B                              	POP	EBX
   315 000002BE 5E                              	POP	ESI
   316 000002BF 5F                              	POP	EDI
   317 000002C0 5D                              	POP	EBP
   318 000002C1 C3                              	RET
   319 000002C2                                 L44:
   320 000002C2 0F B6 45 F2                     	MOVZX	EAX,BYTE [-14+EBP]
   321 000002C6                                 L42:
   322 000002C6 66 8B 84 00 [00000000]          	MOV	AX,WORD [_table_8_565+EAX+EAX*1]
   323 000002CE 66 89 45 E6                     	MOV	WORD [-26+EBP],AX
   324 000002D2 EB AB                           	JMP	L34
   325 000002D4                                 L43:
   326 000002D4 0F B6 45 F3                     	MOVZX	EAX,BYTE [-13+EBP]
   327 000002D8 EB EC                           	JMP	L42
   328 000002DA                                 L22:
   329 000002DA C6 45 F3 00                     	MOV	BYTE [-13+EBP],0
   330 000002DE C6 45 F2 08                     	MOV	BYTE [-14+EBP],8
   331 000002E2 C6 45 F1 07                     	MOV	BYTE [-15+EBP],7
   332 000002E6 C6 45 F0 04                     	MOV	BYTE [-16+EBP],4
   333 000002EA E9 FFFFFF36                     	JMP	L23
   334 000002EF                                 	GLOBAL	_push_menu
   335 000002EF                                 _push_menu:
   336 000002EF 55                              	PUSH	EBP
   337 000002F0 89 E5                           	MOV	EBP,ESP
   338 000002F2 5D                              	POP	EBP
   339 000002F3 C3                              	RET
   340 000002F4                                 	GLOBAL	_pull_menu
   341 000002F4                                 _pull_menu:
   342 000002F4 55                              	PUSH	EBP
   343 000002F5 89 E5                           	MOV	EBP,ESP
   344 000002F7 5D                              	POP	EBP
   345 000002F8 C3                              	RET
