     1 00000000                                 [FORMAT "WCOFF"]
     2 00000000                                 [INSTRSET "i486p"]
     3 00000000                                 [OPTIMIZE 1]
     4 00000000                                 [OPTION 1]
     5 00000000                                 [BITS 32]
     6 00000000                                 	EXTERN	_io_out8
     7 00000000                                 	EXTERN	_io_in8
     8 00000000                                 [FILE "rtc.c"]
     9                                          [SECTION .text]
    10 00000000                                 	GLOBAL	_init_rtc
    11 00000000                                 _init_rtc:
    12 00000000 55                              	PUSH	EBP
    13 00000001 89 E5                           	MOV	EBP,ESP
    14 00000003 5D                              	POP	EBP
    15 00000004 C3                              	RET
    16                                          [SECTION .data]
    17 00000000                                 _adr.0:
    18 00000000 32                              	DB	50
    19 00000001 08                              	DB	8
    20 00000002 07                              	DB	7
    21 00000003 04                              	DB	4
    22 00000004 02                              	DB	2
    23 00000005 00                              	DB	0
    24 00000006 09                              	DB	9
    25 00000007                                 _max.1:
    26 00000007 99                              	DB	-103
    27 00000008 12                              	DB	18
    28 00000009 31                              	DB	49
    29 0000000A 23                              	DB	35
    30 0000000B 59                              	DB	89
    31 0000000C 60                              	DB	96
    32 0000000D 99                              	DB	-103
    33                                          [SECTION .text]
    34 00000005                                 	GLOBAL	_rtc_get
    35 00000005                                 _rtc_get:
    36 00000005 55                              	PUSH	EBP
    37 00000006 89 E5                           	MOV	EBP,ESP
    38 00000008 57                              	PUSH	EDI
    39 00000009 56                              	PUSH	ESI
    40 0000000A 53                              	PUSH	EBX
    41 0000000B 50                              	PUSH	EAX
    42 0000000C 83 C8 FF                        	OR	EAX,-1
    43 0000000F 8B 75 08                        	MOV	ESI,DWORD [8+EBP]
    44 00000012 C7 45 F0 00000000               	MOV	DWORD [-16+EBP],0
    45 00000019 83 FE 05                        	CMP	ESI,5
    46 0000001C 7E 08                           	JLE	L4
    47 0000001E                                 L2:
    48 0000001E 8D 65 F4                        	LEA	ESP,DWORD [-12+EBP]
    49 00000021 5B                              	POP	EBX
    50 00000022 5E                              	POP	ESI
    51 00000023 5F                              	POP	EDI
    52 00000024 5D                              	POP	EBP
    53 00000025 C3                              	RET
    54 00000026                                 L4:
    55 00000026 0F B6 86 [00000000]             	MOVZX	EAX,BYTE [_adr.0+ESI]
    56 0000002D 50                              	PUSH	EAX
    57 0000002E 31 FF                           	XOR	EDI,EDI
    58 00000030 6A 70                           	PUSH	112
    59 00000032 E8 [00000000]                   	CALL	_io_out8
    60 00000037 6A 71                           	PUSH	113
    61 00000039 E8 [00000000]                   	CALL	_io_in8
    62 0000003E 88 C3                           	MOV	BL,AL
    63 00000040 0F B6 86 [00000000]             	MOVZX	EAX,BYTE [_adr.0+ESI]
    64 00000047 50                              	PUSH	EAX
    65 00000048 6A 70                           	PUSH	112
    66 0000004A E8 [00000000]                   	CALL	_io_out8
    67 0000004F 6A 71                           	PUSH	113
    68 00000051 E8 [00000000]                   	CALL	_io_in8
    69 00000056 83 C4 18                        	ADD	ESP,24
    70 00000059 88 C1                           	MOV	CL,AL
    71 0000005B 38 C3                           	CMP	BL,AL
    72 0000005D 74 45                           	JE	L11
    73 0000005F                                 L8:
    74 0000005F BF 00000001                     	MOV	EDI,1
    75 00000064                                 L7:
    76 00000064 85 F6                           	TEST	ESI,ESI
    77 00000066 75 1E                           	JNE	L6
    78 00000068 88 C8                           	MOV	AL,CL
    79 0000006A 89 CA                           	MOV	EDX,ECX
    80 0000006C C0 E8 04                        	SHR	AL,4
    81 0000006F 83 E2 0F                        	AND	EDX,15
    82 00000072 0F B6 C0                        	MOVZX	EAX,AL
    83 00000075 6B C0 0A                        	IMUL	EAX,EAX,10
    84 00000078 01 D0                           	ADD	EAX,EDX
    85 0000007A BE 00000006                     	MOV	ESI,6
    86 0000007F 6B C0 64                        	IMUL	EAX,EAX,100
    87 00000082 47                              	INC	EDI
    88 00000083 89 45 F0                        	MOV	DWORD [-16+EBP],EAX
    89 00000086                                 L6:
    90 00000086 85 FF                           	TEST	EDI,EDI
    91 00000088 75 9C                           	JNE	L4
    92 0000008A 88 C8                           	MOV	AL,CL
    93 0000008C 89 CA                           	MOV	EDX,ECX
    94 0000008E C0 E8 04                        	SHR	AL,4
    95 00000091 83 E2 0F                        	AND	EDX,15
    96 00000094 0F B6 C0                        	MOVZX	EAX,AL
    97 00000097 6B C0 0A                        	IMUL	EAX,EAX,10
    98 0000009A 01 D0                           	ADD	EAX,EDX
    99 0000009C 03 45 F0                        	ADD	EAX,DWORD [-16+EBP]
   100 0000009F E9 FFFFFF7A                     	JMP	L2
   101 000000A4                                 L11:
   102 000000A4 83 E0 0F                        	AND	EAX,15
   103 000000A7 3C 09                           	CMP	AL,9
   104 000000A9 77 B4                           	JA	L8
   105 000000AB 38 8E [00000007]                	CMP	BYTE [_max.1+ESI],CL
   106 000000B1 73 B1                           	JAE	L7
   107 000000B3 EB AA                           	JMP	L8
