     1 00000000                                 [FORMAT "WCOFF"]
     2 00000000                                 [INSTRSET "i486p"]
     3 00000000                                 [OPTIMIZE 1]
     4 00000000                                 [OPTION 1]
     5 00000000                                 [BITS 32]
     6 00000000                                 	EXTERN	_io_out8
     7 00000000                                 	EXTERN	_io_in8
     8 00000000                                 [FILE "sb16.c"]
     9                                          [SECTION .text]
    10 00000000                                 	GLOBAL	_test_sb16
    11 00000000                                 _test_sb16:
    12 00000000 55                              	PUSH	EBP
    13 00000001 89 E5                           	MOV	EBP,ESP
    14 00000003 53                              	PUSH	EBX
    15 00000004 6A 01                           	PUSH	1
    16 00000006 31 DB                           	XOR	EBX,EBX
    17 00000008 68 00000226                     	PUSH	550
    18 0000000D 66 C7 05 [00000000] 0006        	MOV	WORD [_CardID],6
    19 00000016 66 C7 05 [00000002] 0220        	MOV	WORD [_IOAddr],544
    20 0000001F 66 C7 05 [00000004] 0005        	MOV	WORD [_SBIntr],5
    21 00000028 66 C7 05 [00000006] 0001        	MOV	WORD [_DMA],1
    22 00000031 66 C7 05 [00000008] 0005        	MOV	WORD [_HDMA],5
    23 0000003A 66 C7 05 [0000000A] 0000        	MOV	WORD [_MIDI],0
    24 00000043 66 C7 05 [0000000C] 0330        	MOV	WORD [_Mixer],816
    25 0000004C 66 C7 05 [0000000E] 0224        	MOV	WORD [_MixerAddr],548
    26 00000055 66 C7 05 [00000010] 0225        	MOV	WORD [_MixerData],549
    27 0000005E 66 C7 05 [00000012] 0226        	MOV	WORD [_DSPReset],550
    28 00000067 66 C7 05 [00000014] 022A        	MOV	WORD [_DSPRead],554
    29 00000070 66 C7 05 [00000016] 022C        	MOV	WORD [_DSPWrite],556
    30 00000079 66 C7 05 [00000018] 022E        	MOV	WORD [_DSPStatus],558
    31 00000082 66 C7 05 [0000001A] 022F        	MOV	WORD [_DSPIntAck],559
    32 0000008B E8 [00000000]                   	CALL	_io_out8
    33 00000090 6A 00                           	PUSH	0
    34 00000092 0F BF 05 [00000012]             	MOVSX	EAX,WORD [_DSPReset]
    35 00000099 50                              	PUSH	EAX
    36 0000009A E8 [00000000]                   	CALL	_io_out8
    37 0000009F E8 00000032                     	CALL	_dsp_data_avail
    38 000000A4 83 C4 10                        	ADD	ESP,16
    39 000000A7                                 L7:
    40 000000A7 0F BF 05 [00000014]             	MOVSX	EAX,WORD [_DSPRead]
    41 000000AE 50                              	PUSH	EAX
    42 000000AF E8 [00000000]                   	CALL	_io_in8
    43 000000B4 5A                              	POP	EDX
    44 000000B5 3D 000000AA                     	CMP	EAX,170
    45 000000BA 74 11                           	JE	L10
    46 000000BC 43                              	INC	EBX
    47 000000BD 81 FB 000003E7                  	CMP	EBX,999
    48 000000C3 7E E2                           	JLE	L7
    49 000000C5 83 C8 FF                        	OR	EAX,-1
    50 000000C8                                 L1:
    51 000000C8 8B 5D FC                        	MOV	EBX,DWORD [-4+EBP]
    52 000000CB C9                              	LEAVE
    53 000000CC C3                              	RET
    54 000000CD                                 L10:
    55 000000CD E8 00000032                     	CALL	_get_dsp_version
    56 000000D2 31 C0                           	XOR	EAX,EAX
    57 000000D4 EB F2                           	JMP	L1
    58 000000D6                                 	GLOBAL	_dsp_data_avail
    59 000000D6                                 _dsp_data_avail:
    60 000000D6 55                              	PUSH	EBP
    61 000000D7 89 E5                           	MOV	EBP,ESP
    62 000000D9                                 L12:
    63 000000D9 0F BF 05 [00000018]             	MOVSX	EAX,WORD [_DSPStatus]
    64 000000E0 50                              	PUSH	EAX
    65 000000E1 E8 [00000000]                   	CALL	_io_in8
    66 000000E6 59                              	POP	ECX
    67 000000E7 84 C0                           	TEST	AL,AL
    68 000000E9 79 EE                           	JNS	L12
    69 000000EB C9                              	LEAVE
    70 000000EC C3                              	RET
    71 000000ED                                 	GLOBAL	_dsp_wait
    72 000000ED                                 _dsp_wait:
    73 000000ED 55                              	PUSH	EBP
    74 000000EE 89 E5                           	MOV	EBP,ESP
    75 000000F0                                 L17:
    76 000000F0 0F BF 05 [00000016]             	MOVSX	EAX,WORD [_DSPWrite]
    77 000000F7 50                              	PUSH	EAX
    78 000000F8 E8 [00000000]                   	CALL	_io_in8
    79 000000FD 5A                              	POP	EDX
    80 000000FE 84 C0                           	TEST	AL,AL
    81 00000100 78 EE                           	JS	L17
    82 00000102 C9                              	LEAVE
    83 00000103 C3                              	RET
    84 00000104                                 	GLOBAL	_get_dsp_version
    85 00000104                                 _get_dsp_version:
    86 00000104 55                              	PUSH	EBP
    87 00000105 89 E5                           	MOV	EBP,ESP
    88 00000107 51                              	PUSH	ECX
    89 00000108 E8 FFFFFFE0                     	CALL	_dsp_wait
    90 0000010D 68 000000E1                     	PUSH	225
    91 00000112 0F BF 05 [00000016]             	MOVSX	EAX,WORD [_DSPWrite]
    92 00000119 50                              	PUSH	EAX
    93 0000011A E8 [00000000]                   	CALL	_io_out8
    94 0000011F E8 FFFFFFB2                     	CALL	_dsp_data_avail
    95 00000124 8D 45 FF                        	LEA	EAX,DWORD [-1+EBP]
    96 00000127 50                              	PUSH	EAX
    97 00000128 E8 0000001B                     	CALL	_read_dsp
    98 0000012D 8D 45 FE                        	LEA	EAX,DWORD [-2+EBP]
    99 00000130 50                              	PUSH	EAX
   100 00000131 E8 00000012                     	CALL	_read_dsp
   101 00000136 8A 45 FF                        	MOV	AL,BYTE [-1+EBP]
   102 00000139 A2 [00000020]                   	MOV	BYTE [_ver1],AL
   103 0000013E 8A 45 FE                        	MOV	AL,BYTE [-2+EBP]
   104 00000141 A2 [00000021]                   	MOV	BYTE [_ver2],AL
   105 00000146 C9                              	LEAVE
   106 00000147 C3                              	RET
   107 00000148                                 	GLOBAL	_read_dsp
   108 00000148                                 _read_dsp:
   109 00000148 55                              	PUSH	EBP
   110 00000149 89 E5                           	MOV	EBP,ESP
   111 0000014B E8 FFFFFF86                     	CALL	_dsp_data_avail
   112 00000150 0F BF 05 [00000014]             	MOVSX	EAX,WORD [_DSPRead]
   113 00000157 50                              	PUSH	EAX
   114 00000158 E8 [00000000]                   	CALL	_io_in8
   115 0000015D 8B 55 08                        	MOV	EDX,DWORD [8+EBP]
   116 00000160 88 02                           	MOV	BYTE [EDX],AL
   117 00000162 C9                              	LEAVE
   118 00000163 C3                              	RET
   119 00000164                                 	GLOBAL	_write_dsp
   120 00000164                                 _write_dsp:
   121 00000164 55                              	PUSH	EBP
   122 00000165 89 E5                           	MOV	EBP,ESP
   123 00000167 53                              	PUSH	EBX
   124 00000168 8A 5D 08                        	MOV	BL,BYTE [8+EBP]
   125 0000016B E8 FFFFFF7D                     	CALL	_dsp_wait
   126 00000170 0F B6 DB                        	MOVZX	EBX,BL
   127 00000173 53                              	PUSH	EBX
   128 00000174 0F BF 05 [00000016]             	MOVSX	EAX,WORD [_DSPWrite]
   129 0000017B 50                              	PUSH	EAX
   130 0000017C E8 [00000000]                   	CALL	_io_out8
   131 00000181 8B 5D FC                        	MOV	EBX,DWORD [-4+EBP]
   132 00000184 C9                              	LEAVE
   133 00000185 C3                              	RET
   134 00000186                                 	GLOBAL	_CardID
   135                                          [SECTION .data]
   136 00000000                                 	ALIGNB	2
   137 00000000                                 _CardID:
   138 00000000 00 00                           	RESB	2
   139 00000002                                 	GLOBAL	_IOAddr
   140                                          [SECTION .data]
   141 00000002                                 	ALIGNB	2
   142 00000002                                 _IOAddr:
   143 00000002 00 00                           	RESB	2
   144 00000004                                 	GLOBAL	_SBIntr
   145                                          [SECTION .data]
   146 00000004                                 	ALIGNB	2
   147 00000004                                 _SBIntr:
   148 00000004 00 00                           	RESB	2
   149 00000006                                 	GLOBAL	_DMA
   150                                          [SECTION .data]
   151 00000006                                 	ALIGNB	2
   152 00000006                                 _DMA:
   153 00000006 00 00                           	RESB	2
   154 00000008                                 	GLOBAL	_HDMA
   155                                          [SECTION .data]
   156 00000008                                 	ALIGNB	2
   157 00000008                                 _HDMA:
   158 00000008 00 00                           	RESB	2
   159 0000000A                                 	GLOBAL	_MIDI
   160                                          [SECTION .data]
   161 0000000A                                 	ALIGNB	2
   162 0000000A                                 _MIDI:
   163 0000000A 00 00                           	RESB	2
   164 0000000C                                 	GLOBAL	_Mixer
   165                                          [SECTION .data]
   166 0000000C                                 	ALIGNB	2
   167 0000000C                                 _Mixer:
   168 0000000C 00 00                           	RESB	2
   169 0000000E                                 	GLOBAL	_MixerAddr
   170                                          [SECTION .data]
   171 0000000E                                 	ALIGNB	2
   172 0000000E                                 _MixerAddr:
   173 0000000E 00 00                           	RESB	2
   174 00000010                                 	GLOBAL	_MixerData
   175                                          [SECTION .data]
   176 00000010                                 	ALIGNB	2
   177 00000010                                 _MixerData:
   178 00000010 00 00                           	RESB	2
   179 00000012                                 	GLOBAL	_DSPReset
   180                                          [SECTION .data]
   181 00000012                                 	ALIGNB	2
   182 00000012                                 _DSPReset:
   183 00000012 00 00                           	RESB	2
   184 00000014                                 	GLOBAL	_DSPRead
   185                                          [SECTION .data]
   186 00000014                                 	ALIGNB	2
   187 00000014                                 _DSPRead:
   188 00000014 00 00                           	RESB	2
   189 00000016                                 	GLOBAL	_DSPWrite
   190                                          [SECTION .data]
   191 00000016                                 	ALIGNB	2
   192 00000016                                 _DSPWrite:
   193 00000016 00 00                           	RESB	2
   194 00000018                                 	GLOBAL	_DSPStatus
   195                                          [SECTION .data]
   196 00000018                                 	ALIGNB	2
   197 00000018                                 _DSPStatus:
   198 00000018 00 00                           	RESB	2
   199 0000001A                                 	GLOBAL	_DSPIntAck
   200                                          [SECTION .data]
   201 0000001A                                 	ALIGNB	2
   202 0000001A                                 _DSPIntAck:
   203 0000001A 00 00                           	RESB	2
   204 0000001C                                 	GLOBAL	_DSPVersionNum
   205                                          [SECTION .data]
   206 0000001C                                 	ALIGNB	4
   207 0000001C                                 _DSPVersionNum:
   208 0000001C 00 00 00 00                     	RESB	4
   209 00000020                                 	GLOBAL	_ver1
   210                                          [SECTION .data]
   211 00000020                                 _ver1:
   212 00000020 00                              	RESB	1
   213 00000021                                 	GLOBAL	_ver2
   214                                          [SECTION .data]
   215 00000021                                 _ver2:
   216 00000021 00                              	RESB	1
