参数[0]=C:\Users\DBJ\git\hos\fat\edqcow2\edqcow2.
参数[1]=C:\Users\DBJ\git\hos\tools\qemu\qemu_img\format\qcow2_16128K_format.qcow2.
参数[2]=format.
参数[3]=drv1.
参数[4]=-m.
参数[5]=C:\Users\DBJ\git\hos\fat\edqcow2\vbr12.bin.
format.
param=drv1.
partition no=1.
>>----- format_partition begin -----
file:C:\Users\DBJ\git\hos\tools\qemu\qemu_img\format\qcow2_16128K_format.qcow2.
parttion_no:1.
filesystem:auto_.
>>----- read_qcow2 begin -----
sizeof(header)=72
readed count=72

>>----- Level 1 Table -----
表1在镜像文件中的位置[(4096, 0X1000)-(8192, 0X2000))
l1_table_offset=4096,0X1000.
l1_table_size=8,0X8.
l1[0]=16384. 0X4000.
table[00000]=0000016384, 0X0000004000 
----- Level 1 Table -----<<

>>----- Refcount Table -----
refcount_table_cnt=1.
refcount table offset=8192, 0X2000.
refcount[0]=0X0.
引用计数表在镜像文件中的位置[(8192, 0X2000)-(12288, 0X3000))
table[00000]=0000012288, 0X0000003000 
----- Refcount Table -----<<

>>----- Refcount Block -----
!!!引用计数块在镜像文件中似乎不是连续存储的，那么1个引用计数块的大小应该是1个簇。
引用计数块在镜像文件中的位置[(12288, 0X3000)-(16384, 0X4000))
refcount_cnt=2048.
refcount block offset=12288, 0X3000, count=0.
table[00000]=1. table[00001]=1. table[00002]=1. table[00003]=1. table[00004]=1. table[00005]=1. table[00006]=1. table[00007]=1. 
table[00008]=1. table[00009]=1. table[00010]=1. table[00011]=1. table[00012]=1. table[00013]=1. table[00014]=1. 
----- Refcount Block -----<<

>>----- Level 2 Table -----
L2 Table offset=16384, 0X4000.

表2在镜像文件中的最初位置[(16384, 0X4000)-(20480, 0X5000)).
offset[00000]=16384, 0X4000 
l2[000]=0000000057344. 0X000000E000.l2[007]=0000000020480. 0X0000005000.l2[015]=0000000024576. 0X0000006000.l2[023]=0000000028672. 0X0000007000.l2[031]=0000000032768. 0X0000008000.l2[039]=0000000036864. 0X0000009000.l2[047]=0000000040960. 0X000000A000.l2[055]=0000000045056. 0X000000B000.
l2[063]=0000000049152. 0X000000C000.l2[070]=0000000053248. 0X000000D000.

l2 table's size:4096.
table[00000]=0000057344, 0X000000E000 table[00007]=0000020480, 0X0000005000 table[00015]=0000024576, 0X0000006000 table[00023]=0000028672, 0X0000007000 table[00031]=0000032768, 0X0000008000 table[00039]=0000036864, 0X0000009000 table[00047]=0000040960, 0X000000A000 table[00055]=0000045056, 0X000000B000 
table[00063]=0000049152, 0X000000C000 table[00070]=0000053248, 0X000000D000 
----- Level 2 Table -----<<

----- read_qcow2 begin -----<<
>>----- print_qcow2_file -----.
HEADER:00A61818.
L1    :00A61868.
RFT   :00A61CF0.
RFB   :00A68D28.
L2    :00E013C8.

簇大小4096
----- print_qcow2_file -----<<.
>>----- QCOW2 HEADER -----.
头信息在镜像文件中的位置[(0, 0X0000)-(4096, 0X1000))
QCOW2_MAGIC                  (4) = 0X514649FB,QCOW magic string.
QCOW2_version                (4) = 0X2,Version number (valid values are 2 and 3).
QCOW2_backing_file_offset    (8) = 0X0,Offset into the image file at which the backing file name is stored (NB: The string is not null terminated). 0 if the image doesn't have a backing file.
QCOW2_backing_file_size      (4) = 0X0,Length of the backing file name in bytes. Must not be longer than 1023 bytes. Undefined if the image doesn't have a backing file.
QCOW2_cluster_bits           (4) = 0XC,Number of bits that are used for addressing an offset within a cluster (1 << cluster_bits is the cluster size). Must not be less than 9 (i.e. 512 byte clusters).
QCOW2_size                   (8) = 16515072,0X0000FC0000,Virtual disk size in bytes.
                                        十六进制的值有不正确的可能。
QCOW2_crypt_method           (4) = 0X0,0 for no encryption;1 for AES encryption.
QCOW2_l1_size                (4) = 0X8 8,Number of entries in the active L1 table(MAX).
*QCOW2_l1_table_offset       (8) = 0X1000,Offset into the image file at which the active L1 table starts. Must be aligned to a cluster boundary.
*QCOW2_refcount_table_offset (8) = 0X2000,Offset into the image file at which the refcount table starts. Must be aligned to a cluster boundary.
QCOW2_refcount_table_clusters(4) = 0X1,Number of clusters that the refcount table occupies.
QCOW2_nb_snapshots           (4) = 0X0,Number of snapshots contained in the image.
QCOW2_snapshots_offset       (8) = 0X0,Offset into the image file at which the snapshot table starts. Must be aligned to a cluster boundary.
12.
cluster_size = 4096
----- QCOW2 HEADER -----<<.
>>----- Level 1 Table -----
表1在镜像文件中的位置[(4096, 0X1000)-(8192, 0X2000))
table[00000]=0000016384, 0X0000004000 
----- Level 1 Table -----<<

>>----- Refcount Table -----
引用计数表在镜像文件中的位置[(8192, 0X2000)-(12288, 0X3000))
table[00000]=0000012288, 0X0000003000 
----- Refcount Table -----<<

>>----- Refcount Block -----
!!!引用计数块在镜像文件中似乎不是连续存储的，那么1个引用计数块的大小应该是1个簇。
引用计数块在镜像文件中的位置[(12288, 0X3000)-(16384, 0X4000))
table[00000]=1. table[00001]=1. table[00002]=1. table[00003]=1. table[00004]=1. table[00005]=1. table[00006]=1. table[00007]=1. 
table[00008]=1. table[00009]=1. table[00010]=1. table[00011]=1. table[00012]=1. table[00013]=1. table[00014]=1. 
----- Refcount Block -----<<

>>----- Level 2 Table -----
表2在镜像文件中的最初位置[(57344, 0XE000)-(61440, 0XF000)).
table[00000]=0000057344, 0X000000E000 table[00007]=0000020480, 0X0000005000 table[00015]=0000024576, 0X0000006000 table[00023]=0000028672, 0X0000007000 table[00031]=0000032768, 0X0000008000 table[00039]=0000036864, 0X0000009000 table[00047]=0000040960, 0X000000A000 table[00055]=0000045056, 0X000000B000 
table[00063]=0000049152, 0X000000C000 table[00070]=0000053248, 0X000000D000 
----- Level 2 Table -----<<

>>----- Partition Table -----
L2 Table offset=0, 0X0.
----- drv1 mbr info -----
>>----- get_l1_index 0 4096 512-----.
----- get_l1_index 0 4096 512-----<<.
>>----- get_l1_index 0 4096 512-----.
----- get_l1_index 0 4096 512-----<<.
起始扇区号：0 (l1=0， l2=0, cluster=0), 在镜像文件中的位置[(157344. 0XE000)-.(57856, 0XE200)).
0X55, 0XAA.
WIN95 FAT16 LBA.
80 01 00 01 0e 0f 1f 3f 63 32193 15.75MB 
   01 00 01 0f 1f 3f 
Empty.
00 00 00 00 00 00 00 00 0 0 0.00MB 
   00 00 00 00 00 00 
Empty.
00 00 00 00 00 00 00 00 0 0 0.00MB 
   00 00 00 00 00 00 
Empty.
00 00 00 00 00 00 00 00 0 0 0.00MB 
   00 00 00 00 00 00 


========= this is a test for list.
flag=1 扇区LBA_NO=0 WIN95 FAT16 LBA.
80 01 00 01 0e 0f 1f 3f 63 32193 15.75MB 
   01 00 01 0f 1f 3f 
========= this is a test for list.
----- Partition Table -----<<

WIN95 FAT16 LBA.
80 01 00 01 0e 0f 1f 3f 63 32193 15.75MB 
   01 00 01 0f 1f 3f 
分区的起始扇区LBA号0.



***从这开始输出***.


>>----- get_partition_size begin -----
----- get_partition_size end -----<<
>>----- get_sector_per_cluster begin -----
----- get_sector_per_cluster end -----<<
计算出的簇大小：sector_per_cluster=8.
分区大小：32193.
  簇大小：8扇区/簇.
FAT 大小4025.
每个FAT的扇区数量12.
写入引导扇区开始。
bs_OEMName=MSWIN4.1.
bpb_BytesPerSector=512.
bpb_SectorsPerCluster=8.
bpb_ReservedSectorst=1.
bpb_FatCopies=2.
bpb_RootDirEntries=512.
bpb_NumSectors=32193.
bpb_MediaType=2.
bpb_SectorsPerFAT=12.
bpb_SectorsPerTrack=63.
bpb_NumberOfHeads=16.
bpb_HiddenSectors=63.
bpb_SectorsBig=0.
bs_DrvNum=128.
bs_Reaserved1=0.
bs_Bootsig=41.
bs_VolID=2C53-10F2.
bs_VolLab=NO NAME    .
bs_FileSysType=FAT12   .
bs_EndFlag=AA55.
>>----- ■■■write_qcow2 begin -----
扇区索引63.缓冲区大小512.
-----------------------------------.
0◆扇区索引63.
>>----- get_l1_index 63 4096 512-----.
----- get_l1_index 63 4096 512-----<<.
L1:0, L2:7, 簇:3584.E00.
0◆簇的剩余大小512.
0◆待写区域大小512.
L1_size:8.
表1偏移:16384 4000.
表2偏移:20480 5000.
更新原有的簇.:20480 5000.
簇内偏移:24064 5E00.
镜像文件中的簇信息:5, 5.
引用计数块的个数:2048.
引用计数块的使用情况:1.
0◆成功写入区域大小512.
0◆累计成功写入区域大小512.
0◆成功写入区域大小512.
----- ■■■write_qcow2 end -----<<

写入引导扇区结束。
写入根目录开始。
>>----- ■■■write_qcow2 begin -----
扇区索引88.缓冲区大小16384.
-----------------------------------.
0◆扇区索引88.
>>----- get_l1_index 88 4096 512-----.
----- get_l1_index 88 4096 512-----<<.
L1:0, L2:11, 簇:0.0.
0◆簇的剩余大小4096.
0◆待写区域大小16384.
L1_size:8.
表1偏移:16384 4000.
表2偏移:0 0.
新规表2偏移:61440 F000.
簇内偏移:61440 F000.
镜像文件中的簇信息:15, F.
引用计数块的个数:2048.
引用计数块的使用情况:1.
0◆成功写入区域大小4096.
0◆累计成功写入区域大小4096.
0◆成功写入区域大小4096.
>>----- write_l2 begin -----
table[00000]=0000057344, 0X000000E000 table[00007]=0000020480, 0X0000005000 table[00011]=0000061440, 0X000000F000 table[00015]=0000024576, 0X0000006000 table[00023]=0000028672, 0X0000007000 table[00031]=0000032768, 0X0000008000 table[00039]=0000036864, 0X0000009000 table[00047]=0000040960, 0X000000A000 
table[00055]=0000045056, 0X000000B000 table[00063]=0000049152, 0X000000C000 table[00070]=0000053248, 0X000000D000 
table[00000]=0000057344, 0X000000E000 table[00007]=0000020480, 0X0000005000 table[00011]=0000061440, 0X000000F000 table[00015]=0000024576, 0X0000006000 table[00023]=0000028672, 0X0000007000 table[00031]=0000032768, 0X0000008000 table[00039]=0000036864, 0X0000009000 table[00047]=0000040960, 0X000000A000 
table[00055]=0000045056, 0X000000B000 table[00063]=0000049152, 0X000000C000 table[00070]=0000053248, 0X000000D000 table[00000]=63050394783187072, 0X0000000080 table[00007]=22517998136852608, 0X0000000080 table[00011]=67553994410557568, 0X0000000080 table[00015]=27021597764223104, 0X0000000080 table[00023]=31525197391593600, 0X0000000080 table[00031]=36028797018964096, 0X0000000080 table[00039]=40532396646334592, 0X0000000080 table[00047]=45035996273705088, 0X0000000080 
table[00055]=49539595901075584, 0X0000000080 table[00063]=54043195528446080, 0X0000000080 table[00070]=58546795155816576, 0X0000000080 
----- write_l2 end -----<<
-----------------------------------.
1◆扇区索引96.
>>----- get_l1_index 96 4096 512-----.
----- get_l1_index 96 4096 512-----<<.
L1:0, L2:12, 簇:0.0.
1◆簇的剩余大小4096.
1◆待写区域大小12288.
L1_size:8.
表1偏移:16384 4000.
表2偏移:0 0.
新规表2偏移:65536 10000.
簇内偏移:65536 10000.
镜像文件中的簇信息:16, 10.
引用计数块的个数:2048.
引用计数块的使用情况:1.
1◆成功写入区域大小4096.
1◆累计成功写入区域大小8192.
1◆成功写入区域大小4096.
>>----- write_l2 begin -----
table[00000]=0000057344, 0X000000E000 table[00007]=0000020480, 0X0000005000 table[00011]=0000061440, 0X000000F000 table[00012]=0000065536, 0X0000010000 table[00015]=0000024576, 0X0000006000 table[00023]=0000028672, 0X0000007000 table[00031]=0000032768, 0X0000008000 table[00039]=0000036864, 0X0000009000 
table[00047]=0000040960, 0X000000A000 table[00055]=0000045056, 0X000000B000 table[00063]=0000049152, 0X000000C000 table[00070]=0000053248, 0X000000D000 
table[00000]=0000057344, 0X000000E000 table[00007]=0000020480, 0X0000005000 table[00011]=0000061440, 0X000000F000 table[00012]=0000065536, 0X0000010000 table[00015]=0000024576, 0X0000006000 table[00023]=0000028672, 0X0000007000 table[00031]=0000032768, 0X0000008000 table[00039]=0000036864, 0X0000009000 
table[00047]=0000040960, 0X000000A000 table[00055]=0000045056, 0X000000B000 table[00063]=0000049152, 0X000000C000 table[00070]=0000053248, 0X000000D000 table[00000]=63050394783187072, 0X0000000080 table[00007]=22517998136852608, 0X0000000080 table[00011]=67553994410557568, 0X0000000080 table[00012]=1099511627904, 0X0000000080 table[00015]=27021597764223104, 0X0000000080 table[00023]=31525197391593600, 0X0000000080 table[00031]=36028797018964096, 0X0000000080 table[00039]=40532396646334592, 0X0000000080 
table[00047]=45035996273705088, 0X0000000080 table[00055]=49539595901075584, 0X0000000080 table[00063]=54043195528446080, 0X0000000080 table[00070]=58546795155816576, 0X0000000080 
----- write_l2 end -----<<
-----------------------------------.
2◆扇区索引104.
>>----- get_l1_index 104 4096 512-----.
----- get_l1_index 104 4096 512-----<<.
L1:0, L2:13, 簇:0.0.
2◆簇的剩余大小4096.
2◆待写区域大小8192.
L1_size:8.
表1偏移:16384 4000.
表2偏移:0 0.
新规表2偏移:69632 11000.
簇内偏移:69632 11000.
镜像文件中的簇信息:17, 11.
引用计数块的个数:2048.
引用计数块的使用情况:1.
2◆成功写入区域大小4096.
2◆累计成功写入区域大小12288.
2◆成功写入区域大小4096.
>>----- write_l2 begin -----
table[00000]=0000057344, 0X000000E000 table[00007]=0000020480, 0X0000005000 table[00011]=0000061440, 0X000000F000 table[00012]=0000065536, 0X0000010000 table[00013]=0000069632, 0X0000011000 table[00015]=0000024576, 0X0000006000 table[00023]=0000028672, 0X0000007000 table[00031]=0000032768, 0X0000008000 
table[00039]=0000036864, 0X0000009000 table[00047]=0000040960, 0X000000A000 table[00055]=0000045056, 0X000000B000 table[00063]=0000049152, 0X000000C000 table[00070]=0000053248, 0X000000D000 
table[00000]=0000057344, 0X000000E000 table[00007]=0000020480, 0X0000005000 table[00011]=0000061440, 0X000000F000 table[00012]=0000065536, 0X0000010000 table[00013]=0000069632, 0X0000011000 table[00015]=0000024576, 0X0000006000 table[00023]=0000028672, 0X0000007000 table[00031]=0000032768, 0X0000008000 
table[00039]=0000036864, 0X0000009000 table[00047]=0000040960, 0X000000A000 table[00055]=0000045056, 0X000000B000 table[00063]=0000049152, 0X000000C000 table[00070]=0000053248, 0X000000D000 table[00000]=63050394783187072, 0X0000000080 table[00007]=22517998136852608, 0X0000000080 table[00011]=67553994410557568, 0X0000000080 table[00012]=1099511627904, 0X0000000080 table[00013]=4504699138998400, 0X0000000080 table[00015]=27021597764223104, 0X0000000080 table[00023]=31525197391593600, 0X0000000080 table[00031]=36028797018964096, 0X0000000080 
table[00039]=40532396646334592, 0X0000000080 table[00047]=45035996273705088, 0X0000000080 table[00055]=49539595901075584, 0X0000000080 table[00063]=54043195528446080, 0X0000000080 table[00070]=58546795155816576, 0X0000000080 
----- write_l2 end -----<<
-----------------------------------.
3◆扇区索引112.
>>----- get_l1_index 112 4096 512-----.
----- get_l1_index 112 4096 512-----<<.
L1:0, L2:14, 簇:0.0.
3◆簇的剩余大小4096.
3◆待写区域大小4096.
L1_size:8.
表1偏移:16384 4000.
表2偏移:0 0.
新规表2偏移:73728 12000.
簇内偏移:73728 12000.
镜像文件中的簇信息:18, 12.
引用计数块的个数:2048.
引用计数块的使用情况:1.
3◆成功写入区域大小4096.
3◆累计成功写入区域大小16384.
3◆成功写入区域大小4096.
>>----- write_l2 begin -----
table[00000]=0000057344, 0X000000E000 table[00007]=0000020480, 0X0000005000 table[00011]=0000061440, 0X000000F000 table[00012]=0000065536, 0X0000010000 table[00013]=0000069632, 0X0000011000 table[00014]=0000073728, 0X0000012000 table[00015]=0000024576, 0X0000006000 table[00023]=0000028672, 0X0000007000 
table[00031]=0000032768, 0X0000008000 table[00039]=0000036864, 0X0000009000 table[00047]=0000040960, 0X000000A000 table[00055]=0000045056, 0X000000B000 table[00063]=0000049152, 0X000000C000 table[00070]=0000053248, 0X000000D000 
table[00000]=0000057344, 0X000000E000 table[00007]=0000020480, 0X0000005000 table[00011]=0000061440, 0X000000F000 table[00012]=0000065536, 0X0000010000 table[00013]=0000069632, 0X0000011000 table[00014]=0000073728, 0X0000012000 table[00015]=0000024576, 0X0000006000 table[00023]=0000028672, 0X0000007000 
table[00031]=0000032768, 0X0000008000 table[00039]=0000036864, 0X0000009000 table[00047]=0000040960, 0X000000A000 table[00055]=0000045056, 0X000000B000 table[00063]=0000049152, 0X000000C000 table[00070]=0000053248, 0X000000D000 table[00000]=63050394783187072, 0X0000000080 table[00007]=22517998136852608, 0X0000000080 table[00011]=67553994410557568, 0X0000000080 table[00012]=1099511627904, 0X0000000080 table[00013]=4504699138998400, 0X0000000080 table[00014]=9008298766368896, 0X0000000080 table[00015]=27021597764223104, 0X0000000080 table[00023]=31525197391593600, 0X0000000080 
table[00031]=36028797018964096, 0X0000000080 table[00039]=40532396646334592, 0X0000000080 table[00047]=45035996273705088, 0X0000000080 table[00055]=49539595901075584, 0X0000000080 table[00063]=54043195528446080, 0X0000000080 table[00070]=58546795155816576, 0X0000000080 
----- write_l2 end -----<<
----- ■■■write_qcow2 end -----<<

写入根目录结束。
写入FAT1开始。
pfat=A69D38.
fat_size=4025.
bpb_SectorsPerFAT=12.
file_system_index=12.
>>----- make_fat begin -----
in=A69D38.
in_size=4025.
size=12.
file_system_id=12.
idx=0,idy=0.
idx=1,idy=1.
idx=2,idy=3.
idx=3,idy=4.
idx=4,idy=6.
idx=5,idy=7.
idx=6,idy=9.
idx=7,idy=10.
idx=8,idy=12.
idx=9,idy=13.
idx=10,idy=15.
idx=11,idy=16.
idx=12,idy=18.
idx=13,idy=19.
idx=14,idy=21.
idx=15,idy=22.
idx=16,idy=24.
idx=17,idy=25.
idx=18,idy=27.
idx=19,idy=28.
idx=20,idy=30.
idx=21,idy=31.
idx=22,idy=33.
idx=23,idy=34.
idx=24,idy=36.
idx=25,idy=37.
idx=26,idy=39.
idx=27,idy=40.
idx=28,idy=42.
idx=29,idy=43.
idx=30,idy=45.
idx=31,idy=46.
idx=32,idy=48.
idx=33,idy=49.
idx=34,idy=51.
idx=35,idy=52.
idx=36,idy=54.
idx=37,idy=55.
idx=38,idy=57.
idx=39,idy=58.
idx=40,idy=60.
idx=41,idy=61.
idx=42,idy=63.
idx=43,idy=64.
idx=44,idy=66.
idx=45,idy=67.
idx=46,idy=69.
idx=47,idy=70.
idx=48,idy=72.
idx=49,idy=73.
idx=50,idy=75.
idx=51,idy=76.
idx=52,idy=78.
idx=53,idy=79.
idx=54,idy=81.
idx=55,idy=82.
idx=56,idy=84.
idx=57,idy=85.
idx=58,idy=87.
idx=59,idy=88.
idx=60,idy=90.
idx=61,idy=91.
idx=62,idy=93.
idx=63,idy=94.
idx=64,idy=96.
idx=65,idy=97.
idx=66,idy=99.
idx=67,idy=100.
idx=68,idy=102.
idx=69,idy=103.
idx=70,idy=105.
idx=71,idy=106.
idx=72,idy=108.
idx=73,idy=109.
idx=74,idy=111.
idx=75,idy=112.
idx=76,idy=114.
idx=77,idy=115.
idx=78,idy=117.
idx=79,idy=118.
idx=80,idy=120.
idx=81,idy=121.
idx=82,idy=123.
idx=83,idy=124.
idx=84,idy=126.
idx=85,idy=127.
idx=86,idy=129.
idx=87,idy=130.
idx=88,idy=132.
idx=89,idy=133.
idx=90,idy=135.
idx=91,idy=136.
idx=92,idy=138.
idx=93,idy=139.
idx=94,idy=141.
idx=95,idy=142.
idx=96,idy=144.
idx=97,idy=145.
idx=98,idy=147.
idx=99,idy=148.
idx=100,idy=150.
idx=101,idy=151.
idx=102,idy=153.
idx=103,idy=154.
idx=104,idy=156.
idx=105,idy=157.
idx=106,idy=159.
idx=107,idy=160.
idx=108,idy=162.
idx=109,idy=163.
idx=110,idy=165.
idx=111,idy=166.
idx=112,idy=168.
idx=113,idy=169.
idx=114,idy=171.
idx=115,idy=172.
idx=116,idy=174.
idx=117,idy=175.
idx=118,idy=177.
idx=119,idy=178.
idx=120,idy=180.
idx=121,idy=181.
idx=122,idy=183.
idx=123,idy=184.
idx=124,idy=186.
idx=125,idy=187.
idx=126,idy=189.
idx=127,idy=190.
idx=128,idy=192.
idx=129,idy=193.
idx=130,idy=195.
idx=131,idy=196.
idx=132,idy=198.
idx=133,idy=199.
idx=134,idy=201.
idx=135,idy=202.
idx=136,idy=204.
idx=137,idy=205.
idx=138,idy=207.
idx=139,idy=208.
idx=140,idy=210.
idx=141,idy=211.
idx=142,idy=213.
idx=143,idy=214.
idx=144,idy=216.
idx=145,idy=217.
idx=146,idy=219.
idx=147,idy=220.
idx=148,idy=222.
idx=149,idy=223.
idx=150,idy=225.
idx=151,idy=226.
idx=152,idy=228.
idx=153,idy=229.
idx=154,idy=231.
idx=155,idy=232.
idx=156,idy=234.
idx=157,idy=235.
idx=158,idy=237.
idx=159,idy=238.
idx=160,idy=240.
idx=161,idy=241.
idx=162,idy=243.
idx=163,idy=244.
idx=164,idy=246.
idx=165,idy=247.
idx=166,idy=249.
idx=167,idy=250.
idx=168,idy=252.
idx=169,idy=253.
idx=170,idy=255.
idx=171,idy=256.
idx=172,idy=258.
idx=173,idy=259.
idx=174,idy=261.
idx=175,idy=262.
idx=176,idy=264.
idx=177,idy=265.
idx=178,idy=267.
idx=179,idy=268.
idx=180,idy=270.
idx=181,idy=271.
idx=182,idy=273.
idx=183,idy=274.
idx=184,idy=276.
idx=185,idy=277.
idx=186,idy=279.
idx=187,idy=280.
idx=188,idy=282.
idx=189,idy=283.
idx=190,idy=285.
idx=191,idy=286.
idx=192,idy=288.
idx=193,idy=289.
idx=194,idy=291.
idx=195,idy=292.
idx=196,idy=294.
idx=197,idy=295.
idx=198,idy=297.
idx=199,idy=298.
idx=200,idy=300.
idx=201,idy=301.
idx=202,idy=303.
idx=203,idy=304.
idx=204,idy=306.
idx=205,idy=307.
idx=206,idy=309.
idx=207,idy=310.
idx=208,idy=312.
idx=209,idy=313.
idx=210,idy=315.
idx=211,idy=316.
idx=212,idy=318.
idx=213,idy=319.
idx=214,idy=321.
idx=215,idy=322.
idx=216,idy=324.
idx=217,idy=325.
idx=218,idy=327.
idx=219,idy=328.
idx=220,idy=330.
idx=221,idy=331.
idx=222,idy=333.
idx=223,idy=334.
idx=224,idy=336.
idx=225,idy=337.
idx=226,idy=339.
idx=227,idy=340.
idx=228,idy=342.
idx=229,idy=343.
idx=230,idy=345.
idx=231,idy=346.
idx=232,idy=348.
idx=233,idy=349.
idx=234,idy=351.
idx=235,idy=352.
idx=236,idy=354.
idx=237,idy=355.
idx=238,idy=357.
idx=239,idy=358.
idx=240,idy=360.
idx=241,idy=361.
idx=242,idy=363.
idx=243,idy=364.
idx=244,idy=366.
idx=245,idy=367.
idx=246,idy=369.
idx=247,idy=370.
idx=248,idy=372.
idx=249,idy=373.
idx=250,idy=375.
idx=251,idy=376.
idx=252,idy=378.
idx=253,idy=379.
idx=254,idy=381.
idx=255,idy=382.
idx=256,idy=384.
idx=257,idy=385.
idx=258,idy=387.
idx=259,idy=388.
idx=260,idy=390.
idx=261,idy=391.
idx=262,idy=393.
idx=263,idy=394.
idx=264,idy=396.
idx=265,idy=397.
idx=266,idy=399.
idx=267,idy=400.
idx=268,idy=402.
idx=269,idy=403.
idx=270,idy=405.
idx=271,idy=406.
idx=272,idy=408.
idx=273,idy=409.
idx=274,idy=411.
idx=275,idy=412.
idx=276,idy=414.
idx=277,idy=415.
idx=278,idy=417.
idx=279,idy=418.
idx=280,idy=420.
idx=281,idy=421.
idx=282,idy=423.
idx=283,idy=424.
idx=284,idy=426.
idx=285,idy=427.
idx=286,idy=429.
idx=287,idy=430.
idx=288,idy=432.
idx=289,idy=433.
idx=290,idy=435.
idx=291,idy=436.
idx=292,idy=438.
idx=293,idy=439.
idx=294,idy=441.
idx=295,idy=442.
idx=296,idy=444.
idx=297,idy=445.
idx=298,idy=447.
idx=299,idy=448.
idx=300,idy=450.
idx=301,idy=451.
idx=302,idy=453.
idx=303,idy=454.
idx=304,idy=456.
idx=305,idy=457.
idx=306,idy=459.
idx=307,idy=460.
idx=308,idy=462.
idx=309,idy=463.
idx=310,idy=465.
idx=311,idy=466.
idx=312,idy=468.
idx=313,idy=469.
idx=314,idy=471.
idx=315,idy=472.
idx=316,idy=474.
idx=317,idy=475.
idx=318,idy=477.
idx=319,idy=478.
idx=320,idy=480.
idx=321,idy=481.
idx=322,idy=483.
idx=323,idy=484.
idx=324,idy=486.
idx=325,idy=487.
idx=326,idy=489.
idx=327,idy=490.
idx=328,idy=492.
idx=329,idy=493.
idx=330,idy=495.
idx=331,idy=496.
idx=332,idy=498.
idx=333,idy=499.
idx=334,idy=501.
idx=335,idy=502.
idx=336,idy=504.
idx=337,idy=505.
idx=338,idy=507.
idx=339,idy=508.
idx=340,idy=510.
idx=341,idy=511.
idx=342,idy=513.
idx=343,idy=514.
idx=344,idy=516.
idx=345,idy=517.
idx=346,idy=519.
idx=347,idy=520.
idx=348,idy=522.
idx=349,idy=523.
idx=350,idy=525.
idx=351,idy=526.
idx=352,idy=528.
idx=353,idy=529.
idx=354,idy=531.
idx=355,idy=532.
idx=356,idy=534.
idx=357,idy=535.
idx=358,idy=537.
idx=359,idy=538.
idx=360,idy=540.
idx=361,idy=541.
idx=362,idy=543.
idx=363,idy=544.
idx=364,idy=546.
idx=365,idy=547.
idx=366,idy=549.
idx=367,idy=550.
idx=368,idy=552.
idx=369,idy=553.
idx=370,idy=555.
idx=371,idy=556.
idx=372,idy=558.
idx=373,idy=559.
idx=374,idy=561.
idx=375,idy=562.
idx=376,idy=564.
idx=377,idy=565.
idx=378,idy=567.
idx=379,idy=568.
idx=380,idy=570.
idx=381,idy=571.
idx=382,idy=573.
idx=383,idy=574.
idx=384,idy=576.
idx=385,idy=577.
idx=386,idy=579.
idx=387,idy=580.
idx=388,idy=582.
idx=389,idy=583.
idx=390,idy=585.
idx=391,idy=586.
idx=392,idy=588.
idx=393,idy=589.
idx=394,idy=591.
idx=395,idy=592.
idx=396,idy=594.
idx=397,idy=595.
idx=398,idy=597.
idx=399,idy=598.
idx=400,idy=600.
idx=401,idy=601.
idx=402,idy=603.
idx=403,idy=604.
idx=404,idy=606.
idx=405,idy=607.
idx=406,idy=609.
idx=407,idy=610.
idx=408,idy=612.
idx=409,idy=613.
idx=410,idy=615.
idx=411,idy=616.
idx=412,idy=618.
idx=413,idy=619.
idx=414,idy=621.
idx=415,idy=622.
idx=416,idy=624.
idx=417,idy=625.
idx=418,idy=627.
idx=419,idy=628.
idx=420,idy=630.
idx=421,idy=631.
idx=422,idy=633.
idx=423,idy=634.
idx=424,idy=636.
idx=425,idy=637.
idx=426,idy=639.
idx=427,idy=640.
idx=428,idy=642.
idx=429,idy=643.
idx=430,idy=645.
idx=431,idy=646.
idx=432,idy=648.
idx=433,idy=649.
idx=434,idy=651.
idx=435,idy=652.
idx=436,idy=654.
idx=437,idy=655.
idx=438,idy=657.
idx=439,idy=658.
idx=440,idy=660.
idx=441,idy=661.
idx=442,idy=663.
idx=443,idy=664.
idx=444,idy=666.
idx=445,idy=667.
idx=446,idy=669.
idx=447,idy=670.
idx=448,idy=672.
idx=449,idy=673.
idx=450,idy=675.
idx=451,idy=676.
idx=452,idy=678.
idx=453,idy=679.
idx=454,idy=681.
idx=455,idy=682.
idx=456,idy=684.
idx=457,idy=685.
idx=458,idy=687.
idx=459,idy=688.
idx=460,idy=690.
idx=461,idy=691.
idx=462,idy=693.
idx=463,idy=694.
idx=464,idy=696.
idx=465,idy=697.
idx=466,idy=699.
idx=467,idy=700.
idx=468,idy=702.
idx=469,idy=703.
idx=470,idy=705.
idx=471,idy=706.
idx=472,idy=708.
idx=473,idy=709.
idx=474,idy=711.
idx=475,idy=712.
idx=476,idy=714.
idx=477,idy=715.
idx=478,idy=717.
idx=479,idy=718.
idx=480,idy=720.
idx=481,idy=721.
idx=482,idy=723.
idx=483,idy=724.
idx=484,idy=726.
idx=485,idy=727.
idx=486,idy=729.
idx=487,idy=730.
idx=488,idy=732.
idx=489,idy=733.
idx=490,idy=735.
idx=491,idy=736.
idx=492,idy=738.
idx=493,idy=739.
idx=494,idy=741.
idx=495,idy=742.
idx=496,idy=744.
idx=497,idy=745.
idx=498,idy=747.
idx=499,idy=748.
idx=500,idy=750.
idx=501,idy=751.
idx=502,idy=753.
idx=503,idy=754.
idx=504,idy=756.
idx=505,idy=757.
idx=506,idy=759.
idx=507,idy=760.
idx=508,idy=762.
idx=509,idy=763.
idx=510,idy=765.
idx=511,idy=766.
idx=512,idy=768.
idx=513,idy=769.
idx=514,idy=771.
idx=515,idy=772.
idx=516,idy=774.
idx=517,idy=775.
idx=518,idy=777.
idx=519,idy=778.
idx=520,idy=780.
idx=521,idy=781.
idx=522,idy=783.
idx=523,idy=784.
idx=524,idy=786.
idx=525,idy=787.
idx=526,idy=789.
idx=527,idy=790.
idx=528,idy=792.
idx=529,idy=793.
idx=530,idy=795.
idx=531,idy=796.
idx=532,idy=798.
idx=533,idy=799.
idx=534,idy=801.
idx=535,idy=802.
idx=536,idy=804.
idx=537,idy=805.
idx=538,idy=807.
idx=539,idy=808.
idx=540,idy=810.
idx=541,idy=811.
idx=542,idy=813.
idx=543,idy=814.
idx=544,idy=816.
idx=545,idy=817.
idx=546,idy=819.
idx=547,idy=820.
idx=548,idy=822.
idx=549,idy=823.
idx=550,idy=825.
idx=551,idy=826.
idx=552,idy=828.
idx=553,idy=829.
idx=554,idy=831.
idx=555,idy=832.
idx=556,idy=834.
idx=557,idy=835.
idx=558,idy=837.
idx=559,idy=838.
idx=560,idy=840.
idx=561,idy=841.
idx=562,idy=843.
idx=563,idy=844.
idx=564,idy=846.
idx=565,idy=847.
idx=566,idy=849.
idx=567,idy=850.
idx=568,idy=852.
idx=569,idy=853.
idx=570,idy=855.
idx=571,idy=856.
idx=572,idy=858.
idx=573,idy=859.
idx=574,idy=861.
idx=575,idy=862.
idx=576,idy=864.
idx=577,idy=865.
idx=578,idy=867.
idx=579,idy=868.
idx=580,idy=870.
idx=581,idy=871.
idx=582,idy=873.
idx=583,idy=874.
idx=584,idy=876.
idx=585,idy=877.
idx=586,idy=879.
idx=587,idy=880.
idx=588,idy=882.
idx=589,idy=883.
idx=590,idy=885.
idx=591,idy=886.
idx=592,idy=888.
idx=593,idy=889.
idx=594,idy=891.
idx=595,idy=892.
idx=596,idy=894.
idx=597,idy=895.
idx=598,idy=897.
idx=599,idy=898.
idx=600,idy=900.
idx=601,idy=901.
idx=602,idy=903.
idx=603,idy=904.
idx=604,idy=906.
idx=605,idy=907.
idx=606,idy=909.
idx=607,idy=910.
idx=608,idy=912.
idx=609,idy=913.
idx=610,idy=915.
idx=611,idy=916.
idx=612,idy=918.
idx=613,idy=919.
idx=614,idy=921.
idx=615,idy=922.
idx=616,idy=924.
idx=617,idy=925.
idx=618,idy=927.
idx=619,idy=928.
idx=620,idy=930.
idx=621,idy=931.
idx=622,idy=933.
idx=623,idy=934.
idx=624,idy=936.
idx=625,idy=937.
idx=626,idy=939.
idx=627,idy=940.
idx=628,idy=942.
idx=629,idy=943.
idx=630,idy=945.
idx=631,idy=946.
idx=632,idy=948.
idx=633,idy=949.
idx=634,idy=951.
idx=635,idy=952.
idx=636,idy=954.
idx=637,idy=955.
idx=638,idy=957.
idx=639,idy=958.
idx=640,idy=960.
idx=641,idy=961.
idx=642,idy=963.
idx=643,idy=964.
idx=644,idy=966.
idx=645,idy=967.
idx=646,idy=969.
idx=647,idy=970.
idx=648,idy=972.
idx=649,idy=973.
idx=650,idy=975.
idx=651,idy=976.
idx=652,idy=978.
idx=653,idy=979.
idx=654,idy=981.
idx=655,idy=982.
idx=656,idy=984.
idx=657,idy=985.
idx=658,idy=987.
idx=659,idy=988.
idx=660,idy=990.
idx=661,idy=991.
idx=662,idy=993.
idx=663,idy=994.
idx=664,idy=996.
idx=665,idy=997.
idx=666,idy=999.
idx=667,idy=1000.
idx=668,idy=1002.
idx=669,idy=1003.
idx=670,idy=1005.
idx=671,idy=1006.
idx=672,idy=1008.
idx=673,idy=1009.
idx=674,idy=1011.
idx=675,idy=1012.
idx=676,idy=1014.
idx=677,idy=1015.
idx=678,idy=1017.
idx=679,idy=1018.
idx=680,idy=1020.
idx=681,idy=1021.
idx=682,idy=1023.
idx=683,idy=1024.
idx=684,idy=1026.
idx=685,idy=1027.
idx=686,idy=1029.
idx=687,idy=1030.
idx=688,idy=1032.
idx=689,idy=1033.
idx=690,idy=1035.
idx=691,idy=1036.
idx=692,idy=1038.
idx=693,idy=1039.
idx=694,idy=1041.
idx=695,idy=1042.
idx=696,idy=1044.
idx=697,idy=1045.
idx=698,idy=1047.
idx=699,idy=1048.
idx=700,idy=1050.
idx=701,idy=1051.
idx=702,idy=1053.
idx=703,idy=1054.
idx=704,idy=1056.
idx=705,idy=1057.
idx=706,idy=1059.
idx=707,idy=1060.
idx=708,idy=1062.
idx=709,idy=1063.
idx=710,idy=1065.
idx=711,idy=1066.
idx=712,idy=1068.
idx=713,idy=1069.
idx=714,idy=1071.
idx=715,idy=1072.
idx=716,idy=1074.
idx=717,idy=1075.
idx=718,idy=1077.
idx=719,idy=1078.
idx=720,idy=1080.
idx=721,idy=1081.
idx=722,idy=1083.
idx=723,idy=1084.
idx=724,idy=1086.
idx=725,idy=1087.
idx=726,idy=1089.
idx=727,idy=1090.
idx=728,idy=1092.
idx=729,idy=1093.
idx=730,idy=1095.
idx=731,idy=1096.
idx=732,idy=1098.
idx=733,idy=1099.
idx=734,idy=1101.
idx=735,idy=1102.
idx=736,idy=1104.
idx=737,idy=1105.
idx=738,idy=1107.
idx=739,idy=1108.
idx=740,idy=1110.
idx=741,idy=1111.
idx=742,idy=1113.
idx=743,idy=1114.
idx=744,idy=1116.
idx=745,idy=1117.
idx=746,idy=1119.
idx=747,idy=1120.
idx=748,idy=1122.
idx=749,idy=1123.
idx=750,idy=1125.
idx=751,idy=1126.
idx=752,idy=1128.
idx=753,idy=1129.
idx=754,idy=1131.
idx=755,idy=1132.
idx=756,idy=1134.
idx=757,idy=1135.
idx=758,idy=1137.
idx=759,idy=1138.
idx=760,idy=1140.
idx=761,idy=1141.
idx=762,idy=1143.
idx=763,idy=1144.
idx=764,idy=1146.
idx=765,idy=1147.
idx=766,idy=1149.
idx=767,idy=1150.
idx=768,idy=1152.
idx=769,idy=1153.
idx=770,idy=1155.
idx=771,idy=1156.
idx=772,idy=1158.
idx=773,idy=1159.
idx=774,idy=1161.
idx=775,idy=1162.
idx=776,idy=1164.
idx=777,idy=1165.
idx=778,idy=1167.
idx=779,idy=1168.
idx=780,idy=1170.
idx=781,idy=1171.
idx=782,idy=1173.
idx=783,idy=1174.
idx=784,idy=1176.
idx=785,idy=1177.
idx=786,idy=1179.
idx=787,idy=1180.
idx=788,idy=1182.
idx=789,idy=1183.
idx=790,idy=1185.
idx=791,idy=1186.
idx=792,idy=1188.
idx=793,idy=1189.
idx=794,idy=1191.
idx=795,idy=1192.
idx=796,idy=1194.
idx=797,idy=1195.
idx=798,idy=1197.
idx=799,idy=1198.
idx=800,idy=1200.
idx=801,idy=1201.
idx=802,idy=1203.
idx=803,idy=1204.
idx=804,idy=1206.
idx=805,idy=1207.
idx=806,idy=1209.
idx=807,idy=1210.
idx=808,idy=1212.
idx=809,idy=1213.
idx=810,idy=1215.
idx=811,idy=1216.
idx=812,idy=1218.
idx=813,idy=1219.
idx=814,idy=1221.
idx=815,idy=1222.
idx=816,idy=1224.
idx=817,idy=1225.
idx=818,idy=1227.
idx=819,idy=1228.
idx=820,idy=1230.
idx=821,idy=1231.
idx=822,idy=1233.
idx=823,idy=1234.
idx=824,idy=1236.
idx=825,idy=1237.
idx=826,idy=1239.
idx=827,idy=1240.
idx=828,idy=1242.
idx=829,idy=1243.
idx=830,idy=1245.
idx=831,idy=1246.
idx=832,idy=1248.
idx=833,idy=1249.
idx=834,idy=1251.
idx=835,idy=1252.
idx=836,idy=1254.
idx=837,idy=1255.
idx=838,idy=1257.
idx=839,idy=1258.
idx=840,idy=1260.
idx=841,idy=1261.
idx=842,idy=1263.
idx=843,idy=1264.
idx=844,idy=1266.
idx=845,idy=1267.
idx=846,idy=1269.
idx=847,idy=1270.
idx=848,idy=1272.
idx=849,idy=1273.
idx=850,idy=1275.
idx=851,idy=1276.
idx=852,idy=1278.
idx=853,idy=1279.
idx=854,idy=1281.
idx=855,idy=1282.
idx=856,idy=1284.
idx=857,idy=1285.
idx=858,idy=1287.
idx=859,idy=1288.
idx=860,idy=1290.
idx=861,idy=1291.
idx=862,idy=1293.
idx=863,idy=1294.
idx=864,idy=1296.
idx=865,idy=1297.
idx=866,idy=1299.
idx=867,idy=1300.
idx=868,idy=1302.
idx=869,idy=1303.
idx=870,idy=1305.
idx=871,idy=1306.
idx=872,idy=1308.
idx=873,idy=1309.
idx=874,idy=1311.
idx=875,idy=1312.
idx=876,idy=1314.
idx=877,idy=1315.
idx=878,idy=1317.
idx=879,idy=1318.
idx=880,idy=1320.
idx=881,idy=1321.
idx=882,idy=1323.
idx=883,idy=1324.
idx=884,idy=1326.
idx=885,idy=1327.
idx=886,idy=1329.
idx=887,idy=1330.
idx=888,idy=1332.
idx=889,idy=1333.
idx=890,idy=1335.
idx=891,idy=1336.
idx=892,idy=1338.
idx=893,idy=1339.
idx=894,idy=1341.
idx=895,idy=1342.
idx=896,idy=1344.
idx=897,idy=1345.
idx=898,idy=1347.
idx=899,idy=1348.
idx=900,idy=1350.
idx=901,idy=1351.
idx=902,idy=1353.
idx=903,idy=1354.
idx=904,idy=1356.
idx=905,idy=1357.
idx=906,idy=1359.
idx=907,idy=1360.
idx=908,idy=1362.
idx=909,idy=1363.
idx=910,idy=1365.
idx=911,idy=1366.
idx=912,idy=1368.
idx=913,idy=1369.
idx=914,idy=1371.
idx=915,idy=1372.
idx=916,idy=1374.
idx=917,idy=1375.
idx=918,idy=1377.
idx=919,idy=1378.
idx=920,idy=1380.
idx=921,idy=1381.
idx=922,idy=1383.
idx=923,idy=1384.
idx=924,idy=1386.
idx=925,idy=1387.
idx=926,idy=1389.
idx=927,idy=1390.
idx=928,idy=1392.
idx=929,idy=1393.
idx=930,idy=1395.
idx=931,idy=1396.
idx=932,idy=1398.
idx=933,idy=1399.
idx=934,idy=1401.
idx=935,idy=1402.
idx=936,idy=1404.
idx=937,idy=1405.
idx=938,idy=1407.
idx=939,idy=1408.
idx=940,idy=1410.
idx=941,idy=1411.
idx=942,idy=1413.
idx=943,idy=1414.
idx=944,idy=1416.
idx=945,idy=1417.
idx=946,idy=1419.
idx=947,idy=1420.
idx=948,idy=1422.
idx=949,idy=1423.
idx=950,idy=1425.
idx=951,idy=1426.
idx=952,idy=1428.
idx=953,idy=1429.
idx=954,idy=1431.
idx=955,idy=1432.
idx=956,idy=1434.
idx=957,idy=1435.
idx=958,idy=1437.
idx=959,idy=1438.
idx=960,idy=1440.
idx=961,idy=1441.
idx=962,idy=1443.
idx=963,idy=1444.
idx=964,idy=1446.
idx=965,idy=1447.
idx=966,idy=1449.
idx=967,idy=1450.
idx=968,idy=1452.
idx=969,idy=1453.
idx=970,idy=1455.
idx=971,idy=1456.
idx=972,idy=1458.
idx=973,idy=1459.
idx=974,idy=1461.
idx=975,idy=1462.
idx=976,idy=1464.
idx=977,idy=1465.
idx=978,idy=1467.
idx=979,idy=1468.
idx=980,idy=1470.
idx=981,idy=1471.
idx=982,idy=1473.
idx=983,idy=1474.
idx=984,idy=1476.
idx=985,idy=1477.
idx=986,idy=1479.
idx=987,idy=1480.
idx=988,idy=1482.
idx=989,idy=1483.
idx=990,idy=1485.
idx=991,idy=1486.
idx=992,idy=1488.
idx=993,idy=1489.
idx=994,idy=1491.
idx=995,idy=1492.
idx=996,idy=1494.
idx=997,idy=1495.
idx=998,idy=1497.
idx=999,idy=1498.
idx=1000,idy=1500.
idx=1001,idy=1501.
idx=1002,idy=1503.
idx=1003,idy=1504.
idx=1004,idy=1506.
idx=1005,idy=1507.
idx=1006,idy=1509.
idx=1007,idy=1510.
idx=1008,idy=1512.
idx=1009,idy=1513.
idx=1010,idy=1515.
idx=1011,idy=1516.
idx=1012,idy=1518.
idx=1013,idy=1519.
idx=1014,idy=1521.
idx=1015,idy=1522.
idx=1016,idy=1524.
idx=1017,idy=1525.
idx=1018,idy=1527.
idx=1019,idy=1528.
idx=1020,idy=1530.
idx=1021,idy=1531.
idx=1022,idy=1533.
idx=1023,idy=1534.
idx=1024,idy=1536.
idx=1025,idy=1537.
idx=1026,idy=1539.
idx=1027,idy=1540.
idx=1028,idy=1542.
idx=1029,idy=1543.
idx=1030,idy=1545.
idx=1031,idy=1546.
idx=1032,idy=1548.
idx=1033,idy=1549.
idx=1034,idy=1551.
idx=1035,idy=1552.
idx=1036,idy=1554.
idx=1037,idy=1555.
idx=1038,idy=1557.
idx=1039,idy=1558.
idx=1040,idy=1560.
idx=1041,idy=1561.
idx=1042,idy=1563.
idx=1043,idy=1564.
idx=1044,idy=1566.
idx=1045,idy=1567.
idx=1046,idy=1569.
idx=1047,idy=1570.
idx=1048,idy=1572.
idx=1049,idy=1573.
idx=1050,idy=1575.
idx=1051,idy=1576.
idx=1052,idy=1578.
idx=1053,idy=1579.
idx=1054,idy=1581.
idx=1055,idy=1582.
idx=1056,idy=1584.
idx=1057,idy=1585.
idx=1058,idy=1587.
idx=1059,idy=1588.
idx=1060,idy=1590.
idx=1061,idy=1591.
idx=1062,idy=1593.
idx=1063,idy=1594.
idx=1064,idy=1596.
idx=1065,idy=1597.
idx=1066,idy=1599.
idx=1067,idy=1600.
idx=1068,idy=1602.
idx=1069,idy=1603.
idx=1070,idy=1605.
idx=1071,idy=1606.
idx=1072,idy=1608.
idx=1073,idy=1609.
idx=1074,idy=1611.
idx=1075,idy=1612.
idx=1076,idy=1614.
idx=1077,idy=1615.
idx=1078,idy=1617.
idx=1079,idy=1618.
idx=1080,idy=1620.
idx=1081,idy=1621.
idx=1082,idy=1623.
idx=1083,idy=1624.
idx=1084,idy=1626.
idx=1085,idy=1627.
idx=1086,idy=1629.
idx=1087,idy=1630.
idx=1088,idy=1632.
idx=1089,idy=1633.
idx=1090,idy=1635.
idx=1091,idy=1636.
idx=1092,idy=1638.
idx=1093,idy=1639.
idx=1094,idy=1641.
idx=1095,idy=1642.
idx=1096,idy=1644.
idx=1097,idy=1645.
idx=1098,idy=1647.
idx=1099,idy=1648.
idx=1100,idy=1650.
idx=1101,idy=1651.
idx=1102,idy=1653.
idx=1103,idy=1654.
idx=1104,idy=1656.
idx=1105,idy=1657.
idx=1106,idy=1659.
idx=1107,idy=1660.
idx=1108,idy=1662.
idx=1109,idy=1663.
idx=1110,idy=1665.
idx=1111,idy=1666.
idx=1112,idy=1668.
idx=1113,idy=1669.
idx=1114,idy=1671.
idx=1115,idy=1672.
idx=1116,idy=1674.
idx=1117,idy=1675.
idx=1118,idy=1677.
idx=1119,idy=1678.
idx=1120,idy=1680.
idx=1121,idy=1681.
idx=1122,idy=1683.
idx=1123,idy=1684.
idx=1124,idy=1686.
idx=1125,idy=1687.
idx=1126,idy=1689.
idx=1127,idy=1690.
idx=1128,idy=1692.
idx=1129,idy=1693.
idx=1130,idy=1695.
idx=1131,idy=1696.
idx=1132,idy=1698.
idx=1133,idy=1699.
idx=1134,idy=1701.
idx=1135,idy=1702.
idx=1136,idy=1704.
idx=1137,idy=1705.
idx=1138,idy=1707.
idx=1139,idy=1708.
idx=1140,idy=1710.
idx=1141,idy=1711.
idx=1142,idy=1713.
idx=1143,idy=1714.
idx=1144,idy=1716.
idx=1145,idy=1717.
idx=1146,idy=1719.
idx=1147,idy=1720.
idx=1148,idy=1722.
idx=1149,idy=1723.
idx=1150,idy=1725.
idx=1151,idy=1726.
idx=1152,idy=1728.
idx=1153,idy=1729.
idx=1154,idy=1731.
idx=1155,idy=1732.
idx=1156,idy=1734.
idx=1157,idy=1735.
idx=1158,idy=1737.
idx=1159,idy=1738.
idx=1160,idy=1740.
idx=1161,idy=1741.
idx=1162,idy=1743.
idx=1163,idy=1744.
idx=1164,idy=1746.
idx=1165,idy=1747.
idx=1166,idy=1749.
idx=1167,idy=1750.
idx=1168,idy=1752.
idx=1169,idy=1753.
idx=1170,idy=1755.
idx=1171,idy=1756.
idx=1172,idy=1758.
idx=1173,idy=1759.
idx=1174,idy=1761.
idx=1175,idy=1762.
idx=1176,idy=1764.
idx=1177,idy=1765.
idx=1178,idy=1767.
idx=1179,idy=1768.
idx=1180,idy=1770.
idx=1181,idy=1771.
idx=1182,idy=1773.
idx=1183,idy=1774.
idx=1184,idy=1776.
idx=1185,idy=1777.
idx=1186,idy=1779.
idx=1187,idy=1780.
idx=1188,idy=1782.
idx=1189,idy=1783.
idx=1190,idy=1785.
idx=1191,idy=1786.
idx=1192,idy=1788.
idx=1193,idy=1789.
idx=1194,idy=1791.
idx=1195,idy=1792.
idx=1196,idy=1794.
idx=1197,idy=1795.
idx=1198,idy=1797.
idx=1199,idy=1798.
idx=1200,idy=1800.
idx=1201,idy=1801.
idx=1202,idy=1803.
idx=1203,idy=1804.
idx=1204,idy=1806.
idx=1205,idy=1807.
idx=1206,idy=1809.
idx=1207,idy=1810.
idx=1208,idy=1812.
idx=1209,idy=1813.
idx=1210,idy=1815.
idx=1211,idy=1816.
idx=1212,idy=1818.
idx=1213,idy=1819.
idx=1214,idy=1821.
idx=1215,idy=1822.
idx=1216,idy=1824.
idx=1217,idy=1825.
idx=1218,idy=1827.
idx=1219,idy=1828.
idx=1220,idy=1830.
idx=1221,idy=1831.
idx=1222,idy=1833.
idx=1223,idy=1834.
idx=1224,idy=1836.
idx=1225,idy=1837.
idx=1226,idy=1839.
idx=1227,idy=1840.
idx=1228,idy=1842.
idx=1229,idy=1843.
idx=1230,idy=1845.
idx=1231,idy=1846.
idx=1232,idy=1848.
idx=1233,idy=1849.
idx=1234,idy=1851.
idx=1235,idy=1852.
idx=1236,idy=1854.
idx=1237,idy=1855.
idx=1238,idy=1857.
idx=1239,idy=1858.
idx=1240,idy=1860.
idx=1241,idy=1861.
idx=1242,idy=1863.
idx=1243,idy=1864.
idx=1244,idy=1866.
idx=1245,idy=1867.
idx=1246,idy=1869.
idx=1247,idy=1870.
idx=1248,idy=1872.
idx=1249,idy=1873.
idx=1250,idy=1875.
idx=1251,idy=1876.
idx=1252,idy=1878.
idx=1253,idy=1879.
idx=1254,idy=1881.
idx=1255,idy=1882.
idx=1256,idy=1884.
idx=1257,idy=1885.
idx=1258,idy=1887.
idx=1259,idy=1888.
idx=1260,idy=1890.
idx=1261,idy=1891.
idx=1262,idy=1893.
idx=1263,idy=1894.
idx=1264,idy=1896.
idx=1265,idy=1897.
idx=1266,idy=1899.
idx=1267,idy=1900.
idx=1268,idy=1902.
idx=1269,idy=1903.
idx=1270,idy=1905.
idx=1271,idy=1906.
idx=1272,idy=1908.
idx=1273,idy=1909.
idx=1274,idy=1911.
idx=1275,idy=1912.
idx=1276,idy=1914.
idx=1277,idy=1915.
idx=1278,idy=1917.
idx=1279,idy=1918.
idx=1280,idy=1920.
idx=1281,idy=1921.
idx=1282,idy=1923.
idx=1283,idy=1924.
idx=1284,idy=1926.
idx=1285,idy=1927.
idx=1286,idy=1929.
idx=1287,idy=1930.
idx=1288,idy=1932.
idx=1289,idy=1933.
idx=1290,idy=1935.
idx=1291,idy=1936.
idx=1292,idy=1938.
idx=1293,idy=1939.
idx=1294,idy=1941.
idx=1295,idy=1942.
idx=1296,idy=1944.
idx=1297,idy=1945.
idx=1298,idy=1947.
idx=1299,idy=1948.
idx=1300,idy=1950.
idx=1301,idy=1951.
idx=1302,idy=1953.
idx=1303,idy=1954.
idx=1304,idy=1956.
idx=1305,idy=1957.
idx=1306,idy=1959.
idx=1307,idy=1960.
idx=1308,idy=1962.
idx=1309,idy=1963.
idx=1310,idy=1965.
idx=1311,idy=1966.
idx=1312,idy=1968.
idx=1313,idy=1969.
idx=1314,idy=1971.
idx=1315,idy=1972.
idx=1316,idy=1974.
idx=1317,idy=1975.
idx=1318,idy=1977.
idx=1319,idy=1978.
idx=1320,idy=1980.
idx=1321,idy=1981.
idx=1322,idy=1983.
idx=1323,idy=1984.
idx=1324,idy=1986.
idx=1325,idy=1987.
idx=1326,idy=1989.
idx=1327,idy=1990.
idx=1328,idy=1992.
idx=1329,idy=1993.
idx=1330,idy=1995.
idx=1331,idy=1996.
idx=1332,idy=1998.
idx=1333,idy=1999.
idx=1334,idy=2001.
idx=1335,idy=2002.
idx=1336,idy=2004.
idx=1337,idy=2005.
idx=1338,idy=2007.
idx=1339,idy=2008.
idx=1340,idy=2010.
idx=1341,idy=2011.
idx=1342,idy=2013.
idx=1343,idy=2014.
idx=1344,idy=2016.
idx=1345,idy=2017.
idx=1346,idy=2019.
idx=1347,idy=2020.
idx=1348,idy=2022.
idx=1349,idy=2023.
idx=1350,idy=2025.
idx=1351,idy=2026.
idx=1352,idy=2028.
idx=1353,idy=2029.
idx=1354,idy=2031.
idx=1355,idy=2032.
idx=1356,idy=2034.
idx=1357,idy=2035.
idx=1358,idy=2037.
idx=1359,idy=2038.
idx=1360,idy=2040.
idx=1361,idy=2041.
idx=1362,idy=2043.
idx=1363,idy=2044.
idx=1364,idy=2046.
idx=1365,idy=2047.
idx=1366,idy=2049.
idx=1367,idy=2050.
idx=1368,idy=2052.
idx=1369,idy=2053.
idx=1370,idy=2055.
idx=1371,idy=2056.
idx=1372,idy=2058.
idx=1373,idy=2059.
idx=1374,idy=2061.
idx=1375,idy=2062.
idx=1376,idy=2064.
idx=1377,idy=2065.
idx=1378,idy=2067.
idx=1379,idy=2068.
idx=1380,idy=2070.
idx=1381,idy=2071.
idx=1382,idy=2073.
idx=1383,idy=2074.
idx=1384,idy=2076.
idx=1385,idy=2077.
idx=1386,idy=2079.
idx=1387,idy=2080.
idx=1388,idy=2082.
idx=1389,idy=2083.
idx=1390,idy=2085.
idx=1391,idy=2086.
idx=1392,idy=2088.
idx=1393,idy=2089.
idx=1394,idy=2091.
idx=1395,idy=2092.
idx=1396,idy=2094.
idx=1397,idy=2095.
idx=1398,idy=2097.
idx=1399,idy=2098.
idx=1400,idy=2100.
idx=1401,idy=2101.
idx=1402,idy=2103.
idx=1403,idy=2104.
idx=1404,idy=2106.
idx=1405,idy=2107.
idx=1406,idy=2109.
idx=1407,idy=2110.
idx=1408,idy=2112.
idx=1409,idy=2113.
idx=1410,idy=2115.
idx=1411,idy=2116.
idx=1412,idy=2118.
idx=1413,idy=2119.
idx=1414,idy=2121.
idx=1415,idy=2122.
idx=1416,idy=2124.
idx=1417,idy=2125.
idx=1418,idy=2127.
idx=1419,idy=2128.
idx=1420,idy=2130.
idx=1421,idy=2131.
idx=1422,idy=2133.
idx=1423,idy=2134.
idx=1424,idy=2136.
idx=1425,idy=2137.
idx=1426,idy=2139.
idx=1427,idy=2140.
idx=1428,idy=2142.
idx=1429,idy=2143.
idx=1430,idy=2145.
idx=1431,idy=2146.
idx=1432,idy=2148.
idx=1433,idy=2149.
idx=1434,idy=2151.
idx=1435,idy=2152.
idx=1436,idy=2154.
idx=1437,idy=2155.
idx=1438,idy=2157.
idx=1439,idy=2158.
idx=1440,idy=2160.
idx=1441,idy=2161.
idx=1442,idy=2163.
idx=1443,idy=2164.
idx=1444,idy=2166.
idx=1445,idy=2167.
idx=1446,idy=2169.
idx=1447,idy=2170.
idx=1448,idy=2172.
idx=1449,idy=2173.
idx=1450,idy=2175.
idx=1451,idy=2176.
idx=1452,idy=2178.
idx=1453,idy=2179.
idx=1454,idy=2181.
idx=1455,idy=2182.
idx=1456,idy=2184.
idx=1457,idy=2185.
idx=1458,idy=2187.
idx=1459,idy=2188.
idx=1460,idy=2190.
idx=1461,idy=2191.
idx=1462,idy=2193.
idx=1463,idy=2194.
idx=1464,idy=2196.
idx=1465,idy=2197.
idx=1466,idy=2199.
idx=1467,idy=2200.
idx=1468,idy=2202.
idx=1469,idy=2203.
idx=1470,idy=2205.
idx=1471,idy=2206.
idx=1472,idy=2208.
idx=1473,idy=2209.
idx=1474,idy=2211.
idx=1475,idy=2212.
idx=1476,idy=2214.
idx=1477,idy=2215.
idx=1478,idy=2217.
idx=1479,idy=2218.
idx=1480,idy=2220.
idx=1481,idy=2221.
idx=1482,idy=2223.
idx=1483,idy=2224.
idx=1484,idy=2226.
idx=1485,idy=2227.
idx=1486,idy=2229.
idx=1487,idy=2230.
idx=1488,idy=2232.
idx=1489,idy=2233.
idx=1490,idy=2235.
idx=1491,idy=2236.
idx=1492,idy=2238.
idx=1493,idy=2239.
idx=1494,idy=2241.
idx=1495,idy=2242.
idx=1496,idy=2244.
idx=1497,idy=2245.
idx=1498,idy=2247.
idx=1499,idy=2248.
idx=1500,idy=2250.
idx=1501,idy=2251.
idx=1502,idy=2253.
idx=1503,idy=2254.
idx=1504,idy=2256.
idx=1505,idy=2257.
idx=1506,idy=2259.
idx=1507,idy=2260.
idx=1508,idy=2262.
idx=1509,idy=2263.
idx=1510,idy=2265.
idx=1511,idy=2266.
idx=1512,idy=2268.
idx=1513,idy=2269.
idx=1514,idy=2271.
idx=1515,idy=2272.
idx=1516,idy=2274.
idx=1517,idy=2275.
idx=1518,idy=2277.
idx=1519,idy=2278.
idx=1520,idy=2280.
idx=1521,idy=2281.
idx=1522,idy=2283.
idx=1523,idy=2284.
idx=1524,idy=2286.
idx=1525,idy=2287.
idx=1526,idy=2289.
idx=1527,idy=2290.
idx=1528,idy=2292.
idx=1529,idy=2293.
idx=1530,idy=2295.
idx=1531,idy=2296.
idx=1532,idy=2298.
idx=1533,idy=2299.
idx=1534,idy=2301.
idx=1535,idy=2302.
idx=1536,idy=2304.
idx=1537,idy=2305.
idx=1538,idy=2307.
idx=1539,idy=2308.
idx=1540,idy=2310.
idx=1541,idy=2311.
idx=1542,idy=2313.
idx=1543,idy=2314.
idx=1544,idy=2316.
idx=1545,idy=2317.
idx=1546,idy=2319.
idx=1547,idy=2320.
idx=1548,idy=2322.
idx=1549,idy=2323.
idx=1550,idy=2325.
idx=1551,idy=2326.
idx=1552,idy=2328.
idx=1553,idy=2329.
idx=1554,idy=2331.
idx=1555,idy=2332.
idx=1556,idy=2334.
idx=1557,idy=2335.
idx=1558,idy=2337.
idx=1559,idy=2338.
idx=1560,idy=2340.
idx=1561,idy=2341.
idx=1562,idy=2343.
idx=1563,idy=2344.
idx=1564,idy=2346.
idx=1565,idy=2347.
idx=1566,idy=2349.
idx=1567,idy=2350.
idx=1568,idy=2352.
idx=1569,idy=2353.
idx=1570,idy=2355.
idx=1571,idy=2356.
idx=1572,idy=2358.
idx=1573,idy=2359.
idx=1574,idy=2361.
idx=1575,idy=2362.
idx=1576,idy=2364.
idx=1577,idy=2365.
idx=1578,idy=2367.
idx=1579,idy=2368.
idx=1580,idy=2370.
idx=1581,idy=2371.
idx=1582,idy=2373.
idx=1583,idy=2374.
idx=1584,idy=2376.
idx=1585,idy=2377.
idx=1586,idy=2379.
idx=1587,idy=2380.
idx=1588,idy=2382.
idx=1589,idy=2383.
idx=1590,idy=2385.
idx=1591,idy=2386.
idx=1592,idy=2388.
idx=1593,idy=2389.
idx=1594,idy=2391.
idx=1595,idy=2392.
idx=1596,idy=2394.
idx=1597,idy=2395.
idx=1598,idy=2397.
idx=1599,idy=2398.
idx=1600,idy=2400.
idx=1601,idy=2401.
idx=1602,idy=2403.
idx=1603,idy=2404.
idx=1604,idy=2406.
idx=1605,idy=2407.
idx=1606,idy=2409.
idx=1607,idy=2410.
idx=1608,idy=2412.
idx=1609,idy=2413.
idx=1610,idy=2415.
idx=1611,idy=2416.
idx=1612,idy=2418.
idx=1613,idy=2419.
idx=1614,idy=2421.
idx=1615,idy=2422.
idx=1616,idy=2424.
idx=1617,idy=2425.
idx=1618,idy=2427.
idx=1619,idy=2428.
idx=1620,idy=2430.
idx=1621,idy=2431.
idx=1622,idy=2433.
idx=1623,idy=2434.
idx=1624,idy=2436.
idx=1625,idy=2437.
idx=1626,idy=2439.
idx=1627,idy=2440.
idx=1628,idy=2442.
idx=1629,idy=2443.
idx=1630,idy=2445.
idx=1631,idy=2446.
idx=1632,idy=2448.
idx=1633,idy=2449.
idx=1634,idy=2451.
idx=1635,idy=2452.
idx=1636,idy=2454.
idx=1637,idy=2455.
idx=1638,idy=2457.
idx=1639,idy=2458.
idx=1640,idy=2460.
idx=1641,idy=2461.
idx=1642,idy=2463.
idx=1643,idy=2464.
idx=1644,idy=2466.
idx=1645,idy=2467.
idx=1646,idy=2469.
idx=1647,idy=2470.
idx=1648,idy=2472.
idx=1649,idy=2473.
idx=1650,idy=2475.
idx=1651,idy=2476.
idx=1652,idy=2478.
idx=1653,idy=2479.
idx=1654,idy=2481.
idx=1655,idy=2482.
idx=1656,idy=2484.
idx=1657,idy=2485.
idx=1658,idy=2487.
idx=1659,idy=2488.
idx=1660,idy=2490.
idx=1661,idy=2491.
idx=1662,idy=2493.
idx=1663,idy=2494.
idx=1664,idy=2496.
idx=1665,idy=2497.
idx=1666,idy=2499.
idx=1667,idy=2500.
idx=1668,idy=2502.
idx=1669,idy=2503.
idx=1670,idy=2505.
idx=1671,idy=2506.
idx=1672,idy=2508.
idx=1673,idy=2509.
idx=1674,idy=2511.
idx=1675,idy=2512.
idx=1676,idy=2514.
idx=1677,idy=2515.
idx=1678,idy=2517.
idx=1679,idy=2518.
idx=1680,idy=2520.
idx=1681,idy=2521.
idx=1682,idy=2523.
idx=1683,idy=2524.
idx=1684,idy=2526.
idx=1685,idy=2527.
idx=1686,idy=2529.
idx=1687,idy=2530.
idx=1688,idy=2532.
idx=1689,idy=2533.
idx=1690,idy=2535.
idx=1691,idy=2536.
idx=1692,idy=2538.
idx=1693,idy=2539.
idx=1694,idy=2541.
idx=1695,idy=2542.
idx=1696,idy=2544.
idx=1697,idy=2545.
idx=1698,idy=2547.
idx=1699,idy=2548.
idx=1700,idy=2550.
idx=1701,idy=2551.
idx=1702,idy=2553.
idx=1703,idy=2554.
idx=1704,idy=2556.
idx=1705,idy=2557.
idx=1706,idy=2559.
idx=1707,idy=2560.
idx=1708,idy=2562.
idx=1709,idy=2563.
idx=1710,idy=2565.
idx=1711,idy=2566.
idx=1712,idy=2568.
idx=1713,idy=2569.
idx=1714,idy=2571.
idx=1715,idy=2572.
idx=1716,idy=2574.
idx=1717,idy=2575.
idx=1718,idy=2577.
idx=1719,idy=2578.
idx=1720,idy=2580.
idx=1721,idy=2581.
idx=1722,idy=2583.
idx=1723,idy=2584.
idx=1724,idy=2586.
idx=1725,idy=2587.
idx=1726,idy=2589.
idx=1727,idy=2590.
idx=1728,idy=2592.
idx=1729,idy=2593.
idx=1730,idy=2595.
idx=1731,idy=2596.
idx=1732,idy=2598.
idx=1733,idy=2599.
idx=1734,idy=2601.
idx=1735,idy=2602.
idx=1736,idy=2604.
idx=1737,idy=2605.
idx=1738,idy=2607.
idx=1739,idy=2608.
idx=1740,idy=2610.
idx=1741,idy=2611.
idx=1742,idy=2613.
idx=1743,idy=2614.
idx=1744,idy=2616.
idx=1745,idy=2617.
idx=1746,idy=2619.
idx=1747,idy=2620.
idx=1748,idy=2622.
idx=1749,idy=2623.
idx=1750,idy=2625.
idx=1751,idy=2626.
idx=1752,idy=2628.
idx=1753,idy=2629.
idx=1754,idy=2631.
idx=1755,idy=2632.
idx=1756,idy=2634.
idx=1757,idy=2635.
idx=1758,idy=2637.
idx=1759,idy=2638.
idx=1760,idy=2640.
idx=1761,idy=2641.
idx=1762,idy=2643.
idx=1763,idy=2644.
idx=1764,idy=2646.
idx=1765,idy=2647.
idx=1766,idy=2649.
idx=1767,idy=2650.
idx=1768,idy=2652.
idx=1769,idy=2653.
idx=1770,idy=2655.
idx=1771,idy=2656.
idx=1772,idy=2658.
idx=1773,idy=2659.
idx=1774,idy=2661.
idx=1775,idy=2662.
idx=1776,idy=2664.
idx=1777,idy=2665.
idx=1778,idy=2667.
idx=1779,idy=2668.
idx=1780,idy=2670.
idx=1781,idy=2671.
idx=1782,idy=2673.
idx=1783,idy=2674.
idx=1784,idy=2676.
idx=1785,idy=2677.
idx=1786,idy=2679.
idx=1787,idy=2680.
idx=1788,idy=2682.
idx=1789,idy=2683.
idx=1790,idy=2685.
idx=1791,idy=2686.
idx=1792,idy=2688.
idx=1793,idy=2689.
idx=1794,idy=2691.
idx=1795,idy=2692.
idx=1796,idy=2694.
idx=1797,idy=2695.
idx=1798,idy=2697.
idx=1799,idy=2698.
idx=1800,idy=2700.
idx=1801,idy=2701.
idx=1802,idy=2703.
idx=1803,idy=2704.
idx=1804,idy=2706.
idx=1805,idy=2707.
idx=1806,idy=2709.
idx=1807,idy=2710.
idx=1808,idy=2712.
idx=1809,idy=2713.
idx=1810,idy=2715.
idx=1811,idy=2716.
idx=1812,idy=2718.
idx=1813,idy=2719.
idx=1814,idy=2721.
idx=1815,idy=2722.
idx=1816,idy=2724.
idx=1817,idy=2725.
idx=1818,idy=2727.
idx=1819,idy=2728.
idx=1820,idy=2730.
idx=1821,idy=2731.
idx=1822,idy=2733.
idx=1823,idy=2734.
idx=1824,idy=2736.
idx=1825,idy=2737.
idx=1826,idy=2739.
idx=1827,idy=2740.
idx=1828,idy=2742.
idx=1829,idy=2743.
idx=1830,idy=2745.
idx=1831,idy=2746.
idx=1832,idy=2748.
idx=1833,idy=2749.
idx=1834,idy=2751.
idx=1835,idy=2752.
idx=1836,idy=2754.
idx=1837,idy=2755.
idx=1838,idy=2757.
idx=1839,idy=2758.
idx=1840,idy=2760.
idx=1841,idy=2761.
idx=1842,idy=2763.
idx=1843,idy=2764.
idx=1844,idy=2766.
idx=1845,idy=2767.
idx=1846,idy=2769.
idx=1847,idy=2770.
idx=1848,idy=2772.
idx=1849,idy=2773.
idx=1850,idy=2775.
idx=1851,idy=2776.
idx=1852,idy=2778.
idx=1853,idy=2779.
idx=1854,idy=2781.
idx=1855,idy=2782.
idx=1856,idy=2784.
idx=1857,idy=2785.
idx=1858,idy=2787.
idx=1859,idy=2788.
idx=1860,idy=2790.
idx=1861,idy=2791.
idx=1862,idy=2793.
idx=1863,idy=2794.
idx=1864,idy=2796.
idx=1865,idy=2797.
idx=1866,idy=2799.
idx=1867,idy=2800.
idx=1868,idy=2802.
idx=1869,idy=2803.
idx=1870,idy=2805.
idx=1871,idy=2806.
idx=1872,idy=2808.
idx=1873,idy=2809.
idx=1874,idy=2811.
idx=1875,idy=2812.
idx=1876,idy=2814.
idx=1877,idy=2815.
idx=1878,idy=2817.
idx=1879,idy=2818.
idx=1880,idy=2820.
idx=1881,idy=2821.
idx=1882,idy=2823.
idx=1883,idy=2824.
idx=1884,idy=2826.
idx=1885,idy=2827.
idx=1886,idy=2829.
idx=1887,idy=2830.
idx=1888,idy=2832.
idx=1889,idy=2833.
idx=1890,idy=2835.
idx=1891,idy=2836.
idx=1892,idy=2838.
idx=1893,idy=2839.
idx=1894,idy=2841.
idx=1895,idy=2842.
idx=1896,idy=2844.
idx=1897,idy=2845.
idx=1898,idy=2847.
idx=1899,idy=2848.
idx=1900,idy=2850.
idx=1901,idy=2851.
idx=1902,idy=2853.
idx=1903,idy=2854.
idx=1904,idy=2856.
idx=1905,idy=2857.
idx=1906,idy=2859.
idx=1907,idy=2860.
idx=1908,idy=2862.
idx=1909,idy=2863.
idx=1910,idy=2865.
idx=1911,idy=2866.
idx=1912,idy=2868.
idx=1913,idy=2869.
idx=1914,idy=2871.
idx=1915,idy=2872.
idx=1916,idy=2874.
idx=1917,idy=2875.
idx=1918,idy=2877.
idx=1919,idy=2878.
idx=1920,idy=2880.
idx=1921,idy=2881.
idx=1922,idy=2883.
idx=1923,idy=2884.
idx=1924,idy=2886.
idx=1925,idy=2887.
idx=1926,idy=2889.
idx=1927,idy=2890.
idx=1928,idy=2892.
idx=1929,idy=2893.
idx=1930,idy=2895.
idx=1931,idy=2896.
idx=1932,idy=2898.
idx=1933,idy=2899.
idx=1934,idy=2901.
idx=1935,idy=2902.
idx=1936,idy=2904.
idx=1937,idy=2905.
idx=1938,idy=2907.
idx=1939,idy=2908.
idx=1940,idy=2910.
idx=1941,idy=2911.
idx=1942,idy=2913.
idx=1943,idy=2914.
idx=1944,idy=2916.
idx=1945,idy=2917.
idx=1946,idy=2919.
idx=1947,idy=2920.
idx=1948,idy=2922.
idx=1949,idy=2923.
idx=1950,idy=2925.
idx=1951,idy=2926.
idx=1952,idy=2928.
idx=1953,idy=2929.
idx=1954,idy=2931.
idx=1955,idy=2932.
idx=1956,idy=2934.
idx=1957,idy=2935.
idx=1958,idy=2937.
idx=1959,idy=2938.
idx=1960,idy=2940.
idx=1961,idy=2941.
idx=1962,idy=2943.
idx=1963,idy=2944.
idx=1964,idy=2946.
idx=1965,idy=2947.
idx=1966,idy=2949.
idx=1967,idy=2950.
idx=1968,idy=2952.
idx=1969,idy=2953.
idx=1970,idy=2955.
idx=1971,idy=2956.
idx=1972,idy=2958.
idx=1973,idy=2959.
idx=1974,idy=2961.
idx=1975,idy=2962.
idx=1976,idy=2964.
idx=1977,idy=2965.
idx=1978,idy=2967.
idx=1979,idy=2968.
idx=1980,idy=2970.
idx=1981,idy=2971.
idx=1982,idy=2973.
idx=1983,idy=2974.
idx=1984,idy=2976.
idx=1985,idy=2977.
idx=1986,idy=2979.
idx=1987,idy=2980.
idx=1988,idy=2982.
idx=1989,idy=2983.
idx=1990,idy=2985.
idx=1991,idy=2986.
idx=1992,idy=2988.
idx=1993,idy=2989.
idx=1994,idy=2991.
idx=1995,idy=2992.
idx=1996,idy=2994.
idx=1997,idy=2995.
idx=1998,idy=2997.
idx=1999,idy=2998.
idx=2000,idy=3000.
idx=2001,idy=3001.
idx=2002,idy=3003.
idx=2003,idy=3004.
idx=2004,idy=3006.
idx=2005,idy=3007.
idx=2006,idy=3009.
idx=2007,idy=3010.
idx=2008,idy=3012.
idx=2009,idy=3013.
idx=2010,idy=3015.
idx=2011,idy=3016.
idx=2012,idy=3018.
idx=2013,idy=3019.
idx=2014,idy=3021.
idx=2015,idy=3022.
idx=2016,idy=3024.
idx=2017,idy=3025.
idx=2018,idy=3027.
idx=2019,idy=3028.
idx=2020,idy=3030.
idx=2021,idy=3031.
idx=2022,idy=3033.
idx=2023,idy=3034.
idx=2024,idy=3036.
idx=2025,idy=3037.
idx=2026,idy=3039.
idx=2027,idy=3040.
idx=2028,idy=3042.
idx=2029,idy=3043.
idx=2030,idy=3045.
idx=2031,idy=3046.
idx=2032,idy=3048.
idx=2033,idy=3049.
idx=2034,idy=3051.
idx=2035,idy=3052.
idx=2036,idy=3054.
idx=2037,idy=3055.
idx=2038,idy=3057.
idx=2039,idy=3058.
idx=2040,idy=3060.
idx=2041,idy=3061.
idx=2042,idy=3063.
idx=2043,idy=3064.
idx=2044,idy=3066.
idx=2045,idy=3067.
idx=2046,idy=3069.
idx=2047,idy=3070.
idx=2048,idy=3072.
idx=2049,idy=3073.
idx=2050,idy=3075.
idx=2051,idy=3076.
idx=2052,idy=3078.
idx=2053,idy=3079.
idx=2054,idy=3081.
idx=2055,idy=3082.
idx=2056,idy=3084.
idx=2057,idy=3085.
idx=2058,idy=3087.
idx=2059,idy=3088.
idx=2060,idy=3090.
idx=2061,idy=3091.
idx=2062,idy=3093.
idx=2063,idy=3094.
idx=2064,idy=3096.
idx=2065,idy=3097.
idx=2066,idy=3099.
idx=2067,idy=3100.
idx=2068,idy=3102.
idx=2069,idy=3103.
idx=2070,idy=3105.
idx=2071,idy=3106.
idx=2072,idy=3108.
idx=2073,idy=3109.
idx=2074,idy=3111.
idx=2075,idy=3112.
idx=2076,idy=3114.
idx=2077,idy=3115.
idx=2078,idy=3117.
idx=2079,idy=3118.
idx=2080,idy=3120.
idx=2081,idy=3121.
idx=2082,idy=3123.
idx=2083,idy=3124.
idx=2084,idy=3126.
idx=2085,idy=3127.
idx=2086,idy=3129.
idx=2087,idy=3130.
idx=2088,idy=3132.
idx=2089,idy=3133.
idx=2090,idy=3135.
idx=2091,idy=3136.
idx=2092,idy=3138.
idx=2093,idy=3139.
idx=2094,idy=3141.
idx=2095,idy=3142.
idx=2096,idy=3144.
idx=2097,idy=3145.
idx=2098,idy=3147.
idx=2099,idy=3148.
idx=2100,idy=3150.
idx=2101,idy=3151.
idx=2102,idy=3153.
idx=2103,idy=3154.
idx=2104,idy=3156.
idx=2105,idy=3157.
idx=2106,idy=3159.
idx=2107,idy=3160.
idx=2108,idy=3162.
idx=2109,idy=3163.
idx=2110,idy=3165.
idx=2111,idy=3166.
idx=2112,idy=3168.
idx=2113,idy=3169.
idx=2114,idy=3171.
idx=2115,idy=3172.
idx=2116,idy=3174.
idx=2117,idy=3175.
idx=2118,idy=3177.
idx=2119,idy=3178.
idx=2120,idy=3180.
idx=2121,idy=3181.
idx=2122,idy=3183.
idx=2123,idy=3184.
idx=2124,idy=3186.
idx=2125,idy=3187.
idx=2126,idy=3189.
idx=2127,idy=3190.
idx=2128,idy=3192.
idx=2129,idy=3193.
idx=2130,idy=3195.
idx=2131,idy=3196.
idx=2132,idy=3198.
idx=2133,idy=3199.
idx=2134,idy=3201.
idx=2135,idy=3202.
idx=2136,idy=3204.
idx=2137,idy=3205.
idx=2138,idy=3207.
idx=2139,idy=3208.
idx=2140,idy=3210.
idx=2141,idy=3211.
idx=2142,idy=3213.
idx=2143,idy=3214.
idx=2144,idy=3216.
idx=2145,idy=3217.
idx=2146,idy=3219.
idx=2147,idy=3220.
idx=2148,idy=3222.
idx=2149,idy=3223.
idx=2150,idy=3225.
idx=2151,idy=3226.
idx=2152,idy=3228.
idx=2153,idy=3229.
idx=2154,idy=3231.
idx=2155,idy=3232.
idx=2156,idy=3234.
idx=2157,idy=3235.
idx=2158,idy=3237.
idx=2159,idy=3238.
idx=2160,idy=3240.
idx=2161,idy=3241.
idx=2162,idy=3243.
idx=2163,idy=3244.
idx=2164,idy=3246.
idx=2165,idy=3247.
idx=2166,idy=3249.
idx=2167,idy=3250.
idx=2168,idy=3252.
idx=2169,idy=3253.
idx=2170,idy=3255.
idx=2171,idy=3256.
idx=2172,idy=3258.
idx=2173,idy=3259.
idx=2174,idy=3261.
idx=2175,idy=3262.
idx=2176,idy=3264.
idx=2177,idy=3265.
idx=2178,idy=3267.
idx=2179,idy=3268.
idx=2180,idy=3270.
idx=2181,idy=3271.
idx=2182,idy=3273.
idx=2183,idy=3274.
idx=2184,idy=3276.
idx=2185,idy=3277.
idx=2186,idy=3279.
idx=2187,idy=3280.
idx=2188,idy=3282.
idx=2189,idy=3283.
idx=2190,idy=3285.
idx=2191,idy=3286.
idx=2192,idy=3288.
idx=2193,idy=3289.
idx=2194,idy=3291.
idx=2195,idy=3292.
idx=2196,idy=3294.
idx=2197,idy=3295.
idx=2198,idy=3297.
idx=2199,idy=3298.
idx=2200,idy=3300.
idx=2201,idy=3301.
idx=2202,idy=3303.
idx=2203,idy=3304.
idx=2204,idy=3306.
idx=2205,idy=3307.
idx=2206,idy=3309.
idx=2207,idy=3310.
idx=2208,idy=3312.
idx=2209,idy=3313.
idx=2210,idy=3315.
idx=2211,idy=3316.
idx=2212,idy=3318.
idx=2213,idy=3319.
idx=2214,idy=3321.
idx=2215,idy=3322.
idx=2216,idy=3324.
idx=2217,idy=3325.
idx=2218,idy=3327.
idx=2219,idy=3328.
idx=2220,idy=3330.
idx=2221,idy=3331.
idx=2222,idy=3333.
idx=2223,idy=3334.
idx=2224,idy=3336.
idx=2225,idy=3337.
idx=2226,idy=3339.
idx=2227,idy=3340.
idx=2228,idy=3342.
idx=2229,idy=3343.
idx=2230,idy=3345.
idx=2231,idy=3346.
idx=2232,idy=3348.
idx=2233,idy=3349.
idx=2234,idy=3351.
idx=2235,idy=3352.
idx=2236,idy=3354.
idx=2237,idy=3355.
idx=2238,idy=3357.
idx=2239,idy=3358.
idx=2240,idy=3360.
idx=2241,idy=3361.
idx=2242,idy=3363.
idx=2243,idy=3364.
idx=2244,idy=3366.
idx=2245,idy=3367.
idx=2246,idy=3369.
idx=2247,idy=3370.
idx=2248,idy=3372.
idx=2249,idy=3373.
idx=2250,idy=3375.
idx=2251,idy=3376.
idx=2252,idy=3378.
idx=2253,idy=3379.
idx=2254,idy=3381.
idx=2255,idy=3382.
idx=2256,idy=3384.
idx=2257,idy=3385.
idx=2258,idy=3387.
idx=2259,idy=3388.
idx=2260,idy=3390.
idx=2261,idy=3391.
idx=2262,idy=3393.
idx=2263,idy=3394.
idx=2264,idy=3396.
idx=2265,idy=3397.
idx=2266,idy=3399.
idx=2267,idy=3400.
idx=2268,idy=3402.
idx=2269,idy=3403.
idx=2270,idy=3405.
idx=2271,idy=3406.
idx=2272,idy=3408.
idx=2273,idy=3409.
idx=2274,idy=3411.
idx=2275,idy=3412.
idx=2276,idy=3414.
idx=2277,idy=3415.
idx=2278,idy=3417.
idx=2279,idy=3418.
idx=2280,idy=3420.
idx=2281,idy=3421.
idx=2282,idy=3423.
idx=2283,idy=3424.
idx=2284,idy=3426.
idx=2285,idy=3427.
idx=2286,idy=3429.
idx=2287,idy=3430.
idx=2288,idy=3432.
idx=2289,idy=3433.
idx=2290,idy=3435.
idx=2291,idy=3436.
idx=2292,idy=3438.
idx=2293,idy=3439.
idx=2294,idy=3441.
idx=2295,idy=3442.
idx=2296,idy=3444.
idx=2297,idy=3445.
idx=2298,idy=3447.
idx=2299,idy=3448.
idx=2300,idy=3450.
idx=2301,idy=3451.
idx=2302,idy=3453.
idx=2303,idy=3454.
idx=2304,idy=3456.
idx=2305,idy=3457.
idx=2306,idy=3459.
idx=2307,idy=3460.
idx=2308,idy=3462.
idx=2309,idy=3463.
idx=2310,idy=3465.
idx=2311,idy=3466.
idx=2312,idy=3468.
idx=2313,idy=3469.
idx=2314,idy=3471.
idx=2315,idy=3472.
idx=2316,idy=3474.
idx=2317,idy=3475.
idx=2318,idy=3477.
idx=2319,idy=3478.
idx=2320,idy=3480.
idx=2321,idy=3481.
idx=2322,idy=3483.
idx=2323,idy=3484.
idx=2324,idy=3486.
idx=2325,idy=3487.
idx=2326,idy=3489.
idx=2327,idy=3490.
idx=2328,idy=3492.
idx=2329,idy=3493.
idx=2330,idy=3495.
idx=2331,idy=3496.
idx=2332,idy=3498.
idx=2333,idy=3499.
idx=2334,idy=3501.
idx=2335,idy=3502.
idx=2336,idy=3504.
idx=2337,idy=3505.
idx=2338,idy=3507.
idx=2339,idy=3508.
idx=2340,idy=3510.
idx=2341,idy=3511.
idx=2342,idy=3513.
idx=2343,idy=3514.
idx=2344,idy=3516.
idx=2345,idy=3517.
idx=2346,idy=3519.
idx=2347,idy=3520.
idx=2348,idy=3522.
idx=2349,idy=3523.
idx=2350,idy=3525.
idx=2351,idy=3526.
idx=2352,idy=3528.
idx=2353,idy=3529.
idx=2354,idy=3531.
idx=2355,idy=3532.
idx=2356,idy=3534.
idx=2357,idy=3535.
idx=2358,idy=3537.
idx=2359,idy=3538.
idx=2360,idy=3540.
idx=2361,idy=3541.
idx=2362,idy=3543.
idx=2363,idy=3544.
idx=2364,idy=3546.
idx=2365,idy=3547.
idx=2366,idy=3549.
idx=2367,idy=3550.
idx=2368,idy=3552.
idx=2369,idy=3553.
idx=2370,idy=3555.
idx=2371,idy=3556.
idx=2372,idy=3558.
idx=2373,idy=3559.
idx=2374,idy=3561.
idx=2375,idy=3562.
idx=2376,idy=3564.
idx=2377,idy=3565.
idx=2378,idy=3567.
idx=2379,idy=3568.
idx=2380,idy=3570.
idx=2381,idy=3571.
idx=2382,idy=3573.
idx=2383,idy=3574.
idx=2384,idy=3576.
idx=2385,idy=3577.
idx=2386,idy=3579.
idx=2387,idy=3580.
idx=2388,idy=3582.
idx=2389,idy=3583.
idx=2390,idy=3585.
idx=2391,idy=3586.
idx=2392,idy=3588.
idx=2393,idy=3589.
idx=2394,idy=3591.
idx=2395,idy=3592.
idx=2396,idy=3594.
idx=2397,idy=3595.
idx=2398,idy=3597.
idx=2399,idy=3598.
idx=2400,idy=3600.
idx=2401,idy=3601.
idx=2402,idy=3603.
idx=2403,idy=3604.
idx=2404,idy=3606.
idx=2405,idy=3607.
idx=2406,idy=3609.
idx=2407,idy=3610.
idx=2408,idy=3612.
idx=2409,idy=3613.
idx=2410,idy=3615.
idx=2411,idy=3616.
idx=2412,idy=3618.
idx=2413,idy=3619.
idx=2414,idy=3621.
idx=2415,idy=3622.
idx=2416,idy=3624.
idx=2417,idy=3625.
idx=2418,idy=3627.
idx=2419,idy=3628.
idx=2420,idy=3630.
idx=2421,idy=3631.
idx=2422,idy=3633.
idx=2423,idy=3634.
idx=2424,idy=3636.
idx=2425,idy=3637.
idx=2426,idy=3639.
idx=2427,idy=3640.
idx=2428,idy=3642.
idx=2429,idy=3643.
idx=2430,idy=3645.
idx=2431,idy=3646.
idx=2432,idy=3648.
idx=2433,idy=3649.
idx=2434,idy=3651.
idx=2435,idy=3652.
idx=2436,idy=3654.
idx=2437,idy=3655.
idx=2438,idy=3657.
idx=2439,idy=3658.
idx=2440,idy=3660.
idx=2441,idy=3661.
idx=2442,idy=3663.
idx=2443,idy=3664.
idx=2444,idy=3666.
idx=2445,idy=3667.
idx=2446,idy=3669.
idx=2447,idy=3670.
idx=2448,idy=3672.
idx=2449,idy=3673.
idx=2450,idy=3675.
idx=2451,idy=3676.
idx=2452,idy=3678.
idx=2453,idy=3679.
idx=2454,idy=3681.
idx=2455,idy=3682.
idx=2456,idy=3684.
idx=2457,idy=3685.
idx=2458,idy=3687.
idx=2459,idy=3688.
idx=2460,idy=3690.
idx=2461,idy=3691.
idx=2462,idy=3693.
idx=2463,idy=3694.
idx=2464,idy=3696.
idx=2465,idy=3697.
idx=2466,idy=3699.
idx=2467,idy=3700.
idx=2468,idy=3702.
idx=2469,idy=3703.
idx=2470,idy=3705.
idx=2471,idy=3706.
idx=2472,idy=3708.
idx=2473,idy=3709.
idx=2474,idy=3711.
idx=2475,idy=3712.
idx=2476,idy=3714.
idx=2477,idy=3715.
idx=2478,idy=3717.
idx=2479,idy=3718.
idx=2480,idy=3720.
idx=2481,idy=3721.
idx=2482,idy=3723.
idx=2483,idy=3724.
idx=2484,idy=3726.
idx=2485,idy=3727.
idx=2486,idy=3729.
idx=2487,idy=3730.
idx=2488,idy=3732.
idx=2489,idy=3733.
idx=2490,idy=3735.
idx=2491,idy=3736.
idx=2492,idy=3738.
idx=2493,idy=3739.
idx=2494,idy=3741.
idx=2495,idy=3742.
idx=2496,idy=3744.
idx=2497,idy=3745.
idx=2498,idy=3747.
idx=2499,idy=3748.
idx=2500,idy=3750.
idx=2501,idy=3751.
idx=2502,idy=3753.
idx=2503,idy=3754.
idx=2504,idy=3756.
idx=2505,idy=3757.
idx=2506,idy=3759.
idx=2507,idy=3760.
idx=2508,idy=3762.
idx=2509,idy=3763.
idx=2510,idy=3765.
idx=2511,idy=3766.
idx=2512,idy=3768.
idx=2513,idy=3769.
idx=2514,idy=3771.
idx=2515,idy=3772.
idx=2516,idy=3774.
idx=2517,idy=3775.
idx=2518,idy=3777.
idx=2519,idy=3778.
idx=2520,idy=3780.
idx=2521,idy=3781.
idx=2522,idy=3783.
idx=2523,idy=3784.
idx=2524,idy=3786.
idx=2525,idy=3787.
idx=2526,idy=3789.
idx=2527,idy=3790.
idx=2528,idy=3792.
idx=2529,idy=3793.
idx=2530,idy=3795.
idx=2531,idy=3796.
idx=2532,idy=3798.
idx=2533,idy=3799.
idx=2534,idy=3801.
idx=2535,idy=3802.
idx=2536,idy=3804.
idx=2537,idy=3805.
idx=2538,idy=3807.
idx=2539,idy=3808.
idx=2540,idy=3810.
idx=2541,idy=3811.
idx=2542,idy=3813.
idx=2543,idy=3814.
idx=2544,idy=3816.
idx=2545,idy=3817.
idx=2546,idy=3819.
idx=2547,idy=3820.
idx=2548,idy=3822.
idx=2549,idy=3823.
idx=2550,idy=3825.
idx=2551,idy=3826.
idx=2552,idy=3828.
idx=2553,idy=3829.
idx=2554,idy=3831.
idx=2555,idy=3832.
idx=2556,idy=3834.
idx=2557,idy=3835.
idx=2558,idy=3837.
idx=2559,idy=3838.
idx=2560,idy=3840.
idx=2561,idy=3841.
idx=2562,idy=3843.
idx=2563,idy=3844.
idx=2564,idy=3846.
idx=2565,idy=3847.
idx=2566,idy=3849.
idx=2567,idy=3850.
idx=2568,idy=3852.
idx=2569,idy=3853.
idx=2570,idy=3855.
idx=2571,idy=3856.
idx=2572,idy=3858.
idx=2573,idy=3859.
idx=2574,idy=3861.
idx=2575,idy=3862.
idx=2576,idy=3864.
idx=2577,idy=3865.
idx=2578,idy=3867.
idx=2579,idy=3868.
idx=2580,idy=3870.
idx=2581,idy=3871.
idx=2582,idy=3873.
idx=2583,idy=3874.
idx=2584,idy=3876.
idx=2585,idy=3877.
idx=2586,idy=3879.
idx=2587,idy=3880.
idx=2588,idy=3882.
idx=2589,idy=3883.
idx=2590,idy=3885.
idx=2591,idy=3886.
idx=2592,idy=3888.
idx=2593,idy=3889.
idx=2594,idy=3891.
idx=2595,idy=3892.
idx=2596,idy=3894.
idx=2597,idy=3895.
idx=2598,idy=3897.
idx=2599,idy=3898.
idx=2600,idy=3900.
idx=2601,idy=3901.
idx=2602,idy=3903.
idx=2603,idy=3904.
idx=2604,idy=3906.
idx=2605,idy=3907.
idx=2606,idy=3909.
idx=2607,idy=3910.
idx=2608,idy=3912.
idx=2609,idy=3913.
idx=2610,idy=3915.
idx=2611,idy=3916.
idx=2612,idy=3918.
idx=2613,idy=3919.
idx=2614,idy=3921.
idx=2615,idy=3922.
idx=2616,idy=3924.
idx=2617,idy=3925.
idx=2618,idy=3927.
idx=2619,idy=3928.
idx=2620,idy=3930.
idx=2621,idy=3931.
idx=2622,idy=3933.
idx=2623,idy=3934.
idx=2624,idy=3936.
idx=2625,idy=3937.
idx=2626,idy=3939.
idx=2627,idy=3940.
idx=2628,idy=3942.
idx=2629,idy=3943.
idx=2630,idy=3945.
idx=2631,idy=3946.
idx=2632,idy=3948.
idx=2633,idy=3949.
idx=2634,idy=3951.
idx=2635,idy=3952.
idx=2636,idy=3954.
idx=2637,idy=3955.
idx=2638,idy=3957.
idx=2639,idy=3958.
idx=2640,idy=3960.
idx=2641,idy=3961.
idx=2642,idy=3963.
idx=2643,idy=3964.
idx=2644,idy=3966.
idx=2645,idy=3967.
idx=2646,idy=3969.
idx=2647,idy=3970.
idx=2648,idy=3972.
idx=2649,idy=3973.
idx=2650,idy=3975.
idx=2651,idy=3976.
idx=2652,idy=3978.
idx=2653,idy=3979.
idx=2654,idy=3981.
idx=2655,idy=3982.
idx=2656,idy=3984.
idx=2657,idy=3985.
idx=2658,idy=3987.
idx=2659,idy=3988.
idx=2660,idy=3990.
idx=2661,idy=3991.
idx=2662,idy=3993.
idx=2663,idy=3994.
idx=2664,idy=3996.
idx=2665,idy=3997.
idx=2666,idy=3999.
idx=2667,idy=4000.
idx=2668,idy=4002.
idx=2669,idy=4003.
idx=2670,idy=4005.
idx=2671,idy=4006.
idx=2672,idy=4008.
idx=2673,idy=4009.
idx=2674,idy=4011.
idx=2675,idy=4012.
idx=2676,idy=4014.
idx=2677,idy=4015.
idx=2678,idy=4017.
idx=2679,idy=4018.
idx=2680,idy=4020.
idx=2681,idy=4021.
idx=2682,idy=4023.
idx=2683,idy=4024.
idx=2684,idy=4026.
idx=2685,idy=4027.
idx=2686,idy=4029.
idx=2687,idy=4030.
idx=2688,idy=4032.
idx=2689,idy=4033.
idx=2690,idy=4035.
idx=2691,idy=4036.
idx=2692,idy=4038.
idx=2693,idy=4039.
idx=2694,idy=4041.
idx=2695,idy=4042.
idx=2696,idy=4044.
idx=2697,idy=4045.
idx=2698,idy=4047.
idx=2699,idy=4048.
idx=2700,idy=4050.
idx=2701,idy=4051.
idx=2702,idy=4053.
idx=2703,idy=4054.
idx=2704,idy=4056.
idx=2705,idy=4057.
idx=2706,idy=4059.
idx=2707,idy=4060.
idx=2708,idy=4062.
idx=2709,idy=4063.
idx=2710,idy=4065.
idx=2711,idy=4066.
idx=2712,idy=4068.
idx=2713,idy=4069.
idx=2714,idy=4071.
idx=2715,idy=4072.
idx=2716,idy=4074.
idx=2717,idy=4075.
idx=2718,idy=4077.
idx=2719,idy=4078.
idx=2720,idy=4080.
idx=2721,idy=4081.
idx=2722,idy=4083.
idx=2723,idy=4084.
idx=2724,idy=4086.
idx=2725,idy=4087.
idx=2726,idy=4089.
idx=2727,idy=4090.
idx=2728,idy=4092.
idx=2729,idy=4093.
idx=2730,idy=4095.
idx=2731,idy=4096.
idx=2732,idy=4098.
idx=2733,idy=4099.
idx=2734,idy=4101.
idx=2735,idy=4102.
idx=2736,idy=4104.
idx=2737,idy=4105.
idx=2738,idy=4107.
idx=2739,idy=4108.
idx=2740,idy=4110.
idx=2741,idy=4111.
idx=2742,idy=4113.
idx=2743,idy=4114.
idx=2744,idy=4116.
idx=2745,idy=4117.
idx=2746,idy=4119.
idx=2747,idy=4120.
idx=2748,idy=4122.
idx=2749,idy=4123.
idx=2750,idy=4125.
idx=2751,idy=4126.
idx=2752,idy=4128.
idx=2753,idy=4129.
idx=2754,idy=4131.
idx=2755,idy=4132.
idx=2756,idy=4134.
idx=2757,idy=4135.
idx=2758,idy=4137.
idx=2759,idy=4138.
idx=2760,idy=4140.
idx=2761,idy=4141.
idx=2762,idy=4143.
idx=2763,idy=4144.
idx=2764,idy=4146.
idx=2765,idy=4147.
idx=2766,idy=4149.
idx=2767,idy=4150.
idx=2768,idy=4152.
idx=2769,idy=4153.
idx=2770,idy=4155.
idx=2771,idy=4156.
idx=2772,idy=4158.
idx=2773,idy=4159.
idx=2774,idy=4161.
idx=2775,idy=4162.
idx=2776,idy=4164.
idx=2777,idy=4165.
idx=2778,idy=4167.
idx=2779,idy=4168.
idx=2780,idy=4170.
idx=2781,idy=4171.
idx=2782,idy=4173.
idx=2783,idy=4174.
idx=2784,idy=4176.
idx=2785,idy=4177.
idx=2786,idy=4179.
idx=2787,idy=4180.
idx=2788,idy=4182.
idx=2789,idy=4183.
idx=2790,idy=4185.
idx=2791,idy=4186.
idx=2792,idy=4188.
idx=2793,idy=4189.
idx=2794,idy=4191.
idx=2795,idy=4192.
idx=2796,idy=4194.
idx=2797,idy=4195.
idx=2798,idy=4197.
idx=2799,idy=4198.
idx=2800,idy=4200.
idx=2801,idy=4201.
idx=2802,idy=4203.
idx=2803,idy=4204.
idx=2804,idy=4206.
idx=2805,idy=4207.
idx=2806,idy=4209.
idx=2807,idy=4210.
idx=2808,idy=4212.
idx=2809,idy=4213.
idx=2810,idy=4215.
idx=2811,idy=4216.
idx=2812,idy=4218.
idx=2813,idy=4219.
idx=2814,idy=4221.
idx=2815,idy=4222.
idx=2816,idy=4224.
idx=2817,idy=4225.
idx=2818,idy=4227.
idx=2819,idy=4228.
idx=2820,idy=4230.
idx=2821,idy=4231.
idx=2822,idy=4233.
idx=2823,idy=4234.
idx=2824,idy=4236.
idx=2825,idy=4237.
idx=2826,idy=4239.
idx=2827,idy=4240.
idx=2828,idy=4242.
idx=2829,idy=4243.
idx=2830,idy=4245.
idx=2831,idy=4246.
idx=2832,idy=4248.
idx=2833,idy=4249.
idx=2834,idy=4251.
idx=2835,idy=4252.
idx=2836,idy=4254.
idx=2837,idy=4255.
idx=2838,idy=4257.
idx=2839,idy=4258.
idx=2840,idy=4260.
idx=2841,idy=4261.
idx=2842,idy=4263.
idx=2843,idy=4264.
idx=2844,idy=4266.
idx=2845,idy=4267.
idx=2846,idy=4269.
idx=2847,idy=4270.
idx=2848,idy=4272.
idx=2849,idy=4273.
idx=2850,idy=4275.
idx=2851,idy=4276.
idx=2852,idy=4278.
idx=2853,idy=4279.
idx=2854,idy=4281.
idx=2855,idy=4282.
idx=2856,idy=4284.
idx=2857,idy=4285.
idx=2858,idy=4287.
idx=2859,idy=4288.
idx=2860,idy=4290.
idx=2861,idy=4291.
idx=2862,idy=4293.
idx=2863,idy=4294.
idx=2864,idy=4296.
idx=2865,idy=4297.
idx=2866,idy=4299.
idx=2867,idy=4300.
idx=2868,idy=4302.
idx=2869,idy=4303.
idx=2870,idy=4305.
idx=2871,idy=4306.
idx=2872,idy=4308.
idx=2873,idy=4309.
idx=2874,idy=4311.
idx=2875,idy=4312.
idx=2876,idy=4314.
idx=2877,idy=4315.
idx=2878,idy=4317.
idx=2879,idy=4318.
idx=2880,idy=4320.
idx=2881,idy=4321.
idx=2882,idy=4323.
idx=2883,idy=4324.
idx=2884,idy=4326.
idx=2885,idy=4327.
idx=2886,idy=4329.
idx=2887,idy=4330.
idx=2888,idy=4332.
idx=2889,idy=4333.
idx=2890,idy=4335.
idx=2891,idy=4336.
idx=2892,idy=4338.
idx=2893,idy=4339.
idx=2894,idy=4341.
idx=2895,idy=4342.
idx=2896,idy=4344.
idx=2897,idy=4345.
idx=2898,idy=4347.
idx=2899,idy=4348.
idx=2900,idy=4350.
idx=2901,idy=4351.
idx=2902,idy=4353.
idx=2903,idy=4354.
idx=2904,idy=4356.
idx=2905,idy=4357.
idx=2906,idy=4359.
idx=2907,idy=4360.
idx=2908,idy=4362.
idx=2909,idy=4363.
idx=2910,idy=4365.
idx=2911,idy=4366.
idx=2912,idy=4368.
idx=2913,idy=4369.
idx=2914,idy=4371.
idx=2915,idy=4372.
idx=2916,idy=4374.
idx=2917,idy=4375.
idx=2918,idy=4377.
idx=2919,idy=4378.
idx=2920,idy=4380.
idx=2921,idy=4381.
idx=2922,idy=4383.
idx=2923,idy=4384.
idx=2924,idy=4386.
idx=2925,idy=4387.
idx=2926,idy=4389.
idx=2927,idy=4390.
idx=2928,idy=4392.
idx=2929,idy=4393.
idx=2930,idy=4395.
idx=2931,idy=4396.
idx=2932,idy=4398.
idx=2933,idy=4399.
idx=2934,idy=4401.
idx=2935,idy=4402.
idx=2936,idy=4404.
idx=2937,idy=4405.
idx=2938,idy=4407.
idx=2939,idy=4408.
idx=2940,idy=4410.
idx=2941,idy=4411.
idx=2942,idy=4413.
idx=2943,idy=4414.
idx=2944,idy=4416.
idx=2945,idy=4417.
idx=2946,idy=4419.
idx=2947,idy=4420.
idx=2948,idy=4422.
idx=2949,idy=4423.
idx=2950,idy=4425.
idx=2951,idy=4426.
idx=2952,idy=4428.
idx=2953,idy=4429.
idx=2954,idy=4431.
idx=2955,idy=4432.
idx=2956,idy=4434.
idx=2957,idy=4435.
idx=2958,idy=4437.
idx=2959,idy=4438.
idx=2960,idy=4440.
idx=2961,idy=4441.
idx=2962,idy=4443.
idx=2963,idy=4444.
idx=2964,idy=4446.
idx=2965,idy=4447.
idx=2966,idy=4449.
idx=2967,idy=4450.
idx=2968,idy=4452.
idx=2969,idy=4453.
idx=2970,idy=4455.
idx=2971,idy=4456.
idx=2972,idy=4458.
idx=2973,idy=4459.
idx=2974,idy=4461.
idx=2975,idy=4462.
idx=2976,idy=4464.
idx=2977,idy=4465.
idx=2978,idy=4467.
idx=2979,idy=4468.
idx=2980,idy=4470.
idx=2981,idy=4471.
idx=2982,idy=4473.
idx=2983,idy=4474.
idx=2984,idy=4476.
idx=2985,idy=4477.
idx=2986,idy=4479.
idx=2987,idy=4480.
idx=2988,idy=4482.
idx=2989,idy=4483.
idx=2990,idy=4485.
idx=2991,idy=4486.
idx=2992,idy=4488.
idx=2993,idy=4489.
idx=2994,idy=4491.
idx=2995,idy=4492.
idx=2996,idy=4494.
idx=2997,idy=4495.
idx=2998,idy=4497.
idx=2999,idy=4498.
idx=3000,idy=4500.
idx=3001,idy=4501.
idx=3002,idy=4503.
idx=3003,idy=4504.
idx=3004,idy=4506.
idx=3005,idy=4507.
idx=3006,idy=4509.
idx=3007,idy=4510.
idx=3008,idy=4512.
idx=3009,idy=4513.
idx=3010,idy=4515.
idx=3011,idy=4516.
idx=3012,idy=4518.
idx=3013,idy=4519.
idx=3014,idy=4521.
idx=3015,idy=4522.
idx=3016,idy=4524.
idx=3017,idy=4525.
idx=3018,idy=4527.
idx=3019,idy=4528.
idx=3020,idy=4530.
idx=3021,idy=4531.
idx=3022,idy=4533.
idx=3023,idy=4534.
idx=3024,idy=4536.
idx=3025,idy=4537.
idx=3026,idy=4539.
idx=3027,idy=4540.
idx=3028,idy=4542.
idx=3029,idy=4543.
idx=3030,idy=4545.
idx=3031,idy=4546.
idx=3032,idy=4548.
idx=3033,idy=4549.
idx=3034,idy=4551.
idx=3035,idy=4552.
idx=3036,idy=4554.
idx=3037,idy=4555.
idx=3038,idy=4557.
idx=3039,idy=4558.
idx=3040,idy=4560.
idx=3041,idy=4561.
idx=3042,idy=4563.
idx=3043,idy=4564.
idx=3044,idy=4566.
idx=3045,idy=4567.
idx=3046,idy=4569.
idx=3047,idy=4570.
idx=3048,idy=4572.
idx=3049,idy=4573.
idx=3050,idy=4575.
idx=3051,idy=4576.
idx=3052,idy=4578.
idx=3053,idy=4579.
idx=3054,idy=4581.
idx=3055,idy=4582.
idx=3056,idy=4584.
idx=3057,idy=4585.
idx=3058,idy=4587.
idx=3059,idy=4588.
idx=3060,idy=4590.
idx=3061,idy=4591.
idx=3062,idy=4593.
idx=3063,idy=4594.
idx=3064,idy=4596.
idx=3065,idy=4597.
idx=3066,idy=4599.
idx=3067,idy=4600.
idx=3068,idy=4602.
idx=3069,idy=4603.
idx=3070,idy=4605.
idx=3071,idy=4606.
idx=3072,idy=4608.
idx=3073,idy=4609.
idx=3074,idy=4611.
idx=3075,idy=4612.
idx=3076,idy=4614.
idx=3077,idy=4615.
idx=3078,idy=4617.
idx=3079,idy=4618.
idx=3080,idy=4620.
idx=3081,idy=4621.
idx=3082,idy=4623.
idx=3083,idy=4624.
idx=3084,idy=4626.
idx=3085,idy=4627.
idx=3086,idy=4629.
idx=3087,idy=4630.
idx=3088,idy=4632.
idx=3089,idy=4633.
idx=3090,idy=4635.
idx=3091,idy=4636.
idx=3092,idy=4638.
idx=3093,idy=4639.
idx=3094,idy=4641.
idx=3095,idy=4642.
idx=3096,idy=4644.
idx=3097,idy=4645.
idx=3098,idy=4647.
idx=3099,idy=4648.
idx=3100,idy=4650.
idx=3101,idy=4651.
idx=3102,idy=4653.
idx=3103,idy=4654.
idx=3104,idy=4656.
idx=3105,idy=4657.
idx=3106,idy=4659.
idx=3107,idy=4660.
idx=3108,idy=4662.
idx=3109,idy=4663.
idx=3110,idy=4665.
idx=3111,idy=4666.
idx=3112,idy=4668.
idx=3113,idy=4669.
idx=3114,idy=4671.
idx=3115,idy=4672.
idx=3116,idy=4674.
idx=3117,idy=4675.
idx=3118,idy=4677.
idx=3119,idy=4678.
idx=3120,idy=4680.
idx=3121,idy=4681.
idx=3122,idy=4683.
idx=3123,idy=4684.
idx=3124,idy=4686.
idx=3125,idy=4687.
idx=3126,idy=4689.
idx=3127,idy=4690.
idx=3128,idy=4692.
idx=3129,idy=4693.
idx=3130,idy=4695.
idx=3131,idy=4696.
idx=3132,idy=4698.
idx=3133,idy=4699.
idx=3134,idy=4701.
idx=3135,idy=4702.
idx=3136,idy=4704.
idx=3137,idy=4705.
idx=3138,idy=4707.
idx=3139,idy=4708.
idx=3140,idy=4710.
idx=3141,idy=4711.
idx=3142,idy=4713.
idx=3143,idy=4714.
idx=3144,idy=4716.
idx=3145,idy=4717.
idx=3146,idy=4719.
idx=3147,idy=4720.
idx=3148,idy=4722.
idx=3149,idy=4723.
idx=3150,idy=4725.
idx=3151,idy=4726.
idx=3152,idy=4728.
idx=3153,idy=4729.
idx=3154,idy=4731.
idx=3155,idy=4732.
idx=3156,idy=4734.
idx=3157,idy=4735.
idx=3158,idy=4737.
idx=3159,idy=4738.
idx=3160,idy=4740.
idx=3161,idy=4741.
idx=3162,idy=4743.
idx=3163,idy=4744.
idx=3164,idy=4746.
idx=3165,idy=4747.
idx=3166,idy=4749.
idx=3167,idy=4750.
idx=3168,idy=4752.
idx=3169,idy=4753.
idx=3170,idy=4755.
idx=3171,idy=4756.
idx=3172,idy=4758.
idx=3173,idy=4759.
idx=3174,idy=4761.
idx=3175,idy=4762.
idx=3176,idy=4764.
idx=3177,idy=4765.
idx=3178,idy=4767.
idx=3179,idy=4768.
idx=3180,idy=4770.
idx=3181,idy=4771.
idx=3182,idy=4773.
idx=3183,idy=4774.
idx=3184,idy=4776.
idx=3185,idy=4777.
idx=3186,idy=4779.
idx=3187,idy=4780.
idx=3188,idy=4782.
idx=3189,idy=4783.
idx=3190,idy=4785.
idx=3191,idy=4786.
idx=3192,idy=4788.
idx=3193,idy=4789.
idx=3194,idy=4791.
idx=3195,idy=4792.
idx=3196,idy=4794.
idx=3197,idy=4795.
idx=3198,idy=4797.
idx=3199,idy=4798.
idx=3200,idy=4800.
idx=3201,idy=4801.
idx=3202,idy=4803.
idx=3203,idy=4804.
idx=3204,idy=4806.
idx=3205,idy=4807.
idx=3206,idy=4809.
idx=3207,idy=4810.
idx=3208,idy=4812.
idx=3209,idy=4813.
idx=3210,idy=4815.
idx=3211,idy=4816.
idx=3212,idy=4818.
idx=3213,idy=4819.
idx=3214,idy=4821.
idx=3215,idy=4822.
idx=3216,idy=4824.
idx=3217,idy=4825.
idx=3218,idy=4827.
idx=3219,idy=4828.
idx=3220,idy=4830.
idx=3221,idy=4831.
idx=3222,idy=4833.
idx=3223,idy=4834.
idx=3224,idy=4836.
idx=3225,idy=4837.
idx=3226,idy=4839.
idx=3227,idy=4840.
idx=3228,idy=4842.
idx=3229,idy=4843.
idx=3230,idy=4845.
idx=3231,idy=4846.
idx=3232,idy=4848.
idx=3233,idy=4849.
idx=3234,idy=4851.
idx=3235,idy=4852.
idx=3236,idy=4854.
idx=3237,idy=4855.
idx=3238,idy=4857.
idx=3239,idy=4858.
idx=3240,idy=4860.
idx=3241,idy=4861.
idx=3242,idy=4863.
idx=3243,idy=4864.
idx=3244,idy=4866.
idx=3245,idy=4867.
idx=3246,idy=4869.
idx=3247,idy=4870.
idx=3248,idy=4872.
idx=3249,idy=4873.
idx=3250,idy=4875.
idx=3251,idy=4876.
idx=3252,idy=4878.
idx=3253,idy=4879.
idx=3254,idy=4881.
idx=3255,idy=4882.
idx=3256,idy=4884.
idx=3257,idy=4885.
idx=3258,idy=4887.
idx=3259,idy=4888.
idx=3260,idy=4890.
idx=3261,idy=4891.
idx=3262,idy=4893.
idx=3263,idy=4894.
idx=3264,idy=4896.
idx=3265,idy=4897.
idx=3266,idy=4899.
idx=3267,idy=4900.
idx=3268,idy=4902.
idx=3269,idy=4903.
idx=3270,idy=4905.
idx=3271,idy=4906.
idx=3272,idy=4908.
idx=3273,idy=4909.
idx=3274,idy=4911.
idx=3275,idy=4912.
idx=3276,idy=4914.
idx=3277,idy=4915.
idx=3278,idy=4917.
idx=3279,idy=4918.
idx=3280,idy=4920.
idx=3281,idy=4921.
idx=3282,idy=4923.
idx=3283,idy=4924.
idx=3284,idy=4926.
idx=3285,idy=4927.
idx=3286,idy=4929.
idx=3287,idy=4930.
idx=3288,idy=4932.
idx=3289,idy=4933.
idx=3290,idy=4935.
idx=3291,idy=4936.
idx=3292,idy=4938.
idx=3293,idy=4939.
idx=3294,idy=4941.
idx=3295,idy=4942.
idx=3296,idy=4944.
idx=3297,idy=4945.
idx=3298,idy=4947.
idx=3299,idy=4948.
idx=3300,idy=4950.
idx=3301,idy=4951.
idx=3302,idy=4953.
idx=3303,idy=4954.
idx=3304,idy=4956.
idx=3305,idy=4957.
idx=3306,idy=4959.
idx=3307,idy=4960.
idx=3308,idy=4962.
idx=3309,idy=4963.
idx=3310,idy=4965.
idx=3311,idy=4966.
idx=3312,idy=4968.
idx=3313,idy=4969.
idx=3314,idy=4971.
idx=3315,idy=4972.
idx=3316,idy=4974.
idx=3317,idy=4975.
idx=3318,idy=4977.
idx=3319,idy=4978.
idx=3320,idy=4980.
idx=3321,idy=4981.
idx=3322,idy=4983.
idx=3323,idy=4984.
idx=3324,idy=4986.
idx=3325,idy=4987.
idx=3326,idy=4989.
idx=3327,idy=4990.
idx=3328,idy=4992.
idx=3329,idy=4993.
idx=3330,idy=4995.
idx=3331,idy=4996.
idx=3332,idy=4998.
idx=3333,idy=4999.
idx=3334,idy=5001.
idx=3335,idy=5002.
idx=3336,idy=5004.
idx=3337,idy=5005.
idx=3338,idy=5007.
idx=3339,idy=5008.
idx=3340,idy=5010.
idx=3341,idy=5011.
idx=3342,idy=5013.
idx=3343,idy=5014.
idx=3344,idy=5016.
idx=3345,idy=5017.
idx=3346,idy=5019.
idx=3347,idy=5020.
idx=3348,idy=5022.
idx=3349,idy=5023.
idx=3350,idy=5025.
idx=3351,idy=5026.
idx=3352,idy=5028.
idx=3353,idy=5029.
idx=3354,idy=5031.
idx=3355,idy=5032.
idx=3356,idy=5034.
idx=3357,idy=5035.
idx=3358,idy=5037.
idx=3359,idy=5038.
idx=3360,idy=5040.
idx=3361,idy=5041.
idx=3362,idy=5043.
idx=3363,idy=5044.
idx=3364,idy=5046.
idx=3365,idy=5047.
idx=3366,idy=5049.
idx=3367,idy=5050.
idx=3368,idy=5052.
idx=3369,idy=5053.
idx=3370,idy=5055.
idx=3371,idy=5056.
idx=3372,idy=5058.
idx=3373,idy=5059.
idx=3374,idy=5061.
idx=3375,idy=5062.
idx=3376,idy=5064.
idx=3377,idy=5065.
idx=3378,idy=5067.
idx=3379,idy=5068.
idx=3380,idy=5070.
idx=3381,idy=5071.
idx=3382,idy=5073.
idx=3383,idy=5074.
idx=3384,idy=5076.
idx=3385,idy=5077.
idx=3386,idy=5079.
idx=3387,idy=5080.
idx=3388,idy=5082.
idx=3389,idy=5083.
idx=3390,idy=5085.
idx=3391,idy=5086.
idx=3392,idy=5088.
idx=3393,idy=5089.
idx=3394,idy=5091.
idx=3395,idy=5092.
idx=3396,idy=5094.
idx=3397,idy=5095.
idx=3398,idy=5097.
idx=3399,idy=5098.
idx=3400,idy=5100.
idx=3401,idy=5101.
idx=3402,idy=5103.
idx=3403,idy=5104.
idx=3404,idy=5106.
idx=3405,idy=5107.
idx=3406,idy=5109.
idx=3407,idy=5110.
idx=3408,idy=5112.
idx=3409,idy=5113.
idx=3410,idy=5115.
idx=3411,idy=5116.
idx=3412,idy=5118.
idx=3413,idy=5119.
idx=3414,idy=5121.
idx=3415,idy=5122.
idx=3416,idy=5124.
idx=3417,idy=5125.
idx=3418,idy=5127.
idx=3419,idy=5128.
idx=3420,idy=5130.
idx=3421,idy=5131.
idx=3422,idy=5133.
idx=3423,idy=5134.
idx=3424,idy=5136.
idx=3425,idy=5137.
idx=3426,idy=5139.
idx=3427,idy=5140.
idx=3428,idy=5142.
idx=3429,idy=5143.
idx=3430,idy=5145.
idx=3431,idy=5146.
idx=3432,idy=5148.
idx=3433,idy=5149.
idx=3434,idy=5151.
idx=3435,idy=5152.
idx=3436,idy=5154.
idx=3437,idy=5155.
idx=3438,idy=5157.
idx=3439,idy=5158.
idx=3440,idy=5160.
idx=3441,idy=5161.
idx=3442,idy=5163.
idx=3443,idy=5164.
idx=3444,idy=5166.
idx=3445,idy=5167.
idx=3446,idy=5169.
idx=3447,idy=5170.
idx=3448,idy=5172.
idx=3449,idy=5173.
idx=3450,idy=5175.
idx=3451,idy=5176.
idx=3452,idy=5178.
idx=3453,idy=5179.
idx=3454,idy=5181.
idx=3455,idy=5182.
idx=3456,idy=5184.
idx=3457,idy=5185.
idx=3458,idy=5187.
idx=3459,idy=5188.
idx=3460,idy=5190.
idx=3461,idy=5191.
idx=3462,idy=5193.
idx=3463,idy=5194.
idx=3464,idy=5196.
idx=3465,idy=5197.
idx=3466,idy=5199.
idx=3467,idy=5200.
idx=3468,idy=5202.
idx=3469,idy=5203.
idx=3470,idy=5205.
idx=3471,idy=5206.
idx=3472,idy=5208.
idx=3473,idy=5209.
idx=3474,idy=5211.
idx=3475,idy=5212.
idx=3476,idy=5214.
idx=3477,idy=5215.
idx=3478,idy=5217.
idx=3479,idy=5218.
idx=3480,idy=5220.
idx=3481,idy=5221.
idx=3482,idy=5223.
idx=3483,idy=5224.
idx=3484,idy=5226.
idx=3485,idy=5227.
idx=3486,idy=5229.
idx=3487,idy=5230.
idx=3488,idy=5232.
idx=3489,idy=5233.
idx=3490,idy=5235.
idx=3491,idy=5236.
idx=3492,idy=5238.
idx=3493,idy=5239.
idx=3494,idy=5241.
idx=3495,idy=5242.
idx=3496,idy=5244.
idx=3497,idy=5245.
idx=3498,idy=5247.
idx=3499,idy=5248.
idx=3500,idy=5250.
idx=3501,idy=5251.
idx=3502,idy=5253.
idx=3503,idy=5254.
idx=3504,idy=5256.
idx=3505,idy=5257.
idx=3506,idy=5259.
idx=3507,idy=5260.
idx=3508,idy=5262.
idx=3509,idy=5263.
idx=3510,idy=5265.
idx=3511,idy=5266.
idx=3512,idy=5268.
idx=3513,idy=5269.
idx=3514,idy=5271.
idx=3515,idy=5272.
idx=3516,idy=5274.
idx=3517,idy=5275.
idx=3518,idy=5277.
idx=3519,idy=5278.
idx=3520,idy=5280.
idx=3521,idy=5281.
idx=3522,idy=5283.
idx=3523,idy=5284.
idx=3524,idy=5286.
idx=3525,idy=5287.
idx=3526,idy=5289.
idx=3527,idy=5290.
idx=3528,idy=5292.
idx=3529,idy=5293.
idx=3530,idy=5295.
idx=3531,idy=5296.
idx=3532,idy=5298.
idx=3533,idy=5299.
idx=3534,idy=5301.
idx=3535,idy=5302.
idx=3536,idy=5304.
idx=3537,idy=5305.
idx=3538,idy=5307.
idx=3539,idy=5308.
idx=3540,idy=5310.
idx=3541,idy=5311.
idx=3542,idy=5313.
idx=3543,idy=5314.
idx=3544,idy=5316.
idx=3545,idy=5317.
idx=3546,idy=5319.
idx=3547,idy=5320.
idx=3548,idy=5322.
idx=3549,idy=5323.
idx=3550,idy=5325.
idx=3551,idy=5326.
idx=3552,idy=5328.
idx=3553,idy=5329.
idx=3554,idy=5331.
idx=3555,idy=5332.
idx=3556,idy=5334.
idx=3557,idy=5335.
idx=3558,idy=5337.
idx=3559,idy=5338.
idx=3560,idy=5340.
idx=3561,idy=5341.
idx=3562,idy=5343.
idx=3563,idy=5344.
idx=3564,idy=5346.
idx=3565,idy=5347.
idx=3566,idy=5349.
idx=3567,idy=5350.
idx=3568,idy=5352.
idx=3569,idy=5353.
idx=3570,idy=5355.
idx=3571,idy=5356.
idx=3572,idy=5358.
idx=3573,idy=5359.
idx=3574,idy=5361.
idx=3575,idy=5362.
idx=3576,idy=5364.
idx=3577,idy=5365.
idx=3578,idy=5367.
idx=3579,idy=5368.
idx=3580,idy=5370.
idx=3581,idy=5371.
idx=3582,idy=5373.
idx=3583,idy=5374.
idx=3584,idy=5376.
idx=3585,idy=5377.
idx=3586,idy=5379.
idx=3587,idy=5380.
idx=3588,idy=5382.
idx=3589,idy=5383.
idx=3590,idy=5385.
idx=3591,idy=5386.
idx=3592,idy=5388.
idx=3593,idy=5389.
idx=3594,idy=5391.
idx=3595,idy=5392.
idx=3596,idy=5394.
idx=3597,idy=5395.
idx=3598,idy=5397.
idx=3599,idy=5398.
idx=3600,idy=5400.
idx=3601,idy=5401.
idx=3602,idy=5403.
idx=3603,idy=5404.
idx=3604,idy=5406.
idx=3605,idy=5407.
idx=3606,idy=5409.
idx=3607,idy=5410.
idx=3608,idy=5412.
idx=3609,idy=5413.
idx=3610,idy=5415.
idx=3611,idy=5416.
idx=3612,idy=5418.
idx=3613,idy=5419.
idx=3614,idy=5421.
idx=3615,idy=5422.
idx=3616,idy=5424.
idx=3617,idy=5425.
idx=3618,idy=5427.
idx=3619,idy=5428.
idx=3620,idy=5430.
idx=3621,idy=5431.
idx=3622,idy=5433.
idx=3623,idy=5434.
idx=3624,idy=5436.
idx=3625,idy=5437.
idx=3626,idy=5439.
idx=3627,idy=5440.
idx=3628,idy=5442.
idx=3629,idy=5443.
idx=3630,idy=5445.
idx=3631,idy=5446.
idx=3632,idy=5448.
idx=3633,idy=5449.
idx=3634,idy=5451.
idx=3635,idy=5452.
idx=3636,idy=5454.
idx=3637,idy=5455.
idx=3638,idy=5457.
idx=3639,idy=5458.
idx=3640,idy=5460.
idx=3641,idy=5461.
idx=3642,idy=5463.
idx=3643,idy=5464.
idx=3644,idy=5466.
idx=3645,idy=5467.
idx=3646,idy=5469.
idx=3647,idy=5470.
idx=3648,idy=5472.
idx=3649,idy=5473.
idx=3650,idy=5475.
idx=3651,idy=5476.
idx=3652,idy=5478.
idx=3653,idy=5479.
idx=3654,idy=5481.
idx=3655,idy=5482.
idx=3656,idy=5484.
idx=3657,idy=5485.
idx=3658,idy=5487.
idx=3659,idy=5488.
idx=3660,idy=5490.
idx=3661,idy=5491.
idx=3662,idy=5493.
idx=3663,idy=5494.
idx=3664,idy=5496.
idx=3665,idy=5497.
idx=3666,idy=5499.
idx=3667,idy=5500.
idx=3668,idy=5502.
idx=3669,idy=5503.
idx=3670,idy=5505.
idx=3671,idy=5506.
idx=3672,idy=5508.
idx=3673,idy=5509.
idx=3674,idy=5511.
idx=3675,idy=5512.
idx=3676,idy=5514.
idx=3677,idy=5515.
idx=3678,idy=5517.
idx=3679,idy=5518.
idx=3680,idy=5520.
idx=3681,idy=5521.
idx=3682,idy=5523.
idx=3683,idy=5524.
idx=3684,idy=5526.
idx=3685,idy=5527.
idx=3686,idy=5529.
idx=3687,idy=5530.
idx=3688,idy=5532.
idx=3689,idy=5533.
idx=3690,idy=5535.
idx=3691,idy=5536.
idx=3692,idy=5538.
idx=3693,idy=5539.
idx=3694,idy=5541.
idx=3695,idy=5542.
idx=3696,idy=5544.
idx=3697,idy=5545.
idx=3698,idy=5547.
idx=3699,idy=5548.
idx=3700,idy=5550.
idx=3701,idy=5551.
idx=3702,idy=5553.
idx=3703,idy=5554.
idx=3704,idy=5556.
idx=3705,idy=5557.
idx=3706,idy=5559.
idx=3707,idy=5560.
idx=3708,idy=5562.
idx=3709,idy=5563.
idx=3710,idy=5565.
idx=3711,idy=5566.
idx=3712,idy=5568.
idx=3713,idy=5569.
idx=3714,idy=5571.
idx=3715,idy=5572.
idx=3716,idy=5574.
idx=3717,idy=5575.
idx=3718,idy=5577.
idx=3719,idy=5578.
idx=3720,idy=5580.
idx=3721,idy=5581.
idx=3722,idy=5583.
idx=3723,idy=5584.
idx=3724,idy=5586.
idx=3725,idy=5587.
idx=3726,idy=5589.
idx=3727,idy=5590.
idx=3728,idy=5592.
idx=3729,idy=5593.
idx=3730,idy=5595.
idx=3731,idy=5596.
idx=3732,idy=5598.
idx=3733,idy=5599.
idx=3734,idy=5601.
idx=3735,idy=5602.
idx=3736,idy=5604.
idx=3737,idy=5605.
idx=3738,idy=5607.
idx=3739,idy=5608.
idx=3740,idy=5610.
idx=3741,idy=5611.
idx=3742,idy=5613.
idx=3743,idy=5614.
idx=3744,idy=5616.
idx=3745,idy=5617.
idx=3746,idy=5619.
idx=3747,idy=5620.
idx=3748,idy=5622.
idx=3749,idy=5623.
idx=3750,idy=5625.
idx=3751,idy=5626.
idx=3752,idy=5628.
idx=3753,idy=5629.
idx=3754,idy=5631.
idx=3755,idy=5632.
idx=3756,idy=5634.
idx=3757,idy=5635.
idx=3758,idy=5637.
idx=3759,idy=5638.
idx=3760,idy=5640.
idx=3761,idy=5641.
idx=3762,idy=5643.
idx=3763,idy=5644.
idx=3764,idy=5646.
idx=3765,idy=5647.
idx=3766,idy=5649.
idx=3767,idy=5650.
idx=3768,idy=5652.
idx=3769,idy=5653.
idx=3770,idy=5655.
idx=3771,idy=5656.
idx=3772,idy=5658.
idx=3773,idy=5659.
idx=3774,idy=5661.
idx=3775,idy=5662.
idx=3776,idy=5664.
idx=3777,idy=5665.
idx=3778,idy=5667.
idx=3779,idy=5668.
idx=3780,idy=5670.
idx=3781,idy=5671.
idx=3782,idy=5673.
idx=3783,idy=5674.
idx=3784,idy=5676.
idx=3785,idy=5677.
idx=3786,idy=5679.
idx=3787,idy=5680.
idx=3788,idy=5682.
idx=3789,idy=5683.
idx=3790,idy=5685.
idx=3791,idy=5686.
idx=3792,idy=5688.
idx=3793,idy=5689.
idx=3794,idy=5691.
idx=3795,idy=5692.
idx=3796,idy=5694.
idx=3797,idy=5695.
idx=3798,idy=5697.
idx=3799,idy=5698.
idx=3800,idy=5700.
idx=3801,idy=5701.
idx=3802,idy=5703.
idx=3803,idy=5704.
idx=3804,idy=5706.
idx=3805,idy=5707.
idx=3806,idy=5709.
idx=3807,idy=5710.
idx=3808,idy=5712.
idx=3809,idy=5713.
idx=3810,idy=5715.
idx=3811,idy=5716.
idx=3812,idy=5718.
idx=3813,idy=5719.
idx=3814,idy=5721.
idx=3815,idy=5722.
idx=3816,idy=5724.
idx=3817,idy=5725.
idx=3818,idy=5727.
idx=3819,idy=5728.
idx=3820,idy=5730.
idx=3821,idy=5731.
idx=3822,idy=5733.
idx=3823,idy=5734.
idx=3824,idy=5736.
idx=3825,idy=5737.
idx=3826,idy=5739.
idx=3827,idy=5740.
idx=3828,idy=5742.
idx=3829,idy=5743.
idx=3830,idy=5745.
idx=3831,idy=5746.
idx=3832,idy=5748.
idx=3833,idy=5749.
idx=3834,idy=5751.
idx=3835,idy=5752.
idx=3836,idy=5754.
idx=3837,idy=5755.
idx=3838,idy=5757.
idx=3839,idy=5758.
idx=3840,idy=5760.
idx=3841,idy=5761.
idx=3842,idy=5763.
idx=3843,idy=5764.
idx=3844,idy=5766.
idx=3845,idy=5767.
idx=3846,idy=5769.
idx=3847,idy=5770.
idx=3848,idy=5772.
idx=3849,idy=5773.
idx=3850,idy=5775.
idx=3851,idy=5776.
idx=3852,idy=5778.
idx=3853,idy=5779.
idx=3854,idy=5781.
idx=3855,idy=5782.
idx=3856,idy=5784.
idx=3857,idy=5785.
idx=3858,idy=5787.
idx=3859,idy=5788.
idx=3860,idy=5790.
idx=3861,idy=5791.
idx=3862,idy=5793.
idx=3863,idy=5794.
idx=3864,idy=5796.
idx=3865,idy=5797.
idx=3866,idy=5799.
idx=3867,idy=5800.
idx=3868,idy=5802.
idx=3869,idy=5803.
idx=3870,idy=5805.
idx=3871,idy=5806.
idx=3872,idy=5808.
idx=3873,idy=5809.
idx=3874,idy=5811.
idx=3875,idy=5812.
idx=3876,idy=5814.
idx=3877,idy=5815.
idx=3878,idy=5817.
idx=3879,idy=5818.
idx=3880,idy=5820.
idx=3881,idy=5821.
idx=3882,idy=5823.
idx=3883,idy=5824.
idx=3884,idy=5826.
idx=3885,idy=5827.
idx=3886,idy=5829.
idx=3887,idy=5830.
idx=3888,idy=5832.
idx=3889,idy=5833.
idx=3890,idy=5835.
idx=3891,idy=5836.
idx=3892,idy=5838.
idx=3893,idy=5839.
idx=3894,idy=5841.
idx=3895,idy=5842.
idx=3896,idy=5844.
idx=3897,idy=5845.
idx=3898,idy=5847.
idx=3899,idy=5848.
idx=3900,idy=5850.
idx=3901,idy=5851.
idx=3902,idy=5853.
idx=3903,idy=5854.
idx=3904,idy=5856.
idx=3905,idy=5857.
idx=3906,idy=5859.
idx=3907,idy=5860.
idx=3908,idy=5862.
idx=3909,idy=5863.
idx=3910,idy=5865.
idx=3911,idy=5866.
idx=3912,idy=5868.
idx=3913,idy=5869.
idx=3914,idy=5871.
idx=3915,idy=5872.
idx=3916,idy=5874.
idx=3917,idy=5875.
idx=3918,idy=5877.
idx=3919,idy=5878.
idx=3920,idy=5880.
idx=3921,idy=5881.
idx=3922,idy=5883.
idx=3923,idy=5884.
idx=3924,idy=5886.
idx=3925,idy=5887.
idx=3926,idy=5889.
idx=3927,idy=5890.
idx=3928,idy=5892.
idx=3929,idy=5893.
idx=3930,idy=5895.
idx=3931,idy=5896.
idx=3932,idy=5898.
idx=3933,idy=5899.
idx=3934,idy=5901.
idx=3935,idy=5902.
idx=3936,idy=5904.
idx=3937,idy=5905.
idx=3938,idy=5907.
idx=3939,idy=5908.
idx=3940,idy=5910.
idx=3941,idy=5911.
idx=3942,idy=5913.
idx=3943,idy=5914.
idx=3944,idy=5916.
idx=3945,idy=5917.
idx=3946,idy=5919.
idx=3947,idy=5920.
idx=3948,idy=5922.
idx=3949,idy=5923.
idx=3950,idy=5925.
idx=3951,idy=5926.
idx=3952,idy=5928.
idx=3953,idy=5929.
idx=3954,idy=5931.
idx=3955,idy=5932.
idx=3956,idy=5934.
idx=3957,idy=5935.
idx=3958,idy=5937.
idx=3959,idy=5938.
idx=3960,idy=5940.
idx=3961,idy=5941.
idx=3962,idy=5943.
idx=3963,idy=5944.
idx=3964,idy=5946.
idx=3965,idy=5947.
idx=3966,idy=5949.
idx=3967,idy=5950.
idx=3968,idy=5952.
idx=3969,idy=5953.
idx=3970,idy=5955.
idx=3971,idy=5956.
idx=3972,idy=5958.
idx=3973,idy=5959.
idx=3974,idy=5961.
idx=3975,idy=5962.
idx=3976,idy=5964.
idx=3977,idy=5965.
idx=3978,idy=5967.
idx=3979,idy=5968.
idx=3980,idy=5970.
idx=3981,idy=5971.
idx=3982,idy=5973.
idx=3983,idy=5974.
idx=3984,idy=5976.
idx=3985,idy=5977.
idx=3986,idy=5979.
idx=3987,idy=5980.
idx=3988,idy=5982.
idx=3989,idy=5983.
idx=3990,idy=5985.
idx=3991,idy=5986.
idx=3992,idy=5988.
idx=3993,idy=5989.
idx=3994,idy=5991.
idx=3995,idy=5992.
idx=3996,idy=5994.
idx=3997,idy=5995.
idx=3998,idy=5997.
idx=3999,idy=5998.
idx=4000,idy=6000.
idx=4001,idy=6001.
idx=4002,idy=6003.
idx=4003,idy=6004.
idx=4004,idy=6006.
idx=4005,idy=6007.
idx=4006,idy=6009.
idx=4007,idy=6010.
idx=4008,idy=6012.
idx=4009,idy=6013.
idx=4010,idy=6015.
idx=4011,idy=6016.
idx=4012,idy=6018.
idx=4013,idy=6019.
idx=4014,idy=6021.
idx=4015,idy=6022.
idx=4016,idy=6024.
idx=4017,idy=6025.
idx=4018,idy=6027.
idx=4019,idy=6028.
idx=4020,idy=6030.
idx=4021,idy=6031.
idx=4022,idy=6033.
idx=4023,idy=6034.
idx=4024,idy=6036.
----- make_fat end -----<<
>>----- ■■■write_qcow2 begin -----
扇区索引64.缓冲区大小6144.
-----------------------------------.
0◆扇区索引64.
>>----- get_l1_index 64 4096 512-----.
----- get_l1_index 64 4096 512-----<<.
L1:0, L2:8, 簇:0.0.
0◆簇的剩余大小4096.
0◆待写区域大小6144.
L1_size:8.
表1偏移:16384 4000.
表2偏移:0 0.
新规表2偏移:77824 13000.
簇内偏移:77824 13000.
镜像文件中的簇信息:19, 13.
引用计数块的个数:2048.
引用计数块的使用情况:1.
0◆成功写入区域大小4096.
0◆累计成功写入区域大小4096.
0◆成功写入区域大小4096.
>>----- write_l2 begin -----
table[00000]=0000057344, 0X000000E000 table[00007]=0000020480, 0X0000005000 table[00008]=0000077824, 0X0000013000 table[00011]=0000061440, 0X000000F000 table[00012]=0000065536, 0X0000010000 table[00013]=0000069632, 0X0000011000 table[00014]=0000073728, 0X0000012000 table[00015]=0000024576, 0X0000006000 
table[00023]=0000028672, 0X0000007000 table[00031]=0000032768, 0X0000008000 table[00039]=0000036864, 0X0000009000 table[00047]=0000040960, 0X000000A000 table[00055]=0000045056, 0X000000B000 table[00063]=0000049152, 0X000000C000 table[00070]=0000053248, 0X000000D000 
table[00000]=0000057344, 0X000000E000 table[00007]=0000020480, 0X0000005000 table[00008]=0000077824, 0X0000013000 table[00011]=0000061440, 0X000000F000 table[00012]=0000065536, 0X0000010000 table[00013]=0000069632, 0X0000011000 table[00014]=0000073728, 0X0000012000 table[00015]=0000024576, 0X0000006000 
table[00023]=0000028672, 0X0000007000 table[00031]=0000032768, 0X0000008000 table[00039]=0000036864, 0X0000009000 table[00047]=0000040960, 0X000000A000 table[00055]=0000045056, 0X000000B000 table[00063]=0000049152, 0X000000C000 table[00070]=0000053248, 0X000000D000 table[00000]=63050394783187072, 0X0000000080 table[00007]=22517998136852608, 0X0000000080 table[00008]=13511898393739392, 0X0000000080 table[00011]=67553994410557568, 0X0000000080 table[00012]=1099511627904, 0X0000000080 table[00013]=4504699138998400, 0X0000000080 table[00014]=9008298766368896, 0X0000000080 table[00015]=27021597764223104, 0X0000000080 
table[00023]=31525197391593600, 0X0000000080 table[00031]=36028797018964096, 0X0000000080 table[00039]=40532396646334592, 0X0000000080 table[00047]=45035996273705088, 0X0000000080 table[00055]=49539595901075584, 0X0000000080 table[00063]=54043195528446080, 0X0000000080 table[00070]=58546795155816576, 0X0000000080 
----- write_l2 end -----<<
-----------------------------------.
1◆扇区索引72.
>>----- get_l1_index 72 4096 512-----.
----- get_l1_index 72 4096 512-----<<.
L1:0, L2:9, 簇:0.0.
1◆簇的剩余大小4096.
1◆待写区域大小2048.
L1_size:8.
表1偏移:16384 4000.
表2偏移:0 0.
新规表2偏移:81920 14000.
簇内偏移:81920 14000.
镜像文件中的簇信息:20, 14.
引用计数块的个数:2048.
引用计数块的使用情况:1.
1◆成功写入区域大小4096.
1◆累计成功写入区域大小8192.
1◆成功写入区域大小4096.
>>----- write_l2 begin -----
table[00000]=0000057344, 0X000000E000 table[00007]=0000020480, 0X0000005000 table[00008]=0000077824, 0X0000013000 table[00009]=0000081920, 0X0000014000 table[00011]=0000061440, 0X000000F000 table[00012]=0000065536, 0X0000010000 table[00013]=0000069632, 0X0000011000 table[00014]=0000073728, 0X0000012000 
table[00015]=0000024576, 0X0000006000 table[00023]=0000028672, 0X0000007000 table[00031]=0000032768, 0X0000008000 table[00039]=0000036864, 0X0000009000 table[00047]=0000040960, 0X000000A000 table[00055]=0000045056, 0X000000B000 table[00063]=0000049152, 0X000000C000 table[00070]=0000053248, 0X000000D000 

table[00000]=0000057344, 0X000000E000 table[00007]=0000020480, 0X0000005000 table[00008]=0000077824, 0X0000013000 table[00009]=0000081920, 0X0000014000 table[00011]=0000061440, 0X000000F000 table[00012]=0000065536, 0X0000010000 table[00013]=0000069632, 0X0000011000 table[00014]=0000073728, 0X0000012000 
table[00015]=0000024576, 0X0000006000 table[00023]=0000028672, 0X0000007000 table[00031]=0000032768, 0X0000008000 table[00039]=0000036864, 0X0000009000 table[00047]=0000040960, 0X000000A000 table[00055]=0000045056, 0X000000B000 table[00063]=0000049152, 0X000000C000 table[00070]=0000053248, 0X000000D000 
table[00000]=63050394783187072, 0X0000000080 table[00007]=22517998136852608, 0X0000000080 table[00008]=13511898393739392, 0X0000000080 table[00009]=18015498021109888, 0X0000000080 table[00011]=67553994410557568, 0X0000000080 table[00012]=1099511627904, 0X0000000080 table[00013]=4504699138998400, 0X0000000080 table[00014]=9008298766368896, 0X0000000080 
table[00015]=27021597764223104, 0X0000000080 table[00023]=31525197391593600, 0X0000000080 table[00031]=36028797018964096, 0X0000000080 table[00039]=40532396646334592, 0X0000000080 table[00047]=45035996273705088, 0X0000000080 table[00055]=49539595901075584, 0X0000000080 table[00063]=54043195528446080, 0X0000000080 table[00070]=58546795155816576, 0X0000000080 

----- write_l2 end -----<<
----- ■■■write_qcow2 end -----<<

写入FAT1结束。
写入FAT2开始。
>>----- ■■■write_qcow2 begin -----
扇区索引76.缓冲区大小6144.
-----------------------------------.
0◆扇区索引76.
>>----- get_l1_index 76 4096 512-----.
----- get_l1_index 76 4096 512-----<<.
L1:0, L2:9, 簇:2048.800.
0◆簇的剩余大小2048.
0◆待写区域大小6144.
L1_size:8.
表1偏移:16384 4000.
表2偏移:81920 14000.
更新原有的簇.:81920 14000.
簇内偏移:83968 14800.
镜像文件中的簇信息:20, 14.
引用计数块的个数:2048.
引用计数块的使用情况:1.
0◆成功写入区域大小2048.
0◆累计成功写入区域大小2048.
0◆成功写入区域大小2048.
-----------------------------------.
1◆扇区索引80.
>>----- get_l1_index 80 4096 512-----.
----- get_l1_index 80 4096 512-----<<.
L1:0, L2:10, 簇:0.0.
1◆簇的剩余大小4096.
1◆待写区域大小4096.
L1_size:8.
表1偏移:16384 4000.
表2偏移:0 0.
新规表2偏移:86016 15000.
簇内偏移:86016 15000.
镜像文件中的簇信息:21, 15.
引用计数块的个数:2048.
引用计数块的使用情况:1.
1◆成功写入区域大小4096.
1◆累计成功写入区域大小6144.
1◆成功写入区域大小4096.
>>----- write_l2 begin -----
table[00000]=0000057344, 0X000000E000 table[00007]=0000020480, 0X0000005000 table[00008]=0000077824, 0X0000013000 table[00009]=0000081920, 0X0000014000 table[00010]=0000086016, 0X0000015000 table[00011]=0000061440, 0X000000F000 table[00012]=0000065536, 0X0000010000 table[00013]=0000069632, 0X0000011000 
table[00014]=0000073728, 0X0000012000 table[00015]=0000024576, 0X0000006000 table[00023]=0000028672, 0X0000007000 table[00031]=0000032768, 0X0000008000 table[00039]=0000036864, 0X0000009000 table[00047]=0000040960, 0X000000A000 table[00055]=0000045056, 0X000000B000 table[00063]=0000049152, 0X000000C000 
table[00070]=0000053248, 0X000000D000 
table[00000]=0000057344, 0X000000E000 table[00007]=0000020480, 0X0000005000 table[00008]=0000077824, 0X0000013000 table[00009]=0000081920, 0X0000014000 table[00010]=0000086016, 0X0000015000 table[00011]=0000061440, 0X000000F000 table[00012]=0000065536, 0X0000010000 table[00013]=0000069632, 0X0000011000 
table[00014]=0000073728, 0X0000012000 table[00015]=0000024576, 0X0000006000 table[00023]=0000028672, 0X0000007000 table[00031]=0000032768, 0X0000008000 table[00039]=0000036864, 0X0000009000 table[00047]=0000040960, 0X000000A000 table[00055]=0000045056, 0X000000B000 table[00063]=0000049152, 0X000000C000 
table[00070]=0000053248, 0X000000D000 table[00000]=63050394783187072, 0X0000000080 table[00007]=22517998136852608, 0X0000000080 table[00008]=13511898393739392, 0X0000000080 table[00009]=18015498021109888, 0X0000000080 table[00010]=22519097648480384, 0X0000000080 table[00011]=67553994410557568, 0X0000000080 table[00012]=1099511627904, 0X0000000080 table[00013]=4504699138998400, 0X0000000080 
table[00014]=9008298766368896, 0X0000000080 table[00015]=27021597764223104, 0X0000000080 table[00023]=31525197391593600, 0X0000000080 table[00031]=36028797018964096, 0X0000000080 table[00039]=40532396646334592, 0X0000000080 table[00047]=45035996273705088, 0X0000000080 table[00055]=49539595901075584, 0X0000000080 table[00063]=54043195528446080, 0X0000000080 
table[00070]=58546795155816576, 0X0000000080 
----- write_l2 end -----<<
----- ■■■write_qcow2 end -----<<

写入FAT2结束。
输出头 begin.
>>----- write_header begin -----
QCOW2_MAGIC                  (4) = 0X514649FB,QCOW magic string.
QCOW2_version                (4) = 0X2,Version number (valid values are 2 and 3).
QCOW2_backing_file_offset    (8) = 0X0,Offset into the image file at which the backing file name is stored (NB: The string is not null terminated). 0 if the image doesn't have a backing file.
QCOW2_backing_file_size      (4) = 0X0,Length of the backing file name in bytes. Must not be longer than 1023 bytes. Undefined if the image doesn't have a backing file.
QCOW2_cluster_bits           (4) = 0XC,Number of bits that are used for addressing an offset within a cluster (1 << cluster_bits is the cluster size). Must not be less than 9 (i.e. 512 byte clusters).
QCOW2_size                   (8) = 16515072,0X0000FC0000,Virtual disk size in bytes.
                                        十六进制的值有不正确的可能。
QCOW2_crypt_method           (4) = 0X0,0 for no encryption;1 for AES encryption.
QCOW2_l1_size                (4) = 0X8 8,Number of entries in the active L1 table(MAX).
*QCOW2_l1_table_offset       (8) = 0X1000,Offset into the image file at which the active L1 table starts. Must be aligned to a cluster boundary.
*QCOW2_refcount_table_offset (8) = 0X2000,Offset into the image file at which the refcount table starts. Must be aligned to a cluster boundary.
QCOW2_refcount_table_clusters(4) = 0X1,Number of clusters that the refcount table occupies.
QCOW2_nb_snapshots           (4) = 0X0,Number of snapshots contained in the image.
QCOW2_snapshots_offset       (8) = 0X0,Offset into the image file at which the snapshot table starts. Must be aligned to a cluster boundary.
----- write_header end -----<<
输出头 end.
输出表1 begin.
>>----- write_l1 begin -----
table[00000]=0000016384, 0X0000004000 
table[00000]=0000016384, 0X0000004000 table[00000]=18014398509482112, 0X0000000080 
----- write_l1 end -----<<
输出表1 end.
输出计数表 begin.
输出计数表 end.
输出计数块 begin.
12288.3000.
输出计数块 end.
format_partition is normal end.
----- format_partition end -----<<
