     1                                  ; MBR的引导程序
     2                                                org 0600H
     3                                                cpu 8086
     4                                  [BITS 16]
     5                                            section .data align=16
     6                                  ;label    :    instruction operands     ; comment
     7 00000000 31C0                                   XOR  AX,AX               ; AX = 0000
     8 00000002 8ED0                                   MOV  SS,AX               ; SS = 0000
     9 00000004 BC007C                                 MOV  SP,0X7C00           ; SP = 7C00
    10 00000007 FB                                     STI                      ; 开中断
    11 00000008 50                                     PUSH AX                  ; 
    12 00000009 07                                     POP  ES                  ; ES = 0000
    13 0000000A 50                                     PUSH AX                  ;
    14 0000000B 1F                                     POP  DS                  ; DS = 0000
    15 0000000C FC                                     CLD                      ; FLAGS.DF = 0
    16                                  ; 把7C1B处开始的485字节复制到061B处，   ;
    17                                  ; 并从061B处开始执行                    ; 
    18 0000000D BE1B7C                                 MOV  SI,0X7C1B           ; SI = 7C1B
    19 00000010 BF1B06                                 MOV  DI,0X061B           ; DI = 061B
    20 00000013 50                                     PUSH AX                  ; CS
    21 00000014 57                                     PUSH DI                  ; IP
    22 00000015 B9E501                                 MOV  CX,0X01E5           ; CX = 01E5(485字节)
    23 00000018 F3A4                                   REP  MOVSB               ; CX: 0000
    24 0000001A CB                                     RETF                     ; IP: 061B CS:0000
    25                                  ;---------------------------------------;-------------------
    26                                  ; 这里才是1B处开始的代码                ; 
    27 0000001B BEBE07                                 MOV  SI,0X07BE           ; SI: 07BE 实际是1BE
    28 0000001E B104                                   MOV  CL,0X04             ; CX: 0004
    29                                  CHK_PTE   :                             ;
    30 00000020 382C                                   CMP  [SI],CH             ; cmp 分区状态 0
    31 00000022 7C09                                   JL   SCH_PTE             ; [SI] 80 =>
    32 00000024 7515                                   JNZ  INVALIDPT           ; [SI] NOT 00
    33 00000026 83C610                                 ADD  SI,BYTE +0X10       ; [SI] = 00 下一个分区
    34 00000029 E2F5                                   LOOP CHK_PTE             ; 下一个分区
    35 0000002B CD18                                   INT  0X18                ; ROM-BASIC 
    36                                  SCH_PTE   :                             ;
    37 0000002D 8B14                                   MOV  DX,[SI]             ; DX: 0080
    38 0000002F 89F5                                   MOV  BP,SI               ; BP: 07BE
    39                                  NEXT_PTE  :                             ; 只有一个80
    40 00000031 83C610                                 ADD  SI,BYTE +0X10       ; SI: 07FE
    41 00000034 49                                     DEC  CX                  ;
    42 00000035 7416                                   JZ   CHK_SYSID           ; =>
    43 00000037 382C                                   CMP  [SI],CH             ; CH: 00 NEED 80 00 00 00
    44 00000039 74F6                                   JZ   NEXT_PTE            ;
    45                                  INVALIDPT :                             ;
    46 0000003B BE[1001]                               MOV  SI,MSG1 + 1         ; SI: 0710
    47                                  NEXT_CH   :                             ;
    48 0000003E 4E                                     DEC  SI                  ;
    49                                  DSP_MSG:                                ; DISPLAY MESSAGE
    50 0000003F AC                                     LODSB                    ; DS:SI -> AL
    51 00000040 3C00                                   CMP  AL,0X00             ;
    52 00000042 74FA                                   JZ   NEXT_CH             ;
    53 00000044 BB0700                                 MOV  BX,0X0007           ;
    54 00000047 B40E                                   MOV  AH,0X0E             ;
    55 00000049 CD10                                   INT  0X10                ;
    56                                  DSP_ERRMSG:                             ; DISPLAY MESSAGE
    57 0000004B EBF2                                   JMP  SHORT DSP_MSG       ; DISPLAY MESSAGE
    58                                  ;---------------------------------------;-------------------
    59                                  CHK_SYSID :                             ; ??
    60 0000004D 894625                                 MOV  [BP+0X25],AX        ; BP: 07BE AX=?0000? SS:0000,[BP+0X25]:CX
    61 00000050 96                                     XCHG AX,SI               ; SI: 07FE=>07BE
    62 00000051 8A4604                                 MOV  AL,[BP+0X04]        ; SYSTEM ID
    63 00000054 B406                                   MOV  AH,0X06             ; AH: 06
    64 00000056 3C0E                                   CMP  AL,0X0E             ; 
    65 00000058 7411                                   JZ   TST13HEX            ; FAT16(0E)
    66 0000005A B40B                                   MOV  AH,0X0B             ; 
    67 0000005C 3C0C                                   CMP  AL,0X0C             ; 
    68 0000005E 7405                                   JZ   SET_FOR_0C          ; FAT32(0C)
    69 00000060 38E0                                   CMP  AL,AH               ; AH:0B(FAT32)
    70 00000062 752B                                   JNZ  SET_CNT             ; OTHERWISE TO READ
    71 00000064 40                                     INC  AX                  ; FAT32(06)
    72                                  SET_FOR_0C:                             ;
    73 00000065 C6462506                               MOV  BYTE [BP+0X25],0X06 ; 06=>CX
    74 00000069 7524                                   JNZ  SET_CNT             ; TO READ
    75                                  TST13HEX  :                             ; 
    76 0000006B BBAA55                                 MOV  BX,0X55AA           ; 
    77 0000006E 50                                     PUSH AX                  ; SAVE AX
    78                                  ;INT 13h AH=41h:Check Extensions Present;
    79                                  ;AH:41h = function number for extensions check
    80                                  ;DL:drive index (e.g. 1st HDD = 80h)
    81                                  ;BX:55AAh
    82                                  ;
    83                                  ;CF:Set On Not Present, Clear If Present
    84                                  ;AH:Error Code or Major Version Number
    85                                  ;BX:AA55h
    86                                  ;CX:Interface support bitmask:
    87                                  ;   1 - Device Access using the packet structure
    88                                  ;   2 - Drive Locking and Ejecting
    89                                  ;   4 - Enhanced Disk Drive Support (EDD)
    90 0000006F B441                                   MOV  AH,0X41             ; 
    91 00000071 CD13                                   INT  0X13                ; 
    92 00000073 58                                     POP  AX                  ; RESTORE AX
    93 00000074 7216                                   JC   NO_PRESENT          ; CF=1 NG
    94 00000076 81FB55AA                               CMP  BX,0XAA55           ;
    95 0000007A 7510                                   JNZ  NO_PRESENT          ; BX!=AA55 NG
    96 0000007C F6C101                                 TEST CL,0X01             ; CL=01 first
    97 0000007F 740B                                   JZ   NO_PRESENT          ;
    98 00000081 88C4                                   MOV  AH,AL               ;
    99 00000083 885624                                 MOV  [BP+0X24],DL        ;
   100 00000086 C706A106EB1E                           MOV  WORD [0X06A1],0X1EEB; 7915
   101                                  NO_PRESENT:
   102 0000008C 886604                                 MOV  [BP+0X04],AH
   103                                  SET_CNT   :                             ;
   104 0000008F BF0A00                                 MOV  DI,0X000A           ; DI: 0A
   105                                  READ_VBR  :                             ;
   106                                  ;INT 13h AH=02h: Read Sectors From Drive;
   107                                  ;AL:Sectors To Read Count               ;
   108                                  ;CF:Set On Error, Clear If No Error
   109                                  ;AH:Return Code
   110                                  ;AL:Actual Sectors Read Count
   111                                                                          ; AH:Read Sectors From Drive, AL:Sectors To Read Count
   112                                                                          ; CH:Cylinder, CL:Sector
   113                                                                          ; DH:Head,     DL:Drive
   114                                                                          ; ES:BX:Buffer Address Pointer
   115 00000092 B80102                                 MOV  AX,0X0201           ; AX: 0201
   116 00000095 89E3                                   MOV  BX,SP               ; BX: 7C00, ES: 0000
   117 00000097 31C9                                   XOR  CX,CX               ; CX: 0000
   118 00000099 83FF05                                 CMP  DI,BYTE +0X05       ; 
   119 0000009C 7F03                                   JG   READ_DISK           ; DI > 5
   120 0000009E 8B4E25                                 MOV  CX,[BP+0X25]        ; CX: 0006
   121                                  READ_DISK :                             ; 
   122 000000A1 034E02                                 ADD  CX,[BP+0X02]        ; SEC, CYL
   123 000000A4 CD13                                   INT  0X13                ; 
   124                                  _LBL000000A6:
   125 000000A6 7229                                   JC   RESET_DISK          ; CF=1ERROR
   126 000000A8 BE[4601]                               MOV  SI,MSG3             ; MISS OS
   127 000000AB 813EFE7D55AA                           CMP  WORD [0X7DFE],0XAA55; 
   128 000000B1 745A                                   JZ   PRE_RUNVBR          ; RUN
   129 000000B3 83EF05                                 SUB  DI,BYTE +0X05       ; DI - 5 > 0
   130 000000B6 7FDA                                   JG   READ_VBR            ; RETRY
   131                                  PRINT_MSG :
   132                                  ;MOV SI, 0X00
   133 000000B8 85F6                                   TEST SI,SI               ; SI == 0
   134 000000BA 7583                                   JNZ  DSP_MSG             ; DISPLAY MESSAGE
   135 000000BC BE[2701]                               MOV  SI,MSG2             ; ERROR LOAD OS
   136 000000BF EB8A                                   JMP  SHORT DSP_ERRMSG    ; DISPLAY MESSAGE
   137                                  
   138 000000C1 98                                     CBW
   139 000000C2 91                                     XCHG AX,CX
   140 000000C3 52                                     PUSH DX
   141 000000C4 99                                     CWD
   142 000000C5 034608                                 ADD  AX,[BP+0X08]        ; 
   143 000000C8 13560A                                 ADC  DX,[BP+0X0A]        ; 
   144 000000CB E81200                                 CALL WORD _LBL_0XE0
   145 000000CE 5A                                     POP  DX
   146 000000CF EBD5                                   JMP  SHORT _LBL000000A6
   147                                  RESET_DISK:
   148 000000D1 4F                                     DEC  DI                  ;
   149 000000D2 74E4                                   JZ   PRINT_MSG           ;
   150 000000D4 31C0                                   XOR  AX,AX               ; Reset Disk Drives
   151 000000D6 CD13                                   INT  0X13                ;
   152 000000D8 EBB8                                   JMP  SHORT READ_VBR      ;
   153                                  
   154                                  ;DB 0, 0, 0, 0, 0, 0
   155 000000DA 00<rept>                TIMES 6 DB 0
   156                                  
   157                                  _LBL_0XE0:
   158 000000E0 56                                     PUSH SI
   159 000000E1 31F6                                   XOR  SI,SI
   160 000000E3 56                                     PUSH SI
   161 000000E4 56                                     PUSH SI
   162 000000E5 52                                     PUSH DX
   163 000000E6 50                                     PUSH AX
   164 000000E7 06                                     PUSH ES
   165 000000E8 53                                     PUSH BX
   166 000000E9 51                                     PUSH CX                  ; CX =>IP?
   167 000000EA BE1000                                 MOV  SI,0X10
   168 000000ED 56                                     PUSH SI                  ; SAVE SI
   169 000000EE 89E6                                   MOV  SI,SP
   170 000000F0 50                                     PUSH AX                  ; SAVE AX
   171 000000F1 52                                     PUSH DX                  ; SAVE DX
   172 000000F2 B80042                                 MOV  AX,0X4200           ; DL=DRV,DS:DI=
   173 000000F5 8A5624                                 MOV  DL,[BP+0X24]        ; DRIVE INDEX
   174 000000F8 CD13                                   INT  0X13                ; CF=0OK,CF=1NG
   175 000000FA 5A                                     POP  DX                  ; RESTORE DX
   176 000000FB 58                                     POP  AX                  ; RESTORE AX
   177 000000FC 8D6410                                 LEA  SP,[SI+0X10]
   178 000000FF 720A                                   JC   _LBL_00000105
   179                                  _LBL_0XFB:
   180 00000101 40                                     INC  AX
   181 00000102 7501                                   JNZ _LBL_000000FF
   182 00000104 42                                     INC DX
   183                                  _LBL_000000FF:
   184 00000105 80C702                                 ADD  BH,0X2
   185 00000108 E2F7                                   LOOP _LBL_0XFB
   186 0000010A F8                                     CLC
   187                                  _LBL_00000105:
   188 0000010B 5E                                     POP  SI                  ; RESTORE SI
   189 0000010C C3                                     RET                      ; IP=, ___CS
   190                                  ;-----------------------------------------------------------
   191                                  
   192                                  
   193                                  PRE_RUNVBR:
   194 0000010D EB74                                   JMP  SHORT RUN_VBR
   195                                  
   196 0000010F 496E76616C69642070-     MSG1     DB 'Invalid partition table', 0
   197 00000118 6172746974696F6E20-
   198 00000121 7461626C6500       
   199 00000127 4572726F72206C6F61-     MSG2     DB 'Error loading operating system', 0
   200 00000130 64696E67206F706572-
   201 00000139 6174696E6720737973-
   202 00000142 74656D00           
   203 00000146 4D697373696E67204F-     MSG3     DB 'Missing Operating system', 0
   204 0000014F 7065726174696E6720-
   205 00000158 73797374656D00     
   206                                  
   207 0000015F 00<rept>                TIMES 36 DB 0
   208                                  
   209                                  RUN_VBR   :                             ;
   210 00000183 89E7                                   MOV  DI,SP               ;
   211 00000185 1E                                     PUSH DS                  ; CS: DS
   212 00000186 57                                     PUSH DI                  ; IP: DI
   213 00000187 89EE                                   MOV  SI,BP               ; SI: BP
   214 00000189 CB                                     RETF                     ; IP: 061B CS:0000
   215                                  
   216 0000018A 00<rept>                TIMES 116 DB 0
   217                                  
   218 000001FE 55                      DB 0X55
   219 000001FF AA                      DB 0XAA
