     1                                  ;         :                             ;                   
     2 00000000 EB3C                                   JMP SHORT LBL_START
     3 00000002 90                                     NOP
     4                                  
     5                                  ;TIMES 59 DB 00
     6                                  ;DB 4d,53,57,49,4e,34,2e,31,00,902,08,01,00,02,00,02,81,4e,f8,08,00,3f,00,10,00,3f,00,00,00,00,00,00,00,80,00,29,fa,0d,3b,18,4e,4f,20,4e,41,4d,45,20,20,20,20,46,41,54,31,32,20,20,20
     7 00000003 4D5357494E342E31        BS_OEMName     DB 'MSWIN4.1'    ;  ( 8Byte)
     8 0000000B 0002                    BPB_BytsPerSec DW 512           ;  ( 2Byte) <-
     9 0000000D 08                      BPB_SecPerClus DB 8             ;  ( 1Byte)
    10 0000000E 0100                    BPB_RsvdSecCnt DW 1             ;  ( 2Byte)
    11 00000010 02                      BPB_NumFATs    DB 2             ;  ( 1Byte)
    12 00000011 0002                    BPB_RootEntCnt DW 512           ;  ( 2Byte) <-
    13 00000013 814E                    BPB_TotSec16   DW 0x4E81        ;  ( 2Byte)
    14 00000015 F8                      BPB_Media      DB 0xF8          ;  ( 1Byte)
    15 00000016 0800                    BPB_FATSz16    DW 0x0008        ;  ( 2Byte)
    16 00000018 3F00                    BPB_SecPerTrk  DW 63            ;  ( 2Byte)
    17 0000001A 1000                    BPB_NumHeads   DW 16            ;  ( 2Byte)
    18 0000001C 3F000000                BPB_HiddSec    DD 63            ;  ( 4Byte)
    19 00000020 00000000                BPB_TotSec32   DD 0             ;  ( 4Byte)
    20 00000024 80                      BS_DrvNum      DB 128           ;  ( 1Byte)
    21 00000025 00                      BS_Reserved1   DB 0             ;  ( 1Byte)
    22 00000026 29                      BS_BootSig     DB 29h           ;  ( 1Byte)
    23 00000027 FA0D3B18                BS_VolID       DD 0x183B0DFA    ;  ( 4Byte)
    24 0000002B 4E4F204E414D452020-     BS_VolLab      DB 'NO NAME    ' ;  (11Byte)
    25 00000034 2020               
    26 00000036 4641543132202020        BS_FileSysType DB 'FAT12   '    ;  ( 8Byte)
    27                                  
    28                                  
    29                                  LBL_START :
    30 0000003E 31C9                                   XOR CX,CX                ; CX: 0000
    31 00000040 8ED1                                   MOV SS,CX                ; SS: 0000
    32 00000042 BCFC7B                                 MOV SP,0X7BFC            ; SP: 7BFC
    33 00000045 16                                     PUSH SS
    34 00000046 07                                     POP ES                   ; ES: 0000
    35 00000047 BD7800                                 MOV BP,0X78              ; BP: 78
    36 0000004A C57600                                 LDS SI,[BP]
    37 0000004D 1E                                     PUSH DS
    38 0000004E 56                                     PUSH SI
    39 0000004F 16                                     PUSH SS
    40 00000050 55                                     PUSH BP
    41 00000051 BF2205                                 MOV DI,0X0522
    42 00000054 897E00                                 MOV [BP],DI
    43 00000057 894E02                                 MOV [BP+0X02],CX
    44 0000005A B10B                                   MOV CL,0X0B
    45 0000005C FC                                     CLD
    46 0000005D F3A4                                   REP MOVSB                ; DS:SI=>ES:DI
    47 0000005F 06                                     PUSH ES
    48 00000060 1F                                     POP DS
    49 00000061 BD007C                                 MOV BP,0X7C00
    50 00000064 C645FE0F                               MOV BYTE [DI-0X02],0X0F
    51 00000068 384E24                                 CMP [BP+0X24],CL
    52 0000006B 7D20                                   JNL LBL_0X4F
    53 0000006D 89C8                                   MOV AX,CX
    54 0000006F 99                                     CWD
    55 00000070 E87E01                                 CALL WORD LBL_0X1B3
    56 00000073 83EB3A                                 SUB BX,BYTE +0X3A
    57 00000076 66A11C7C                               MOV EAX,[0X7C1C]
    58                                  LBL_0X3C:
    59 0000007A 663B07                                 CMP EAX,[BX]
    60 0000007D 8A57FC                                 MOV DL,[BX-0X04]
    61 00000080 7506                                   JNZ LBL_0X4A
    62 00000082 80CA02                                 OR DL,0X02
    63 00000085 885602                                 MOV [BP+0X02],DL
    64                                  LBL_0X4A:
    65 00000088 80C310                                 ADD BL,0X10
    66 0000008B 73ED                                   JNC LBL_0X3C
    67                                  LBL_0X4F:
    68 0000008D 31C9                                   XOR CX,CX
    69 0000008F FE06D87D                               INC BYTE [0X7DD8]        ; IO.SYS
    70                                  LBL_0X55:
    71 00000093 8A4610                                 MOV AL,[BP+0X10]
    72 00000096 98                                     CBW
    73 00000097 F76616                                 MUL WORD [BP+0X16]
    74 0000009A 03461C                                 ADD AX,[BP+0X1C]
    75 0000009D 13561E                                 ADC DX,[BP+0X1E]
    76 000000A0 03460E                                 ADD AX,[BP+0X0E]
    77 000000A3 11CA                                   ADC DX,CX
    78 000000A5 8B7611                                 MOV SI,[BP+0X11]
    79 000000A8 60                                     PUSHAW
    80 000000A9 8946FC                                 MOV [BP-0X04],AX
    81 000000AC 8956FE                                 MOV [BP-0X02],DX
    82 000000AF B82000                                 MOV AX,0X20
    83 000000B2 F7E6                                   MUL SI
    84 000000B4 8B5E0B                                 MOV BX,[BP+0X0B]
    85 000000B7 01D8                                   ADD AX,BX
    86 000000B9 48                                     DEC AX
    87 000000BA F7F3                                   DIV BX
    88 000000BC 0146FC                                 ADD [BP-0X04],AX
    89 000000BF 114EFE                                 ADC [BP-0X02],CX
    90 000000C2 61                                     POPAW
    91                                  LBL_0X85:
    92 000000C3 BF0007                                 MOV DI,0X0700
    93 000000C6 E82801                                 CALL WORD LBL_0X1B3
    94 000000C9 723E                                   JC LBL_0XCB
    95                                  LBL_0X8D:
    96 000000CB 382D                                   CMP [DI],CH
    97 000000CD 7417                                   JZ LBL_0XA8
    98 000000CF 60                                     PUSHAW
    99 000000D0 B10B                                   MOV CL,0X0B
   100 000000D2 BED87D                                 MOV SI,0X7DD8
   101 000000D5 F3A6                                   REPE CMPSB
   102 000000D7 61                                     POPAW
   103 000000D8 743D                                   JZ LBL_0XD9
   104 000000DA 4E                                     DEC SI
   105 000000DB 7409                                   JZ LBL_0XA8
   106 000000DD 83C720                                 ADD DI,BYTE +0X20
   107 000000E0 39DF                                   CMP DI,BX
   108 000000E2 72E7                                   JC LBL_0X8D
   109 000000E4 EBDD                                   JMP SHORT LBL_0X85
   110                                  LBL_0XA8:
   111 000000E6 FE0ED87D                               DEC BYTE [0X7DD8]
   112 000000EA 7BA7                                   JPO LBL_0X55
   113 000000EC BE7F7D                                 MOV SI,0X7D7F
   114                                  LBL_0XB1:
   115 000000EF AC                                     LODSB
   116 000000F0 98                                     CBW
   117 000000F1 01C6                                   ADD SI,AX
   118                                  LLB_0XB5:
   119 000000F3 AC                                     LODSB
   120 000000F4 98                                     CBW
   121 000000F5 40                                     INC AX
   122 000000F6 740C                                   JZ LBL_0XC6
   123 000000F8 48                                     DEC AX
   124 000000F9 7413                                   JZ LBL_0XD0
   125 000000FB B40E                                   MOV AH,0X0E
   126 000000FD BB0700                                 MOV BX,0X07
   127 00000100 CD10                                   INT 0X10
   128 00000102 EBEF                                   JMP SHORT LLB_0XB5
   129                                  LBL_0XC6:
   130 00000104 BE827D                                 MOV SI,0X7D82
   131 00000107 EBE6                                   JMP SHORT LBL_0XB1
   132                                  LBL_0XCB:
   133 00000109 BE807D                                 MOV SI,0X7D80
   134 0000010C EBE1                                   JMP SHORT LBL_0XB1
   135                                  LBL_0XD0:
   136 0000010E CD16                                   INT 0X16
   137 00000110 5E                                     POP SI
   138 00000111 1F                                     POP DS
   139 00000112 668F04                                 POP DWORD [SI]
   140 00000115 CD19                                   INT 0X19
   141                                  LBL_0XD9:
   142 00000117 BE817D                                 MOV SI,0X7D81
   143 0000011A 8B7D1A                                 MOV DI,[DI+0X1A]
   144 0000011D 8D45FE                                 LEA AX,[DI-0X02]
   145 00000120 8A4E0D                                 MOV CL,[BP+0X0D]
   146 00000123 F7E1                                   MUL CX
   147 00000125 0346FC                                 ADD AX,[BP-0X04]
   148 00000128 1356FE                                 ADC DX,[BP-0X02]
   149 0000012B B104                                   MOV CL,0X4
   150 0000012D E8C200                                 CALL WORD LBL_0X1B4
   151 00000130 72D7                                   JC LBL_0XCB
   152 00000132 EA00027000                             JMP WORD 0X0070:0X0200
   153                                  LBL_0X137:
   154 00000137 52                                     PUSH DX
   155 00000138 50                                     PUSH AX
   156 00000139 06                                     PUSH ES
   157 0000013A 53                                     PUSH BX
   158 0000013B 6A01                                   PUSH BYTE +0X01
   159 0000013D 6A10                                   PUSH BYTE +0X10
   160 0000013F 91                                     XCHG AX,CX
   161 00000140 8B4618                                 MOV AX,[BP+0X18]
   162 00000143 A22605                                 MOV [0X526],AL
   163 00000146 96                                     XCHG AX,SI
   164 00000147 92                                     XCHG AX,DX
   165 00000148 31D2                                   XOR DX,DX
   166 0000014A F7F6                                   DIV SI
   167 0000014C 91                                     XCHG AX,CX
   168 0000014D F7F6                                   DIV SI
   169 0000014F 42                                     INC DX
   170 00000150 87CA                                   XCHG CX,DX
   171 00000152 F7761A                                 DIV WORD [BP+0X1A]
   172 00000155 88D6                                   MOV DH,DL
   173 00000157 88C5                                   MOV CH,AL
   174 00000159 C0CC02                                 ROR AH,BYTE 0X02
   175 0000015C 08E1                                   OR CL,AH
   176 0000015E B80102                                 MOV AX,0X0201
   177 00000161 807E020E                               CMP BYTE [BP+0X02],0X0E
   178 00000165 7504                                   JNZ LBL_0X12D
   179 00000167 B442                                   MOV AH,0X42
   180 00000169 89E6                                   MOV SI,SP
   181                                  LBL_0X12D:
   182 0000016B 8A5624                                 MOV DL,[BP+0X24]
   183 0000016E CD13                                   INT 0X13
   184 00000170 61                                     POPAW
   185 00000171 61                                     POPAW
   186 00000172 720A                                   JC LBL_0X140
   187 00000174 40                                     INC AX
   188 00000175 7501                                   JNZ LBL_0X13A
   189 00000177 42                                     INC DX
   190                                  LBL_0X13A:
   191 00000178 035E0B                                 ADD BX,[BP+0X0B]
   192 0000017B 49                                     DEC CX
   193 0000017C 7577                                   JNZ LBL_0X1B7
   194                                  LBL_0X140:
   195 0000017E C3                                     RET
   196 0000017F 0318                                   ADD BX,[BX+SI]
   197 00000181 0127                                   ADD [BX],SP
   198                                  
   199                                  ;TIMES 107 DB 00
   200                                  
   201 00000183 0D                      msg1 DB 0x0D
   202 00000184 0A                           DB 0x0A
   203 00000185 496E76616C69642073-          DB 'Invalid system disk'
   204 0000018E 797374656D20646973-
   205 00000197 6B                 
   206 00000198 FF                           DB 0xFF
   207 00000199 0D                      msg2 DB 0x0D
   208 0000019A 0A                           DB 0x0A
   209 0000019B 4469736B20492F4F20-          DB "Disk I/O error"
   210 000001A4 6572726F72         
   211 000001A9 FF                           DB 0xFF
   212 000001AA 0D                      msg3 DB 0x0D
   213 000001AB 0A                           DB 0x0A
   214 000001AC 5265706C6163652074-          DB "Replace the disk, and then press any key"
   215 000001B5 6865206469736B2C20-
   216 000001BE 616E64207468656E20-
   217 000001C7 707265737320616E79-
   218 000001D0 206B6579           
   219 000001D4 0D                           DB 0x0D
   220 000001D5 0A                           DB 0x0A
   221                                  
   222 000001D6 00<rept>                TIMES 2 DB 00
   223 000001D8 494F20202020202053-         DB 'IO      SYS'
   224 000001E1 5953               
   225 000001E3 4D53444F5320202053-         DB 'MSDOS   SYS'
   226 000001EC 5953               
   227                                  
   228 000001EE 7F                      DB 0x7F
   229 000001EF 01                      DB 01
   230 000001F0 00                      DB 00
   231                                  
   232                                  
   233                                  LBL_0X1B3:
   234 000001F1 41                                     INC CX
   235                                  LBL_0X1B4:
   236 000001F2 BB0007                                 MOV BX,0X0700
   237                                  LBL_0X1B7:
   238 000001F5 60                                     PUSHAW
   239 000001F6 666A00                                 O32 PUSH BYTE +0X00
   240 000001F9 E93BFF                                 JMP WORD LBL_0X137
   241                                  
   242 000001FC 00                      DB 00
   243 000001FD 00                      DB 00
   244                                  
   245 000001FE 55                      DB 0x55
   246 000001FF AA                      DB 0xAA
