参数[0]=C:\Users\DBJ\git\hos\fat\edqcow2\edqcow2.
参数[1]=C:\Users\DBJ\git\hos\tools\qemu\qemu_img\fdisk\qcow2_524663K_fdisk.qcow2.
参数[2]=fdisk.
参数[3]=create.
参数[4]=PrimaryPartition.
参数[5]=536707584.
参数[6]=-cs.
参数[7]=4Kb.
参数[8]=-m.
参数[9]=C:\Users\DBJ\git\hos\fat\edqcow2\mbr.bin.
~~~~~~~~~~~~~~~~~~~~~~~~~~~~~~~~~~fdisk create PrimaryPartition fileSize=[536707584]
9:536707584.
a=1.
pos=8.
[536707584].
size=536707584.
clusterSize=[4Kb]
3:4Kb.
a=1024.
pos=0.
[4].
size=4096.
mbrfile=[C:\Users\DBJ\git\hos\fat\edqcow2\mbr.bin]
format=[auto_]
>>----- create_partition begin -----
sizeof(header)=72
readed count=72

----- QCOW2 HEADER -----.
QCOW2_MAGIC                  (4) = 0X514649FB,QCOW magic string.
QCOW2_version                (4) = 0X2,Version number (valid values are 2 and 3).
QCOW2_backing_file_offset    (8) = 0X0,Offset into the image file at which the backing file name is stored (NB: The string is not null terminated). 0 if the image doesn't have a backing file.
QCOW2_backing_file_size      (4) = 0X0,Length of the backing file name in bytes. Must not be longer than 1023 bytes. Undefined if the image doesn't have a backing file.
QCOW2_cluster_bits           (4) = 0XC,Number of bits that are used for addressing an offset within a cluster (1 << cluster_bits is the cluster size). Must not be less than 9 (i.e. 512 byte clusters).
QCOW2_size                   (8) = 537254912,0X002005DC00,Virtual disk size in bytes.
                                        十六进制的值有不正确的可能。
QCOW2_crypt_method           (4) = 0X0,0 for no encryption;1 for AES encryption.
QCOW2_l1_size                (4) = 0X101 257,Number of entries in the active L1 table(MAX).
*QCOW2_l1_table_offset       (8) = 0X1000,Offset into the image file at which the active L1 table starts. Must be aligned to a cluster boundary.
*QCOW2_refcount_table_offset (8) = 0X2000,Offset into the image file at which the refcount table starts. Must be aligned to a cluster boundary.
QCOW2_refcount_table_clusters(4) = 0X1,Number of clusters that the refcount table occupies.
QCOW2_nb_snapshots           (4) = 0X0,Number of snapshots contained in the image.
QCOW2_snapshots_offset       (8) = 0X0,Offset into the image file at which the snapshot table starts. Must be aligned to a cluster boundary.
C.
12.
cluster_size = 4096
size= 537254912
----- QCOW2 HEADER -----.
total_size=536707584
>>----- Level 1 Table -----
表1在镜像文件中的位置[(4096, 0X1000)-(8192, 0X2000))
l1_table_offset=4096,0X1000.
l1_table_size=257,0X101.
l1[0]=0. 0X0.

----- Level 1 Table -----<<

>>----- Refcount Table -----
refcount_table_cnt=1.
refcount table offset=8192, 0X2000.
refcount[0]=0X3000.
引用计数表在镜像文件中的位置[(8192, 0X2000)-(12288, 0X3000))
table[00000]=0000012288, 0X0000003000 
----- Refcount Table -----<<

>>----- Refcount Block -----
!!!引用计数块在镜像文件中似乎不是连续存储的，那么1个引用计数块的大小应该是1个簇。
引用计数块在镜像文件中的位置[(12288, 0X3000)-(16384, 0X4000))
refcount_cnt=2048.
refcount block offset=12288, 0X3000, count=0.
table[00000]=1. table[00001]=1. table[00002]=1. table[00003]=1. 
----- Refcount Block -----<<

>>----- print_qcow2_file -----.
HEADER:005318A0.
L1    :006417D0.
RFT   :005378D0.
RFB   :00538CC0.
L2    :00000000.

簇大小4096
----- print_qcow2_file -----<<.
fmt=auto_.
分区大小:511.
>>----- get_l2_offset -----.
簇大小：4096.
>>----- get_l1_index 0 4096 512-----.
----- get_l1_index 0 4096 512-----<<.
sector_no=0.l1_idx=0.l2_idx=0.
l1 offset:4096. 1000.
size:257.
0 0.
1 0.
2 0.
3 0.
4 0.
5 0.
6 0.
7 0.
8 0.
9 0.
10 0.
11 0.
12 0.
13 0.
14 0.
15 0.
16 0.
17 0.
18 0.
19 0.
20 0.
21 0.
22 0.
23 0.
24 0.
25 0.
26 0.
27 0.
28 0.
29 0.
30 0.
31 0.
32 0.
33 0.
34 0.
35 0.
36 0.
37 0.
38 0.
39 0.
40 0.
41 0.
42 0.
43 0.
44 0.
45 0.
46 0.
47 0.
48 0.
49 0.
50 0.
51 0.
52 0.
53 0.
54 0.
55 0.
56 0.
57 0.
58 0.
59 0.
60 0.
61 0.
62 0.
63 0.
64 0.
65 0.
66 0.
67 0.
68 0.
69 0.
70 0.
71 0.
72 0.
73 0.
74 0.
75 0.
76 0.
77 0.
78 0.
79 0.
80 0.
81 0.
82 0.
83 0.
84 0.
85 0.
86 0.
87 0.
88 0.
89 0.
90 0.
91 0.
92 0.
93 0.
94 0.
95 0.
96 0.
97 0.
98 0.
99 0.
100 0.
101 0.
102 0.
103 0.
104 0.
105 0.
106 0.
107 0.
108 0.
109 0.
110 0.
111 0.
112 0.
113 0.
114 0.
115 0.
116 0.
117 0.
118 0.
119 0.
120 0.
121 0.
122 0.
123 0.
124 0.
125 0.
126 0.
127 0.
128 0.
129 0.
130 0.
131 0.
132 0.
133 0.
134 0.
135 0.
136 0.
137 0.
138 0.
139 0.
140 0.
141 0.
142 0.
143 0.
144 0.
145 0.
146 0.
147 0.
148 0.
149 0.
150 0.
151 0.
152 0.
153 0.
154 0.
155 0.
156 0.
157 0.
158 0.
159 0.
160 0.
161 0.
162 0.
163 0.
164 0.
165 0.
166 0.
167 0.
168 0.
169 0.
170 0.
171 0.
172 0.
173 0.
174 0.
175 0.
176 0.
177 0.
178 0.
179 0.
180 0.
181 0.
182 0.
183 0.
184 0.
185 0.
186 0.
187 0.
188 0.
189 0.
190 0.
191 0.
192 0.
193 0.
194 0.
195 0.
196 0.
197 0.
198 0.
199 0.
200 0.
201 0.
202 0.
203 0.
204 0.
205 0.
206 0.
207 0.
208 0.
209 0.
210 0.
211 0.
212 0.
213 0.
214 0.
215 0.
216 0.
217 0.
218 0.
219 0.
220 0.
221 0.
222 0.
223 0.
224 0.
225 0.
226 0.
227 0.
228 0.
229 0.
230 0.
231 0.
232 0.
233 0.
234 0.
235 0.
236 0.
237 0.
238 0.
239 0.
240 0.
241 0.
242 0.
243 0.
244 0.
245 0.
246 0.
247 0.
248 0.
249 0.
250 0.
251 0.
252 0.
253 0.
254 0.
255 0.
256 0.
00.a=1.1.
01.a=2.2.
02.a=4.4.
03.a=8.8.
04.a=16.10.
05.a=32.20.
06.a=64.40.
07.a=128.80.
08.a=256.100.
09.a=512.200.
10.a=1024.400.
11.a=2048.800.
12.a=4096.1000.
13.a=8192.2000.
14.a=16384.4000.
15.a=32768.8000.
16.a=65536.10000.
17.a=131072.20000.
18.a=262144.40000.
19.a=524288.80000.
20.a=1048576.100000.
21.a=2097152.200000.
22.a=4194304.400000.
23.a=8388608.800000.
24.a=16777216.1000000.
25.a=33554432.2000000.
26.a=67108864.4000000.
27.a=134217728.8000000.
28.a=268435456.10000000.
29.a=536870912.20000000.
30.a=1073741824.40000000.
31.a=2147483648.80000000.
32.a=4294967296.0.
33.a=8589934592.0.
34.a=17179869184.0.
35.a=34359738368.0.
36.a=68719476736.0.
37.a=137438953472.0.
38.a=274877906944.0.
39.a=549755813888.0.
40.a=1099511627776.0.
41.a=2199023255552.0.
42.a=4398046511104.0.
43.a=8796093022208.0.
44.a=17592186044416.0.
45.a=35184372088832.0.
46.a=70368744177664.0.
47.a=140737488355328.0.
48.a=281474976710656.0.
49.a=562949953421312.0.
50.a=1125899906842624.0.
51.a=2251799813685248.0.
52.a=4503599627370496.0.
53.a=9007199254740992.0.
54.a=18014398509481984.0.
55.a=36028797018963968.0.
56.a=72057594037927936.0.
57.a=144115188075855872.0.
58.a=288230376151711744.0.
59.a=576460752303423488.0.
60.a=1152921504606846976.0.
61.a=2305843009213693952.0.
62.a=4611686018427387904.0.
63.a=9223372036854775808.0.
64.a=9223372036854792192.4000.
L2 TABLE=0.
----- get_l2_offset -----<<.
max_sector_cnt = 1048257.
 000  5000 sector no = 63.1 > 41.
clustor7, 7.E00  out=5E00.
sector_no=63.
write_offset=24064.5E00.
>>----- get_l1_index 63 4096 512-----.
----- get_l1_index 63 4096 512-----<<.
l1=0.l2=7.
簇地址:20480.5000
引用计数表大小:1
引用计数块大小:2048
 001  6000 sector no = 126.2 > 41.
clustor15, 6.C00  out=6C00.
sector_no=126.
write_offset=27648.6C00.
>>----- get_l1_index 126 4096 512-----.
----- get_l1_index 126 4096 512-----<<.
l1=0.l2=15.
簇地址:24576.6000
引用计数表大小:1
引用计数块大小:2048
 002  7000 sector no = 189.3 > 41.
clustor23, 5.A00  out=7A00.
sector_no=189.
write_offset=31232.7A00.
>>----- get_l1_index 189 4096 512-----.
----- get_l1_index 189 4096 512-----<<.
l1=0.l2=23.
簇地址:28672.7000
引用计数表大小:1
引用计数块大小:2048
 003  8000 sector no = 252.4 > 41.
clustor31, 4.800  out=8800.
sector_no=252.
write_offset=34816.8800.
>>----- get_l1_index 252 4096 512-----.
----- get_l1_index 252 4096 512-----<<.
l1=0.l2=31.
簇地址:32768.8000
引用计数表大小:1
引用计数块大小:2048
 004  9000 sector no = 315.5 > 41.
clustor39, 3.600  out=9600.
sector_no=315.
write_offset=38400.9600.
>>----- get_l1_index 315 4096 512-----.
----- get_l1_index 315 4096 512-----<<.
l1=0.l2=39.
簇地址:36864.9000
引用计数表大小:1
引用计数块大小:2048
 005  A000 sector no = 378.6 > 41.
clustor47, 2.400  out=A400.
sector_no=378.
write_offset=41984.A400.
>>----- get_l1_index 378 4096 512-----.
----- get_l1_index 378 4096 512-----<<.
l1=0.l2=47.
簇地址:40960.A000
引用计数表大小:1
引用计数块大小:2048
 006  B000 sector no = 441.7 > 41.
clustor55, 1.200  out=B200.
sector_no=441.
write_offset=45568.B200.
>>----- get_l1_index 441 4096 512-----.
----- get_l1_index 441 4096 512-----<<.
l1=0.l2=55.
簇地址:45056.B000
引用计数表大小:1
引用计数块大小:2048
 007  C000 sector no = 504.8 > 41.
clustor63, 0.0  out=C000.
sector_no=504.
write_offset=49152.C000.
>>----- get_l1_index 504 4096 512-----.
----- get_l1_index 504 4096 512-----<<.
l1=0.l2=63.
簇地址:49152.C000
引用计数表大小:1
引用计数块大小:2048
 008  D000 sector no = 567.9 > 41.
clustor70, 7.E00  out=DE00.
sector_no=567.
write_offset=56832.DE00.
>>----- get_l1_index 567 4096 512-----.
----- get_l1_index 567 4096 512-----<<.
l1=0.l2=70.
簇地址:53248.D000
引用计数表大小:1
引用计数块大小:2048
 009  E000 sector no = 630.10 > 41.
clustor78, 6.C00  out=EC00.
sector_no=630.
write_offset=60416.EC00.
>>----- get_l1_index 630 4096 512-----.
----- get_l1_index 630 4096 512-----<<.
l1=0.l2=78.
簇地址:57344.E000
引用计数表大小:1
引用计数块大小:2048
 010  F000 sector no = 693.11 > 41.
clustor86, 5.A00  out=FA00.
sector_no=693.
write_offset=64000.FA00.
>>----- get_l1_index 693 4096 512-----.
----- get_l1_index 693 4096 512-----<<.
l1=0.l2=86.
簇地址:61440.F000
引用计数表大小:1
引用计数块大小:2048
 011  10000 sector no = 756.12 > 41.
clustor94, 4.800  out=10800.
sector_no=756.
write_offset=67584.10800.
>>----- get_l1_index 756 4096 512-----.
----- get_l1_index 756 4096 512-----<<.
l1=0.l2=94.
簇地址:65536.10000
引用计数表大小:1
引用计数块大小:2048
 012  11000 sector no = 819.13 > 41.
clustor102, 3.600  out=11600.
sector_no=819.
write_offset=71168.11600.
>>----- get_l1_index 819 4096 512-----.
----- get_l1_index 819 4096 512-----<<.
l1=0.l2=102.
簇地址:69632.11000
引用计数表大小:1
引用计数块大小:2048
 013  12000 sector no = 882.14 > 41.
clustor110, 2.400  out=12400.
sector_no=882.
write_offset=74752.12400.
>>----- get_l1_index 882 4096 512-----.
----- get_l1_index 882 4096 512-----<<.
l1=0.l2=110.
簇地址:73728.12000
引用计数表大小:1
引用计数块大小:2048
 014  13000 sector no = 945.15 > 41.
clustor118, 1.200  out=13200.
sector_no=945.
write_offset=78336.13200.
>>----- get_l1_index 945 4096 512-----.
----- get_l1_index 945 4096 512-----<<.
l1=0.l2=118.
簇地址:77824.13000
引用计数表大小:1
引用计数块大小:2048
 015  14000 sector no = 1008.16 > 41.
clustor126, 0.0  out=14000.
sector_no=1008.
write_offset=81920.14000.
>>----- get_l1_index 1008 4096 512-----.
----- get_l1_index 1008 4096 512-----<<.
l1=0.l2=126.
簇地址:81920.14000
引用计数表大小:1
引用计数块大小:2048
 016  15000 sector no = 1071.17 > 41.
clustor133, 7.E00  out=15E00.
sector_no=1071.
write_offset=89600.15E00.
>>----- get_l1_index 1071 4096 512-----.
----- get_l1_index 1071 4096 512-----<<.
l1=0.l2=133.
簇地址:86016.15000
引用计数表大小:1
引用计数块大小:2048
 017  16000 sector no = 1134.18 > 41.
clustor141, 6.C00  out=16C00.
sector_no=1134.
write_offset=93184.16C00.
>>----- get_l1_index 1134 4096 512-----.
----- get_l1_index 1134 4096 512-----<<.
l1=0.l2=141.
簇地址:90112.16000
引用计数表大小:1
引用计数块大小:2048
 018  17000 sector no = 1197.19 > 41.
clustor149, 5.A00  out=17A00.
sector_no=1197.
write_offset=96768.17A00.
>>----- get_l1_index 1197 4096 512-----.
----- get_l1_index 1197 4096 512-----<<.
l1=0.l2=149.
簇地址:94208.17000
引用计数表大小:1
引用计数块大小:2048
 019  18000 sector no = 1260.20 > 41.
clustor157, 4.800  out=18800.
sector_no=1260.
write_offset=100352.18800.
>>----- get_l1_index 1260 4096 512-----.
----- get_l1_index 1260 4096 512-----<<.
l1=0.l2=157.
簇地址:98304.18000
引用计数表大小:1
引用计数块大小:2048
 020  19000 sector no = 1323.21 > 41.
clustor165, 3.600  out=19600.
sector_no=1323.
write_offset=103936.19600.
>>----- get_l1_index 1323 4096 512-----.
----- get_l1_index 1323 4096 512-----<<.
l1=0.l2=165.
簇地址:102400.19000
引用计数表大小:1
引用计数块大小:2048
 021  1A000 sector no = 1386.22 > 41.
clustor173, 2.400  out=1A400.
sector_no=1386.
write_offset=107520.1A400.
>>----- get_l1_index 1386 4096 512-----.
----- get_l1_index 1386 4096 512-----<<.
l1=0.l2=173.
簇地址:106496.1A000
引用计数表大小:1
引用计数块大小:2048
 022  1B000 sector no = 1449.23 > 41.
clustor181, 1.200  out=1B200.
sector_no=1449.
write_offset=111104.1B200.
>>----- get_l1_index 1449 4096 512-----.
----- get_l1_index 1449 4096 512-----<<.
l1=0.l2=181.
簇地址:110592.1B000
引用计数表大小:1
引用计数块大小:2048
 023  1C000 sector no = 1512.24 > 41.
clustor189, 0.0  out=1C000.
sector_no=1512.
write_offset=114688.1C000.
>>----- get_l1_index 1512 4096 512-----.
----- get_l1_index 1512 4096 512-----<<.
l1=0.l2=189.
簇地址:114688.1C000
引用计数表大小:1
引用计数块大小:2048
 024  1D000 sector no = 1575.25 > 41.
clustor196, 7.E00  out=1DE00.
sector_no=1575.
write_offset=122368.1DE00.
>>----- get_l1_index 1575 4096 512-----.
----- get_l1_index 1575 4096 512-----<<.
l1=0.l2=196.
簇地址:118784.1D000
引用计数表大小:1
引用计数块大小:2048
 025  1E000 sector no = 1638.26 > 41.
clustor204, 6.C00  out=1EC00.
sector_no=1638.
write_offset=125952.1EC00.
>>----- get_l1_index 1638 4096 512-----.
----- get_l1_index 1638 4096 512-----<<.
l1=0.l2=204.
簇地址:122880.1E000
引用计数表大小:1
引用计数块大小:2048
 026  1F000 sector no = 1701.27 > 41.
clustor212, 5.A00  out=1FA00.
sector_no=1701.
write_offset=129536.1FA00.
>>----- get_l1_index 1701 4096 512-----.
----- get_l1_index 1701 4096 512-----<<.
l1=0.l2=212.
簇地址:126976.1F000
引用计数表大小:1
引用计数块大小:2048
 027  20000 sector no = 1764.28 > 41.
clustor220, 4.800  out=20800.
sector_no=1764.
write_offset=133120.20800.
>>----- get_l1_index 1764 4096 512-----.
----- get_l1_index 1764 4096 512-----<<.
l1=0.l2=220.
簇地址:131072.20000
引用计数表大小:1
引用计数块大小:2048
 028  21000 sector no = 1827.29 > 41.
clustor228, 3.600  out=21600.
sector_no=1827.
write_offset=136704.21600.
>>----- get_l1_index 1827 4096 512-----.
----- get_l1_index 1827 4096 512-----<<.
l1=0.l2=228.
簇地址:135168.21000
引用计数表大小:1
引用计数块大小:2048
 029  22000 sector no = 1890.30 > 41.
clustor236, 2.400  out=22400.
sector_no=1890.
write_offset=140288.22400.
>>----- get_l1_index 1890 4096 512-----.
----- get_l1_index 1890 4096 512-----<<.
l1=0.l2=236.
簇地址:139264.22000
引用计数表大小:1
引用计数块大小:2048
 030  23000 sector no = 1953.31 > 41.
clustor244, 1.200  out=23200.
sector_no=1953.
write_offset=143872.23200.
>>----- get_l1_index 1953 4096 512-----.
----- get_l1_index 1953 4096 512-----<<.
l1=0.l2=244.
簇地址:143360.23000
引用计数表大小:1
引用计数块大小:2048
 031  24000 sector no = 2016.32 > 41.
clustor252, 0.0  out=24000.
sector_no=2016.
write_offset=147456.24000.
>>----- get_l1_index 2016 4096 512-----.
----- get_l1_index 2016 4096 512-----<<.
l1=0.l2=252.
簇地址:147456.24000
引用计数表大小:1
引用计数块大小:2048
 032  25000 sector no = 2079.33 > 41.
clustor259, 7.E00  out=25E00.
sector_no=2079.
write_offset=155136.25E00.
>>----- get_l1_index 2079 4096 512-----.
----- get_l1_index 2079 4096 512-----<<.
l1=0.l2=259.
簇地址:151552.25000
引用计数表大小:1
引用计数块大小:2048
 033  26000 sector no = 2142.34 > 41.
clustor267, 6.C00  out=26C00.
sector_no=2142.
write_offset=158720.26C00.
>>----- get_l1_index 2142 4096 512-----.
----- get_l1_index 2142 4096 512-----<<.
l1=0.l2=267.
簇地址:155648.26000
引用计数表大小:1
引用计数块大小:2048
 034  27000 sector no = 2205.35 > 41.
clustor275, 5.A00  out=27A00.
sector_no=2205.
write_offset=162304.27A00.
>>----- get_l1_index 2205 4096 512-----.
----- get_l1_index 2205 4096 512-----<<.
l1=0.l2=275.
簇地址:159744.27000
引用计数表大小:1
引用计数块大小:2048
 035  28000 sector no = 2268.36 > 41.
clustor283, 4.800  out=28800.
sector_no=2268.
write_offset=165888.28800.
>>----- get_l1_index 2268 4096 512-----.
----- get_l1_index 2268 4096 512-----<<.
l1=0.l2=283.
簇地址:163840.28000
引用计数表大小:1
引用计数块大小:2048
 036  29000 sector no = 2331.37 > 41.
clustor291, 3.600  out=29600.
sector_no=2331.
write_offset=169472.29600.
>>----- get_l1_index 2331 4096 512-----.
----- get_l1_index 2331 4096 512-----<<.
l1=0.l2=291.
簇地址:167936.29000
引用计数表大小:1
引用计数块大小:2048
 037  2A000 sector no = 2394.38 > 41.
clustor299, 2.400  out=2A400.
sector_no=2394.
write_offset=173056.2A400.
>>----- get_l1_index 2394 4096 512-----.
----- get_l1_index 2394 4096 512-----<<.
l1=0.l2=299.
簇地址:172032.2A000
引用计数表大小:1
引用计数块大小:2048
 038  2B000 sector no = 2457.39 > 41.
clustor307, 1.200  out=2B200.
sector_no=2457.
write_offset=176640.2B200.
>>----- get_l1_index 2457 4096 512-----.
----- get_l1_index 2457 4096 512-----<<.
l1=0.l2=307.
簇地址:176128.2B000
引用计数表大小:1
引用计数块大小:2048
 039  2C000 sector no = 2520.40 > 41.
clustor315, 0.0  out=2C000.
sector_no=2520.
write_offset=180224.2C000.
>>----- get_l1_index 2520 4096 512-----.
----- get_l1_index 2520 4096 512-----<<.
l1=0.l2=315.
簇地址:180224.2C000
引用计数表大小:1
引用计数块大小:2048
 040  2D000 sector no = 2583.41 > 41.
clustor322, 7.E00  out=2DE00.
sector_no=2583.
write_offset=187904.2DE00.
>>----- get_l1_index 2583 4096 512-----.
----- get_l1_index 2583 4096 512-----<<.
l1=0.l2=322.
簇地址:184320.2D000
引用计数表大小:1
引用计数块大小:2048
 041  2E000 sector no = 2646.42 > 41.

file=C:\Users\DBJ\git\hos\tools\qemu\qemu_img\fdisk\qcow2_524663K_fdisk.qcow2.
partition_type=1.
total_size=536707584.
DOS 3.0+ FAT16.
80 01 00 01 04 0f 0f 3f 63 1048257 511.87MB 
   01 00 01 0f 0f 3f 
mbr:C:\Users\DBJ\git\hos\fat\edqcow2\mbr.bin.
2E000.
sector_no=1.
write_offset=188416.2E000.
>>----- get_l1_index 1 4096 512-----.
----- get_l1_index 1 4096 512-----<<.
l1=0.l2=0.
簇地址:188416.2E000
引用计数表大小:1
引用计数块大小:2048
>>----- print_qcow2_file -----.
HEADER:005318A0.
L1    :006417D0.
RFT   :005378D0.
RFB   :00538CC0.
L2    :00539CD0.

簇大小4096
----- print_qcow2_file -----<<.
>>----- write_header begin -----
QCOW2_MAGIC                  (4) = 0X514649FB,QCOW magic string.
QCOW2_version                (4) = 0X2,Version number (valid values are 2 and 3).
QCOW2_backing_file_offset    (8) = 0X0,Offset into the image file at which the backing file name is stored (NB: The string is not null terminated). 0 if the image doesn't have a backing file.
QCOW2_backing_file_size      (4) = 0X0,Length of the backing file name in bytes. Must not be longer than 1023 bytes. Undefined if the image doesn't have a backing file.
QCOW2_cluster_bits           (4) = 0XC,Number of bits that are used for addressing an offset within a cluster (1 << cluster_bits is the cluster size). Must not be less than 9 (i.e. 512 byte clusters).
QCOW2_size                   (8) = 537254912,0X002005DC00,Virtual disk size in bytes.
                                        十六进制的值有不正确的可能。
QCOW2_crypt_method           (4) = 0X0,0 for no encryption;1 for AES encryption.
QCOW2_l1_size                (4) = 0X101 257,Number of entries in the active L1 table(MAX).
*QCOW2_l1_table_offset       (8) = 0X1000,Offset into the image file at which the active L1 table starts. Must be aligned to a cluster boundary.
*QCOW2_refcount_table_offset (8) = 0X2000,Offset into the image file at which the refcount table starts. Must be aligned to a cluster boundary.
QCOW2_refcount_table_clusters(4) = 0X1,Number of clusters that the refcount table occupies.
QCOW2_nb_snapshots           (4) = 0X0,Number of snapshots contained in the image.
QCOW2_snapshots_offset       (8) = 0X0,Offset into the image file at which the snapshot table starts. Must be aligned to a cluster boundary.
----- write_header end -----<<
table[00000]=18014398509482112, 0X0000000080 
L2 OFFSET:18014398509482112,80.
L2 OFFSET:16384,4000.
L2 size:512.
table[00000]=0000188416, 0X000002E000 table[00007]=0000020480, 0X0000005000 table[00015]=0000024576, 0X0000006000 table[00023]=0000028672, 0X0000007000 table[00031]=0000032768, 0X0000008000 table[00039]=0000036864, 0X0000009000 table[00047]=0000040960, 0X000000A000 table[00055]=0000045056, 0X000000B000 
table[00063]=0000049152, 0X000000C000 table[00070]=0000053248, 0X000000D000 table[00078]=0000057344, 0X000000E000 table[00086]=0000061440, 0X000000F000 table[00094]=0000065536, 0X0000010000 table[00102]=0000069632, 0X0000011000 table[00110]=0000073728, 0X0000012000 table[00118]=0000077824, 0X0000013000 
table[00126]=0000081920, 0X0000014000 table[00133]=0000086016, 0X0000015000 table[00141]=0000090112, 0X0000016000 table[00149]=0000094208, 0X0000017000 table[00157]=0000098304, 0X0000018000 table[00165]=0000102400, 0X0000019000 table[00173]=0000106496, 0X000001A000 table[00181]=0000110592, 0X000001B000 
table[00189]=0000114688, 0X000001C000 table[00196]=0000118784, 0X000001D000 table[00204]=0000122880, 0X000001E000 table[00212]=0000126976, 0X000001F000 table[00220]=0000131072, 0X0000020000 table[00228]=0000135168, 0X0000021000 table[00236]=0000139264, 0X0000022000 table[00244]=0000143360, 0X0000023000 
table[00252]=0000147456, 0X0000024000 table[00259]=0000151552, 0X0000025000 table[00267]=0000155648, 0X0000026000 table[00275]=0000159744, 0X0000027000 table[00283]=0000163840, 0X0000028000 table[00291]=0000167936, 0X0000029000 table[00299]=0000172032, 0X000002A000 table[00307]=0000176128, 0X000002B000 
table[00315]=0000180224, 0X000002C000 table[00322]=0000184320, 0X000002D000 
table[00000]=63052593806442624, 0X0000000080 table[00007]=22517998136852608, 0X0000000080 table[00015]=27021597764223104, 0X0000000080 table[00023]=31525197391593600, 0X0000000080 table[00031]=36028797018964096, 0X0000000080 table[00039]=40532396646334592, 0X0000000080 table[00047]=45035996273705088, 0X0000000080 table[00055]=49539595901075584, 0X0000000080 
table[00063]=54043195528446080, 0X0000000080 table[00070]=58546795155816576, 0X0000000080 table[00078]=63050394783187072, 0X0000000080 table[00086]=67553994410557568, 0X0000000080 table[00094]=1099511627904, 0X0000000080 table[00102]=4504699138998400, 0X0000000080 table[00110]=9008298766368896, 0X0000000080 table[00118]=13511898393739392, 0X0000000080 
table[00126]=18015498021109888, 0X0000000080 table[00133]=22519097648480384, 0X0000000080 table[00141]=27022697275850880, 0X0000000080 table[00149]=31526296903221376, 0X0000000080 table[00157]=36029896530591872, 0X0000000080 table[00165]=40533496157962368, 0X0000000080 table[00173]=45037095785332864, 0X0000000080 table[00181]=49540695412703360, 0X0000000080 
table[00189]=54044295040073856, 0X0000000080 table[00196]=58547894667444352, 0X0000000080 table[00204]=63051494294814848, 0X0000000080 table[00212]=67555093922185344, 0X0000000080 table[00220]=2199023255680, 0X0000000080 table[00228]=4505798650626176, 0X0000000080 table[00236]=9009398277996672, 0X0000000080 table[00244]=13512997905367168, 0X0000000080 
table[00252]=18016597532737664, 0X0000000080 table[00259]=22520197160108160, 0X0000000080 table[00267]=27023796787478656, 0X0000000080 table[00275]=31527396414849152, 0X0000000080 table[00283]=36030996042219648, 0X0000000080 table[00291]=40534595669590144, 0X0000000080 table[00299]=45038195296960640, 0X0000000080 table[00307]=49541794924331136, 0X0000000080 
table[00315]=54045394551701632, 0X0000000080 table[00322]=58548994179072128, 0X0000000080 
引用计数块大小:2048.
pos=188928.
size=3584.
----- create_partition end -----<<
create_partition is normal end.

~~~~~~~~~~~~~~~~~~~~~~~~~~~~~~~~~~ END.
